<?xml version="1.0" encoding="UTF-8"?>
<robot generator="Robot 7.3.2 (Python 3.13.7 on darwin)" generated="2025-09-01T17:07:14.549108" rpa="false" schemaversion="5">
<suite id="s1" name="Tests" source="/Users/wesleylima/Documents/compass-pb/testes automatizados api com robot/tests">
<suite id="s1-s1" name="Create" source="/Users/wesleylima/Documents/compass-pb/testes automatizados api com robot/tests/create">
<suite id="s1-s1-s1" name="Booking" source="/Users/wesleylima/Documents/compass-pb/testes automatizados api com robot/tests/create/booking.robot">
<test id="s1-s1-s1-t1" name="Test Criar Booking" line="28">
<kw name="Set Variable" owner="BuiltIn">
<msg time="2025-09-01T17:07:14.602146" level="INFO">${endpoint} = /booking</msg>
<var>${endpoint}</var>
<arg>/booking</arg>
<doc>Returns the given values which can then be assigned to a variables.</doc>
<status status="PASS" start="2025-09-01T17:07:14.601987" elapsed="0.001346"/>
</kw>
<kw name="Criar booking">
<kw name="Create Dictionary" owner="BuiltIn">
<msg time="2025-09-01T17:07:14.604134" level="INFO">${bookingdate} = {'checkin': '2018-01-01', 'checkout': '2019-01-01'}</msg>
<var>${bookingdate}</var>
<arg>checkin=2018-01-01</arg>
<arg>checkout=2019-01-01</arg>
<doc>Creates and returns a dictionary based on the given ``items``.</doc>
<status status="PASS" start="2025-09-01T17:07:14.604003" elapsed="0.000182"/>
</kw>
<kw name="Create Dictionary" owner="BuiltIn">
<msg time="2025-09-01T17:07:14.604401" level="INFO">${payload} = {'firstname': 'Bruno', 'lastname': 'Calazans', 'totalprice': '18', 'depositpaid': True, 'bookingdates': {'checkin': '2018-01-01', 'checkout': '2019-01-01'}, 'additionalneeds': 'Breakfast'}</msg>
<var>${payload}</var>
<arg>firstname=Bruno</arg>
<arg>lastname=Calazans</arg>
<arg>totalprice=18</arg>
<arg>depositpaid=${True}</arg>
<arg>bookingdates=${bookingdate}</arg>
<arg>additionalneeds=Breakfast</arg>
<doc>Creates and returns a dictionary based on the given ``items``.</doc>
<status status="PASS" start="2025-09-01T17:07:14.604253" elapsed="0.000187"/>
</kw>
<kw name="Create Session" owner="RequestsLibrary">
<msg time="2025-09-01T17:07:14.604635" level="INFO">Creating Session using : alias=booking, url=https://restful-booker.herokuapp.com, headers={'Accept': 'application/json', 'Content-Type': 'application/json'},                     cookies={}, auth=None, timeout=None, proxies=None, verify=False,                     debug=0 </msg>
<arg>booking</arg>
<arg>${BASE_URL}</arg>
<arg>headers=${HEADERS}</arg>
<doc>Create Session: create a HTTP session to a server</doc>
<status status="PASS" start="2025-09-01T17:07:14.604504" elapsed="0.000249"/>
</kw>
<kw name="POST On Session" owner="RequestsLibrary">
<msg time="2025-09-01T17:07:15.266459" level="INFO">POST Request : url=https://restful-booker.herokuapp.com/booking 
 path_url=/booking 
 headers={'User-Agent': 'python-requests/2.32.5', 'Accept-Encoding': 'gzip, deflate', 'Accept': 'application/json', 'Connection': 'keep-alive', 'Content-Type': 'application/json', 'Content-Length': '188'} 
 body=b'{"firstname": "Bruno", "lastname": "Calazans", "totalprice": "18", "depositpaid": true, "bookingdates": {"checkin": "2018-01-01", "checkout": "2019-01-01"}, "additionalneeds": "Breakfast"}' 
 </msg>
<msg time="2025-09-01T17:07:15.267375" level="INFO">POST Response : url=https://restful-booker.herokuapp.com/booking 
 status=200, reason=OK 
 headers={'Content-Length': '201', 'Content-Type': 'application/json; charset=utf-8', 'Date': 'Mon, 01 Sep 2025 20:07:15 GMT', 'Etag': 'W/"c9-jnkiXCCHrApE3IA1Jej94h0aB7A"', 'Nel': '{"report_to":"heroku-nel","response_headers":["Via"],"max_age":3600,"success_fraction":0.01,"failure_fraction":0.1}', 'Report-To': '{"group":"heroku-nel","endpoints":[{"url":"https://nel.heroku.com/reports?s=h30lAahITGFdQt9XCuaDwZPN%2BQxhbRq09Y6oGj6XBaA%3D\\u0026sid=c46efe9b-d3d2-4a0c-8c76-bfafa16c5add\\u0026ts=1756757235"}],"max_age":3600}', 'Reporting-Endpoints': 'heroku-nel="https://nel.heroku.com/reports?s=h30lAahITGFdQt9XCuaDwZPN%2BQxhbRq09Y6oGj6XBaA%3D&amp;sid=c46efe9b-d3d2-4a0c-8c76-bfafa16c5add&amp;ts=1756757235"', 'Server': 'Heroku', 'Via': '1.1 heroku-router', 'X-Powered-By': 'Express'} 
 body={"bookingid":3841,"booking":{"firstname":"Bruno","lastname":"Calazans","totalprice":18,"depositpaid":true,"bookingdates":{"checkin":"2018-01-01","checkout":"2019-01-01"},"additionalneeds":"Breakfast"}} 
 </msg>
<msg time="2025-09-01T17:07:15.267857" level="INFO">/Library/Frameworks/Python.framework/Versions/3.13/lib/python3.13/site-packages/urllib3/connectionpool.py:1097: InsecureRequestWarning: Unverified HTTPS request is being made to host 'restful-booker.herokuapp.com'. Adding certificate verification is strongly advised. See: https://urllib3.readthedocs.io/en/latest/advanced-usage.html#tls-warnings
  warnings.warn(</msg>
<msg time="2025-09-01T17:07:15.268602" level="INFO">${response} = &lt;Response [200]&gt;</msg>
<var>${response}</var>
<arg>booking</arg>
<arg>${endpoint}</arg>
<arg>json=${payload}</arg>
<doc>Sends a POST request on a previously created HTTP Session.</doc>
<status status="PASS" start="2025-09-01T17:07:14.604814" elapsed="0.663996"/>
</kw>
<return>
<value>${response}</value>
<status status="PASS" start="2025-09-01T17:07:15.269126" elapsed="0.000246"/>
</return>
<msg time="2025-09-01T17:07:15.269726" level="INFO">${response} = &lt;Response [200]&gt;</msg>
<var>${response}</var>
<arg>${endpoint}</arg>
<tag>POST</tag>
<status status="PASS" start="2025-09-01T17:07:14.603761" elapsed="0.666077"/>
</kw>
<kw name="Should Be Equal As Integers" owner="BuiltIn">
<msg time="2025-09-01T17:07:15.272037" level="INFO">Argument types are:
&lt;class 'int'&gt;
&lt;class 'str'&gt;</msg>
<arg>${response.status_code}</arg>
<arg>200</arg>
<doc>Fails if objects are unequal after converting them to integers.</doc>
<status status="PASS" start="2025-09-01T17:07:15.270821" elapsed="0.001537"/>
</kw>
<status status="PASS" start="2025-09-01T17:07:14.601430" elapsed="0.671664"/>
</test>
<status status="PASS" start="2025-09-01T17:07:14.558167" elapsed="0.716965"/>
</suite>
<suite id="s1-s1-s2" name="Token" source="/Users/wesleylima/Documents/compass-pb/testes automatizados api com robot/tests/create/token.robot">
<test id="s1-s1-s2-t1" name="Teste criar token" line="6">
<kw name="Set Variable" owner="BuiltIn">
<msg time="2025-09-01T17:07:15.288958" level="INFO">${endpoint} = /auth</msg>
<var>${endpoint}</var>
<arg>/auth</arg>
<doc>Returns the given values which can then be assigned to a variables.</doc>
<status status="PASS" start="2025-09-01T17:07:15.288734" elapsed="0.000894"/>
</kw>
<kw name="Set Variable" owner="BuiltIn">
<msg time="2025-09-01T17:07:15.290065" level="INFO">${username} = admin</msg>
<var>${username}</var>
<arg>admin</arg>
<doc>Returns the given values which can then be assigned to a variables.</doc>
<status status="PASS" start="2025-09-01T17:07:15.289881" elapsed="0.000272"/>
</kw>
<kw name="Set Variable" owner="BuiltIn">
<msg time="2025-09-01T17:07:15.291283" level="INFO">${password} = password123</msg>
<var>${password}</var>
<arg>password123</arg>
<doc>Returns the given values which can then be assigned to a variables.</doc>
<status status="PASS" start="2025-09-01T17:07:15.290562" elapsed="0.000879"/>
</kw>
<kw name="Criar token" owner="get_token">
<kw name="Montar url" owner="api_config">
<kw name="Catenate" owner="BuiltIn">
<msg time="2025-09-01T17:07:15.294079" level="INFO">${url} = https://restful-booker.herokuapp.com/auth</msg>
<var>${url}</var>
<arg>SEPARATOR=</arg>
<arg>${BASE_URL}</arg>
<arg>${endpoint}</arg>
<doc>Catenates the given items together and returns the resulted string.</doc>
<status status="PASS" start="2025-09-01T17:07:15.293430" elapsed="0.001273"/>
</kw>
<return>
<value>${url}</value>
<status status="PASS" start="2025-09-01T17:07:15.294936" elapsed="0.000114"/>
</return>
<msg time="2025-09-01T17:07:15.295488" level="INFO">${url} = https://restful-booker.herokuapp.com/auth</msg>
<var>${url}</var>
<arg>${endpoint}</arg>
<status status="PASS" start="2025-09-01T17:07:15.292841" elapsed="0.002844"/>
</kw>
<kw name="Create Session" owner="RequestsLibrary">
<msg time="2025-09-01T17:07:15.296201" level="INFO">Creating Session using : alias=booking, url=https://restful-booker.herokuapp.com, headers={'Accept': 'application/json', 'Content-Type': 'application/json'},                     cookies={}, auth=None, timeout=None, proxies=None, verify=False,                     debug=0 </msg>
<arg>booking</arg>
<arg>${BASE_URL}</arg>
<arg>headers=${HEADERS}</arg>
<doc>Create Session: create a HTTP session to a server</doc>
<status status="PASS" start="2025-09-01T17:07:15.295882" elapsed="0.000756"/>
</kw>
<kw name="Create Dictionary" owner="BuiltIn">
<msg time="2025-09-01T17:07:15.297083" level="INFO">${payload} = {'username': 'admin', 'password': 'password123'}</msg>
<var>${payload}</var>
<arg>username=${username}</arg>
<arg>password=${password}</arg>
<doc>Creates and returns a dictionary based on the given ``items``.</doc>
<status status="PASS" start="2025-09-01T17:07:15.296787" elapsed="0.000398"/>
</kw>
<kw name="POST On Session" owner="RequestsLibrary">
<msg time="2025-09-01T17:07:15.777799" level="INFO">POST Request : url=https://restful-booker.herokuapp.com/auth 
 path_url=/auth 
 headers={'User-Agent': 'python-requests/2.32.5', 'Accept-Encoding': 'gzip, deflate', 'Accept': 'application/json', 'Connection': 'keep-alive', 'Content-Type': 'application/json', 'Content-Length': '48'} 
 body=b'{"username": "admin", "password": "password123"}' 
 </msg>
<msg time="2025-09-01T17:07:15.778345" level="INFO">POST Response : url=https://restful-booker.herokuapp.com/auth 
 status=200, reason=OK 
 headers={'Content-Length': '27', 'Content-Type': 'application/json; charset=utf-8', 'Date': 'Mon, 01 Sep 2025 20:07:15 GMT', 'Etag': 'W/"1b-s69De3RtYIOfFLtNCp84WWIA7sg"', 'Nel': '{"report_to":"heroku-nel","response_headers":["Via"],"max_age":3600,"success_fraction":0.01,"failure_fraction":0.1}', 'Report-To': '{"group":"heroku-nel","endpoints":[{"url":"https://nel.heroku.com/reports?s=h30lAahITGFdQt9XCuaDwZPN%2BQxhbRq09Y6oGj6XBaA%3D\\u0026sid=c46efe9b-d3d2-4a0c-8c76-bfafa16c5add\\u0026ts=1756757235"}],"max_age":3600}', 'Reporting-Endpoints': 'heroku-nel="https://nel.heroku.com/reports?s=h30lAahITGFdQt9XCuaDwZPN%2BQxhbRq09Y6oGj6XBaA%3D&amp;sid=c46efe9b-d3d2-4a0c-8c76-bfafa16c5add&amp;ts=1756757235"', 'Server': 'Heroku', 'Via': '1.1 heroku-router', 'X-Powered-By': 'Express'} 
 body={"token":"433bfc36e063e83"} 
 </msg>
<msg time="2025-09-01T17:07:15.778680" level="INFO">/Library/Frameworks/Python.framework/Versions/3.13/lib/python3.13/site-packages/urllib3/connectionpool.py:1097: InsecureRequestWarning: Unverified HTTPS request is being made to host 'restful-booker.herokuapp.com'. Adding certificate verification is strongly advised. See: https://urllib3.readthedocs.io/en/latest/advanced-usage.html#tls-warnings
  warnings.warn(</msg>
<msg time="2025-09-01T17:07:15.779525" level="INFO">${response} = &lt;Response [200]&gt;</msg>
<var>${response}</var>
<arg>booking</arg>
<arg>${endpoint}</arg>
<arg>json=${payload}</arg>
<doc>Sends a POST request on a previously created HTTP Session.</doc>
<status status="PASS" start="2025-09-01T17:07:15.297294" elapsed="0.482394"/>
</kw>
<kw name="To Json" owner="RequestsLibrary">
<msg time="2025-09-01T17:07:15.780450" level="WARN">Keyword 'RequestsLibrary.To Json' is deprecated. Please use ${resp.json()} instead. Have a look at the improved HTML output as pretty printing replacement.</msg>
<msg time="2025-09-01T17:07:15.782252" level="INFO">To JSON using : content={"token":"433bfc36e063e83"} </msg>
<msg time="2025-09-01T17:07:15.782504" level="INFO">To JSON using : pretty_print=False </msg>
<msg time="2025-09-01T17:07:15.782653" level="INFO">${json} = {'token': '433bfc36e063e83'}</msg>
<var>${json}</var>
<arg>${response.content}</arg>
<doc>*DEPRECATED* Please use ${resp.json()} instead. Have a look at the improved HTML output as pretty printing replacement.</doc>
<status status="PASS" start="2025-09-01T17:07:15.780090" elapsed="0.003120"/>
</kw>
<kw name="Get From Dictionary" owner="Collections">
<msg time="2025-09-01T17:07:15.785173" level="INFO">${token} = 433bfc36e063e83</msg>
<var>${token}</var>
<arg>${json}</arg>
<arg>token</arg>
<doc>Returns a value from the given ``dictionary`` based on the given ``key``.</doc>
<status status="PASS" start="2025-09-01T17:07:15.783651" elapsed="0.002025"/>
</kw>
<kw name="Set Global Variable" owner="BuiltIn">
<msg time="2025-09-01T17:07:15.786258" level="INFO">${TOKEN} = 433bfc36e063e83</msg>
<arg>${TOKEN}</arg>
<arg>${token}</arg>
<doc>Makes a variable available globally in all tests and suites.</doc>
<status status="PASS" start="2025-09-01T17:07:15.785897" elapsed="0.000606"/>
</kw>
<return>
<value>${TOKEN}</value>
<status status="PASS" start="2025-09-01T17:07:15.786601" elapsed="0.000115"/>
</return>
<arg>${endpoint}</arg>
<arg>${username}</arg>
<arg>${password}</arg>
<status status="PASS" start="2025-09-01T17:07:15.292207" elapsed="0.494671"/>
</kw>
<status status="PASS" start="2025-09-01T17:07:15.288288" elapsed="0.498872"/>
</test>
<status status="PASS" start="2025-09-01T17:07:15.276162" elapsed="0.511616"/>
</suite>
<status status="PASS" start="2025-09-01T17:07:14.557710" elapsed="1.231924"/>
</suite>
<suite id="s1-s2" name="Delete" source="/Users/wesleylima/Documents/compass-pb/testes automatizados api com robot/tests/delete">
<suite id="s1-s2-s1" name="Booking" source="/Users/wesleylima/Documents/compass-pb/testes automatizados api com robot/tests/delete/booking.robot">
<test id="s1-s2-s1-t1" name="Deletar primeiro booking" line="18">
<kw name="Set Variable" owner="BuiltIn">
<msg time="2025-09-01T17:07:15.802653" level="INFO">${endpoint} = /auth</msg>
<var>${endpoint}</var>
<arg>/auth</arg>
<doc>Returns the given values which can then be assigned to a variables.</doc>
<status status="PASS" start="2025-09-01T17:07:15.802474" elapsed="0.000411"/>
</kw>
<kw name="Set Variable" owner="BuiltIn">
<msg time="2025-09-01T17:07:15.803411" level="INFO">${username} = admin</msg>
<var>${username}</var>
<arg>admin</arg>
<doc>Returns the given values which can then be assigned to a variables.</doc>
<status status="PASS" start="2025-09-01T17:07:15.803230" elapsed="0.000251"/>
</kw>
<kw name="Set Variable" owner="BuiltIn">
<msg time="2025-09-01T17:07:15.803775" level="INFO">${password} = password123</msg>
<var>${password}</var>
<arg>password123</arg>
<doc>Returns the given values which can then be assigned to a variables.</doc>
<status status="PASS" start="2025-09-01T17:07:15.803645" elapsed="0.000189"/>
</kw>
<kw name="Criar token" owner="get_token">
<kw name="Montar url" owner="api_config">
<kw name="Catenate" owner="BuiltIn">
<msg time="2025-09-01T17:07:15.804838" level="INFO">${url} = https://restful-booker.herokuapp.com/auth</msg>
<var>${url}</var>
<arg>SEPARATOR=</arg>
<arg>${BASE_URL}</arg>
<arg>${endpoint}</arg>
<doc>Catenates the given items together and returns the resulted string.</doc>
<status status="PASS" start="2025-09-01T17:07:15.804651" elapsed="0.000273"/>
</kw>
<return>
<value>${url}</value>
<status status="PASS" start="2025-09-01T17:07:15.805008" elapsed="0.000072"/>
</return>
<msg time="2025-09-01T17:07:15.805201" level="INFO">${url} = https://restful-booker.herokuapp.com/auth</msg>
<var>${url}</var>
<arg>${endpoint}</arg>
<status status="PASS" start="2025-09-01T17:07:15.804432" elapsed="0.000833"/>
</kw>
<kw name="Create Session" owner="RequestsLibrary">
<msg time="2025-09-01T17:07:15.805929" level="INFO">Creating Session using : alias=booking, url=https://restful-booker.herokuapp.com, headers={'Accept': 'application/json', 'Content-Type': 'application/json'},                     cookies={}, auth=None, timeout=None, proxies=None, verify=False,                     debug=0 </msg>
<arg>booking</arg>
<arg>${BASE_URL}</arg>
<arg>headers=${HEADERS}</arg>
<doc>Create Session: create a HTTP session to a server</doc>
<status status="PASS" start="2025-09-01T17:07:15.805373" elapsed="0.000901"/>
</kw>
<kw name="Create Dictionary" owner="BuiltIn">
<msg time="2025-09-01T17:07:15.806701" level="INFO">${payload} = {'username': 'admin', 'password': 'password123'}</msg>
<var>${payload}</var>
<arg>username=${username}</arg>
<arg>password=${password}</arg>
<doc>Creates and returns a dictionary based on the given ``items``.</doc>
<status status="PASS" start="2025-09-01T17:07:15.806419" elapsed="0.000408"/>
</kw>
<kw name="POST On Session" owner="RequestsLibrary">
<msg time="2025-09-01T17:07:16.299420" level="INFO">POST Request : url=https://restful-booker.herokuapp.com/auth 
 path_url=/auth 
 headers={'User-Agent': 'python-requests/2.32.5', 'Accept-Encoding': 'gzip, deflate', 'Accept': 'application/json', 'Connection': 'keep-alive', 'Content-Type': 'application/json', 'Content-Length': '48'} 
 body=b'{"username": "admin", "password": "password123"}' 
 </msg>
<msg time="2025-09-01T17:07:16.300074" level="INFO">POST Response : url=https://restful-booker.herokuapp.com/auth 
 status=200, reason=OK 
 headers={'Content-Length': '27', 'Content-Type': 'application/json; charset=utf-8', 'Date': 'Mon, 01 Sep 2025 20:07:16 GMT', 'Etag': 'W/"1b-ICxrU6SPg25ISUaXcIrElZarCVQ"', 'Nel': '{"report_to":"heroku-nel","response_headers":["Via"],"max_age":3600,"success_fraction":0.01,"failure_fraction":0.1}', 'Report-To': '{"group":"heroku-nel","endpoints":[{"url":"https://nel.heroku.com/reports?s=i5YL%2BjobOI%2B4hoh6f0OS6tuqjX%2FrxuFEcGo5j85ites%3D\\u0026sid=c46efe9b-d3d2-4a0c-8c76-bfafa16c5add\\u0026ts=1756757236"}],"max_age":3600}', 'Reporting-Endpoints': 'heroku-nel="https://nel.heroku.com/reports?s=i5YL%2BjobOI%2B4hoh6f0OS6tuqjX%2FrxuFEcGo5j85ites%3D&amp;sid=c46efe9b-d3d2-4a0c-8c76-bfafa16c5add&amp;ts=1756757236"', 'Server': 'Heroku', 'Via': '1.1 heroku-router', 'X-Powered-By': 'Express'} 
 body={"token":"8dadf2b7ce00e26"} 
 </msg>
<msg time="2025-09-01T17:07:16.300525" level="INFO">/Library/Frameworks/Python.framework/Versions/3.13/lib/python3.13/site-packages/urllib3/connectionpool.py:1097: InsecureRequestWarning: Unverified HTTPS request is being made to host 'restful-booker.herokuapp.com'. Adding certificate verification is strongly advised. See: https://urllib3.readthedocs.io/en/latest/advanced-usage.html#tls-warnings
  warnings.warn(</msg>
<msg time="2025-09-01T17:07:16.301317" level="INFO">${response} = &lt;Response [200]&gt;</msg>
<var>${response}</var>
<arg>booking</arg>
<arg>${endpoint}</arg>
<arg>json=${payload}</arg>
<doc>Sends a POST request on a previously created HTTP Session.</doc>
<status status="PASS" start="2025-09-01T17:07:15.807082" elapsed="0.494479"/>
</kw>
<kw name="To Json" owner="RequestsLibrary">
<msg time="2025-09-01T17:07:16.302414" level="WARN">Keyword 'RequestsLibrary.To Json' is deprecated. Please use ${resp.json()} instead. Have a look at the improved HTML output as pretty printing replacement.</msg>
<msg time="2025-09-01T17:07:16.304197" level="INFO">To JSON using : content={"token":"8dadf2b7ce00e26"} </msg>
<msg time="2025-09-01T17:07:16.304356" level="INFO">To JSON using : pretty_print=False </msg>
<msg time="2025-09-01T17:07:16.304576" level="INFO">${json} = {'token': '8dadf2b7ce00e26'}</msg>
<var>${json}</var>
<arg>${response.content}</arg>
<doc>*DEPRECATED* Please use ${resp.json()} instead. Have a look at the improved HTML output as pretty printing replacement.</doc>
<status status="PASS" start="2025-09-01T17:07:16.302152" elapsed="0.002585"/>
</kw>
<kw name="Get From Dictionary" owner="Collections">
<msg time="2025-09-01T17:07:16.305504" level="INFO">${token} = 8dadf2b7ce00e26</msg>
<var>${token}</var>
<arg>${json}</arg>
<arg>token</arg>
<doc>Returns a value from the given ``dictionary`` based on the given ``key``.</doc>
<status status="PASS" start="2025-09-01T17:07:16.305147" elapsed="0.000521"/>
</kw>
<kw name="Set Global Variable" owner="BuiltIn">
<msg time="2025-09-01T17:07:16.306300" level="INFO">${TOKEN} = 8dadf2b7ce00e26</msg>
<arg>${TOKEN}</arg>
<arg>${token}</arg>
<doc>Makes a variable available globally in all tests and suites.</doc>
<status status="PASS" start="2025-09-01T17:07:16.305898" elapsed="0.000545"/>
</kw>
<return>
<value>${TOKEN}</value>
<status status="PASS" start="2025-09-01T17:07:16.306565" elapsed="0.000151"/>
</return>
<msg time="2025-09-01T17:07:16.306947" level="INFO">${token} = 8dadf2b7ce00e26</msg>
<var>${token}</var>
<arg>${endpoint}</arg>
<arg>${username}</arg>
<arg>${password}</arg>
<status status="PASS" start="2025-09-01T17:07:15.804086" elapsed="0.502951"/>
</kw>
<kw name="Pegar todos os bookings" owner="get_all_bookings">
<kw name="Create Session" owner="RequestsLibrary">
<msg time="2025-09-01T17:07:16.308804" level="INFO">Creating Session using : alias=booking, url=https://restful-booker.herokuapp.com, headers={'Accept': 'application/json', 'Content-Type': 'application/json'},                     cookies={}, auth=None, timeout=None, proxies=None, verify=False,                     debug=0 </msg>
<arg>booking</arg>
<arg>${BASE_URL}</arg>
<arg>headers=${HEADERS}</arg>
<doc>Create Session: create a HTTP session to a server</doc>
<status status="PASS" start="2025-09-01T17:07:16.308448" elapsed="0.002530"/>
</kw>
<kw name="GET On Session" owner="RequestsLibrary">
<msg time="2025-09-01T17:07:16.981910" level="INFO">GET Request : url=https://restful-booker.herokuapp.com/booking 
 path_url=/booking 
 headers={'User-Agent': 'python-requests/2.32.5', 'Accept-Encoding': 'gzip, deflate', 'Accept': 'application/json', 'Connection': 'keep-alive', 'Content-Type': 'application/json'} 
 body=None 
 </msg>
<msg time="2025-09-01T17:07:16.982861" level="INFO">GET Response : url=https://restful-booker.herokuapp.com/booking 
 status=200, reason=OK 
 headers={'Content-Length': '54239', 'Content-Type': 'application/json; charset=utf-8', 'Date': 'Mon, 01 Sep 2025 20:07:16 GMT', 'Etag': 'W/"d3df-kI/UqkIeMkOF34GuVkdn8FcyHUg"', 'Nel': '{"report_to":"heroku-nel","response_headers":["Via"],"max_age":3600,"success_fraction":0.01,"failure_fraction":0.1}', 'Report-To': '{"group":"heroku-nel","endpoints":[{"url":"https://nel.heroku.com/reports?s=i5YL%2BjobOI%2B4hoh6f0OS6tuqjX%2FrxuFEcGo5j85ites%3D\\u0026sid=c46efe9b-d3d2-4a0c-8c76-bfafa16c5add\\u0026ts=1756757236"}],"max_age":3600}', 'Reporting-Endpoints': 'heroku-nel="https://nel.heroku.com/reports?s=i5YL%2BjobOI%2B4hoh6f0OS6tuqjX%2FrxuFEcGo5j85ites%3D&amp;sid=c46efe9b-d3d2-4a0c-8c76-bfafa16c5add&amp;ts=1756757236"', 'Server': 'Heroku', 'Via': '1.1 heroku-router', 'X-Powered-By': 'Express'} 
 body=[{"bookingid":3710},{"bookingid":3023},{"bookingid":1308},{"bookingid":3026},{"bookingid":2532},{"bookingid":353},{"bookingid":2709},{"bookingid":3458},{"bookingid":2811},{"bookingid":812},{"bookingid":3519},{"bookingid":2972},{"bookingid":79},{"bookingid":731},{"bookingid":368},{"bookingid":779},{"bookingid":2923},{"bookingid":548},{"bookingid":292},{"bookingid":3682},{"bookingid":1363},{"bookingid":1800},{"bookingid":1372},{"bookingid":2241},{"bookingid":3426},{"bookingid":1837},{"bookingid":3823},{"bookingid":1092},{"bookingid":3474},{"bookingid":283},{"bookingid":664},{"bookingid":268},{"bookingid":1638},{"bookingid":1178},{"bookingid":1278},{"bookingid":1802},{"bookingid":2686},{"bookingid":1659},{"bookingid":3058},{"bookingid":2344},{"bookingid":930},{"bookingid":3466},{"bookingid":3088},{"bookingid":2618},{"bookingid":1574},{"bookingid":109},{"bookingid":1643},{"bookingid":1568},{"bookingid":3807},{"bookingid":697},{"bookingid":2222},{"bookingid":3053},{"bookingid":1483},{"bookingid":3367},{"bookingid":3074},{"bookingid":2990},{"bookingid":2943},{"bookingid":377},{"bookingid":3782},{"bookingid":794},{"bookingid":3167},{"bookingid":2486},{"bookingid":1386},{"bookingid":2090},{"bookingid":1478},{"bookingid":1709},{"bookingid":3413},{"bookingid":608},{"bookingid":1132},{"bookingid":3460},{"bookingid":2714},{"bookingid":1098},{"bookingid":1464},{"bookingid":2087},{"bookingid":405},{"bookingid":847},{"bookingid":3184},{"bookingid":3831},{"bookingid":1405},{"bookingid":3378},{"bookingid":3736},{"bookingid":1122},{"bookingid":869},{"bookingid":2478},{"bookingid":122},{"bookingid":398},{"bookingid":3262},{"bookingid":3242},{"bookingid":3592},{"bookingid":216},{"bookingid":3567},{"bookingid":2583},{"bookingid":864},{"bookingid":3675},{"bookingid":2155},{"bookingid":1649},{"bookingid":1669},{"bookingid":2464},{"bookingid":1566},{"bookingid":1400},{"bookingid":2246},{"bookingid":2590},{"bookingid":1344},{"bookingid":1111},{"bookingid":3581},{"bookingid":3379},{"bookingid":2412},{"bookingid":1487},{"bookingid":477},{"bookingid":1706},{"bookingid":1928},{"bookingid":907},{"bookingid":258},{"bookingid":2236},{"bookingid":1353},{"bookingid":2997},{"bookingid":744},{"bookingid":3183},{"bookingid":2474},{"bookingid":412},{"bookingid":3641},{"bookingid":1969},{"bookingid":1670},{"bookingid":1613},{"bookingid":2665},{"bookingid":726},{"bookingid":3301},{"bookingid":3646},{"bookingid":839},{"bookingid":3297},{"bookingid":2429},{"bookingid":2349},{"bookingid":402},{"bookingid":1243},{"bookingid":519},{"bookingid":81},{"bookingid":2060},{"bookingid":1008},{"bookingid":250},{"bookingid":1412},{"bookingid":775},{"bookingid":3041},{"bookingid":2601},{"bookingid":3703},{"bookingid":3305},{"bookingid":1481},{"bookingid":1116},{"bookingid":983},{"bookingid":2765},{"bookingid":929},{"bookingid":1263},{"bookingid":515},{"bookingid":2328},{"bookingid":2522},{"bookingid":1931},{"bookingid":3019},{"bookingid":724},{"bookingid":1331},{"bookingid":300},{"bookingid":829},{"bookingid":3370},{"bookingid":1048},{"bookingid":3467},{"bookingid":2056},{"bookingid":2679},{"bookingid":2854},{"bookingid":35},{"bookingid":1888},{"bookingid":2015},{"bookingid":3483},{"bookingid":2433},{"bookingid":3179},{"bookingid":774},{"bookingid":1607},{"bookingid":3500},{"bookingid":197},{"bookingid":1144},{"bookingid":247},{"bookingid":1443},{"bookingid":3109},{"bookingid":3328},{"bookingid":1486},{"bookingid":801},{"bookingid":69},{"bookingid":909},{"bookingid":918},{"bookingid":133},{"bookingid":206},{"bookingid":3077},{"bookingid":956},{"bookingid":1769},{"bookingid":2188},{"bookingid":1505},{"bookingid":3425},{"bookingid":1244},{"bookingid":3400},{"bookingid":3249},{"bookingid":1663},{"bookingid":1129},{"bookingid":641},{"bookingid":1021},{"bookingid":1534},{"bookingid":1583},{"bookingid":854},{"bookingid":2294},{"bookingid":2306},{"bookingid":252},{"bookingid":453},{"bookingid":434},{"bookingid":23},{"bookingid":2205},{"bookingid":2877},{"bookingid":2500},{"bookingid":3590},{"bookingid":302},{"bookingid":1011},{"bookingid":2386},{"bookingid":2905},{"bookingid":2468},{"bookingid":1193},{"bookingid":541},{"bookingid":2655},{"bookingid":3424},{"bookingid":667},{"bookingid":254},{"bookingid":2093},{"bookingid":3800},{"bookingid":1005},{"bookingid":470},{"bookingid":748},{"bookingid":3697},{"bookingid":514},{"bookingid":3625},{"bookingid":2954},{"bookingid":1173},{"bookingid":2135},{"bookingid":148},{"bookingid":2552},{"bookingid":2852},{"bookingid":70},{"bookingid":3035},{"bookingid":750},{"bookingid":12},{"bookingid":1377},{"bookingid":870},{"bookingid":366},{"bookingid":542},{"bookingid":1577},{"bookingid":826},{"bookingid":2887},{"bookingid":1705},{"bookingid":3149},{"bookingid":1687},{"bookingid":3672},{"bookingid":632},{"bookingid":308},{"bookingid":1523},{"bookingid":1117},{"bookingid":1550},{"bookingid":2477},{"bookingid":3039},{"bookingid":2484},{"bookingid":2749},{"bookingid":3147},{"bookingid":3709},{"bookingid":2949},{"bookingid":225},{"bookingid":662},{"bookingid":1861},{"bookingid":3241},{"bookingid":49},{"bookingid":3497},{"bookingid":2982},{"bookingid":2063},{"bookingid":3808},{"bookingid":1629},{"bookingid":3718},{"bookingid":2151},{"bookingid":3604},{"bookingid":809},{"bookingid":2697},{"bookingid":811},{"bookingid":3350},{"bookingid":54},{"bookingid":3084},{"bookingid":3601},{"bookingid":2896},{"bookingid":1463},{"bookingid":2666},{"bookingid":791},{"bookingid":925},{"bookingid":3722},{"bookingid":710},{"bookingid":934},{"bookingid":2414},{"bookingid":1558},{"bookingid":1023},{"bookingid":75},{"bookingid":1162},{"bookingid":1145},{"bookingid":2147},{"bookingid":1903},{"bookingid":781},{"bookingid":1369},{"bookingid":876},{"bookingid":2183},{"bookingid":1514},{"bookingid":313},{"bookingid":762},{"bookingid":1366},{"bookingid":3522},{"bookingid":1938},{"bookingid":2150},{"bookingid":3386},{"bookingid":1271},{"bookingid":1016},{"bookingid":2008},{"bookingid":2743},{"bookingid":443},{"bookingid":1059},{"bookingid":698},{"bookingid":1297},{"bookingid":3582},{"bookingid":1359},{"bookingid":1675},{"bookingid":3787},{"bookingid":1765},{"bookingid":2272},{"bookingid":3790},{"bookingid":1282},{"bookingid":3327},{"bookingid":1181},{"bookingid":232},{"bookingid":3090},{"bookingid":1494},{"bookingid":2284},{"bookingid":3295},{"bookingid":126},{"bookingid":1665},{"bookingid":2123},{"bookingid":2546},{"bookingid":2285},{"bookingid":1029},{"bookingid":3243},{"bookingid":1637},{"bookingid":788},{"bookingid":3792},{"bookingid":1585},{"bookingid":2291},{"bookingid":2859},{"bookingid":3228},{"bookingid":3732},{"bookingid":1085},{"bookingid":2198},{"bookingid":2938},{"bookingid":950},{"bookingid":1743},{"bookingid":1103},{"bookingid":2180},{"bookingid":1521},{"bookingid":1393},{"bookingid":3286},{"bookingid":693},{"bookingid":1741},{"bookingid":3150},{"bookingid":3502},{"bookingid":905},{"bookingid":692},{"bookingid":372},{"bookingid":2299},{"bookingid":878},{"bookingid":1518},{"bookingid":1520},{"bookingid":435},{"bookingid":1547},{"bookingid":444},{"bookingid":2685},{"bookingid":2303},{"bookingid":1264},{"bookingid":607},{"bookingid":601},{"bookingid":1042},{"bookingid":2298},{"bookingid":1489},{"bookingid":1340},{"bookingid":628},{"bookingid":342},{"bookingid":1383},{"bookingid":2677},{"bookingid":466},{"bookingid":3293},{"bookingid":2108},{"bookingid":1423},{"bookingid":549},{"bookingid":2483},{"bookingid":370},{"bookingid":3211},{"bookingid":1653},{"bookingid":1239},{"bookingid":780},{"bookingid":2580},{"bookingid":2831},{"bookingid":3610},{"bookingid":3674},{"bookingid":3279},{"bookingid":484},{"bookingid":948},{"bookingid":3171},{"bookingid":2861},{"bookingid":932},{"bookingid":830},{"bookingid":34},{"bookingid":1634},{"bookingid":436},{"bookingid":1303},{"bookingid":898},{"bookingid":958},{"bookingid":1160},{"bookingid":1472},{"bookingid":1593},{"bookingid":2836},{"bookingid":716},{"bookingid":635},{"bookingid":1106},{"bookingid":3078},{"bookingid":2727},{"bookingid":2735},{"bookingid":1214},{"bookingid":212},{"bookingid":2853},{"bookingid":209},{"bookingid":3369},{"bookingid":2240},{"bookingid":2143},{"bookingid":2661},{"bookingid":3649},{"bookingid":143},{"bookingid":355},{"bookingid":3607},{"bookingid":1327},{"bookingid":20},{"bookingid":2117},{"bookingid":365},{"bookingid":2324},{"bookingid":1698},{"bookingid":1533},{"bookingid":3063},{"bookingid":3768},{"bookingid":333},{"bookingid":1838},{"bookingid":36},{"bookingid":2606},{"bookingid":362},{"bookingid":3000},{"bookingid":1828},{"bookingid":1131},{"bookingid":3746},{"bookingid":1495},{"bookingid":679},{"bookingid":3427},{"bookingid":2490},{"bookingid":1942},{"bookingid":2940},{"bookingid":2680},{"bookingid":650},{"bookingid":1000},{"bookingid":702},{"bookingid":1007},{"bookingid":1391},{"bookingid":1426},{"bookingid":3686},{"bookingid":2600},{"bookingid":2041},{"bookingid":1664},{"bookingid":1328},{"bookingid":2792},{"bookingid":1068},{"bookingid":3180},{"bookingid":1321},{"bookingid":644},{"bookingid":2957},{"bookingid":1436},{"bookingid":1229},{"bookingid":1474},{"bookingid":968},{"bookingid":1652},{"bookingid":1208},{"bookingid":1821},{"bookingid":1375},{"bookingid":1945},{"bookingid":1110},{"bookingid":3042},{"bookingid":2947},{"bookingid":2721},{"bookingid":3011},{"bookingid":574},{"bookingid":3745},{"bookingid":1255},{"bookingid":2134},{"bookingid":1561},{"bookingid":1963},{"bookingid":1932},{"bookingid":55},{"bookingid":158},{"bookingid":3618},{"bookingid":2627},{"bookingid":3488},{"bookingid":3132},{"bookingid":1133},{"bookingid":3620},{"bookingid":2356},{"bookingid":1595},{"bookingid":2889},{"bookingid":2449},{"bookingid":3096},{"bookingid":2891},{"bookingid":3555},{"bookingid":3388},{"bookingid":1049},{"bookingid":2167},{"bookingid":1511},{"bookingid":3566},{"bookingid":872},{"bookingid":26},{"bookingid":564},{"bookingid":1148},{"bookingid":571},{"bookingid":3521},{"bookingid":1567},{"bookingid":2235},{"bookingid":145},{"bookingid":3717},{"bookingid":1776},{"bookingid":61},{"bookingid":1... (set the log level to DEBUG or TRACE to see the full content) 
 </msg>
<msg time="2025-09-01T17:07:16.984131" level="INFO">/Library/Frameworks/Python.framework/Versions/3.13/lib/python3.13/site-packages/urllib3/connectionpool.py:1097: InsecureRequestWarning: Unverified HTTPS request is being made to host 'restful-booker.herokuapp.com'. Adding certificate verification is strongly advised. See: https://urllib3.readthedocs.io/en/latest/advanced-usage.html#tls-warnings
  warnings.warn(</msg>
<msg time="2025-09-01T17:07:16.984819" level="INFO">${response} = &lt;Response [200]&gt;</msg>
<var>${response}</var>
<arg>booking</arg>
<arg>${endpoint}</arg>
<doc>Sends a GET request on a previously created HTTP Session.</doc>
<status status="PASS" start="2025-09-01T17:07:16.311326" elapsed="0.673755"/>
</kw>
<return>
<value>${response}</value>
<status status="PASS" start="2025-09-01T17:07:16.985426" elapsed="0.000222"/>
</return>
<msg time="2025-09-01T17:07:16.985962" level="INFO">${all_bookings} = &lt;Response [200]&gt;</msg>
<var>${all_bookings}</var>
<arg>/booking</arg>
<status status="PASS" start="2025-09-01T17:07:16.307973" elapsed="0.678113"/>
</kw>
<kw name="Get From List" owner="Collections">
<msg time="2025-09-01T17:07:16.991391" level="INFO">${first_booking} = {'bookingid': 3710}</msg>
<var>${first_booking}</var>
<arg>${all_bookings.json()}</arg>
<arg>0</arg>
<doc>Returns the value specified with an ``index`` from ``list``.</doc>
<status status="PASS" start="2025-09-01T17:07:16.986619" elapsed="0.004972"/>
</kw>
<kw name="Set Variable" owner="BuiltIn">
<msg time="2025-09-01T17:07:16.993154" level="INFO">${booking_id} = 3710</msg>
<var>${booking_id}</var>
<arg>${first_booking['bookingid']}</arg>
<doc>Returns the given values which can then be assigned to a variables.</doc>
<status status="PASS" start="2025-09-01T17:07:16.992169" elapsed="0.001111"/>
</kw>
<kw name="Deletar booking">
<kw name="Set Variable" owner="BuiltIn">
<msg time="2025-09-01T17:07:16.995078" level="INFO">${endpoint} = /booking/3710</msg>
<var>${endpoint}</var>
<arg>/booking/${booking_id}</arg>
<doc>Returns the given values which can then be assigned to a variables.</doc>
<status status="PASS" start="2025-09-01T17:07:16.994829" elapsed="0.000408"/>
</kw>
<kw name="Montar url" owner="api_config">
<kw name="Catenate" owner="BuiltIn">
<msg time="2025-09-01T17:07:16.996223" level="INFO">${url} = https://restful-booker.herokuapp.com/booking/3710</msg>
<var>${url}</var>
<arg>SEPARATOR=</arg>
<arg>${BASE_URL}</arg>
<arg>${endpoint}</arg>
<doc>Catenates the given items together and returns the resulted string.</doc>
<status status="PASS" start="2025-09-01T17:07:16.995957" elapsed="0.000408"/>
</kw>
<return>
<value>${url}</value>
<status status="PASS" start="2025-09-01T17:07:16.996575" elapsed="0.000284"/>
</return>
<msg time="2025-09-01T17:07:16.997066" level="INFO">${url} = https://restful-booker.herokuapp.com/booking/3710</msg>
<var>${url}</var>
<arg>${endpoint}</arg>
<status status="PASS" start="2025-09-01T17:07:16.995472" elapsed="0.001679"/>
</kw>
<kw name="Montar headers com cookie" owner="api_config">
<kw name="Create Dictionary" owner="BuiltIn">
<msg time="2025-09-01T17:07:16.997983" level="INFO">${headers} = {'Accept': 'application/json', 'Content-Type': 'application/json', 'Cookie': 'token=8dadf2b7ce00e26'}</msg>
<var>${headers}</var>
<arg>&amp;{HEADERS}</arg>
<arg>Cookie=token=${token}</arg>
<doc>Creates and returns a dictionary based on the given ``items``.</doc>
<status status="PASS" start="2025-09-01T17:07:16.997639" elapsed="0.000431"/>
</kw>
<return>
<value>${headers}</value>
<status status="PASS" start="2025-09-01T17:07:16.998697" elapsed="0.000163"/>
</return>
<msg time="2025-09-01T17:07:16.999214" level="INFO">${headers} = {'Accept': 'application/json', 'Content-Type': 'application/json', 'Cookie': 'token=8dadf2b7ce00e26'}</msg>
<var>${headers}</var>
<arg>${token}</arg>
<status status="PASS" start="2025-09-01T17:07:16.997329" elapsed="0.002017"/>
</kw>
<kw name="DELETE" owner="RequestsLibrary">
<msg time="2025-09-01T17:07:17.512486" level="INFO">DELETE Request : url=https://restful-booker.herokuapp.com/booking/3710 
 path_url=/booking/3710 
 headers={'User-Agent': 'python-requests/2.32.5', 'Accept-Encoding': 'gzip, deflate', 'Accept': 'application/json', 'Connection': 'keep-alive', 'Content-Type': 'application/json', 'Cookie': 'token=8dadf2b7ce00e26', 'Content-Length': '0'} 
 body=None 
 </msg>
<msg time="2025-09-01T17:07:17.513037" level="INFO">DELETE Response : url=https://restful-booker.herokuapp.com/booking/3710 
 status=201, reason=Created 
 headers={'Content-Length': '7', 'Content-Type': 'text/plain; charset=utf-8', 'Date': 'Mon, 01 Sep 2025 20:07:17 GMT', 'Etag': 'W/"7-rM9AyJuqT6iOan/xHh+AW+7K/T8"', 'Nel': '{"report_to":"heroku-nel","response_headers":["Via"],"max_age":3600,"success_fraction":0.01,"failure_fraction":0.1}', 'Report-To': '{"group":"heroku-nel","endpoints":[{"url":"https://nel.heroku.com/reports?s=dX03kzQjvZdE9oAdAu%2Be21898LA1mDUupqacI8JmiM4%3D\\u0026sid=c46efe9b-d3d2-4a0c-8c76-bfafa16c5add\\u0026ts=1756757237"}],"max_age":3600}', 'Reporting-Endpoints': 'heroku-nel="https://nel.heroku.com/reports?s=dX03kzQjvZdE9oAdAu%2Be21898LA1mDUupqacI8JmiM4%3D&amp;sid=c46efe9b-d3d2-4a0c-8c76-bfafa16c5add&amp;ts=1756757237"', 'Server': 'Heroku', 'Via': '1.1 heroku-router', 'X-Powered-By': 'Express'} 
 body=Created 
 </msg>
<msg time="2025-09-01T17:07:17.513531" level="INFO">${response} = &lt;Response [201]&gt;</msg>
<var>${response}</var>
<arg>${url}</arg>
<arg>headers=${headers}</arg>
<doc>Sends a DELETE request.</doc>
<status status="PASS" start="2025-09-01T17:07:16.999545" elapsed="0.514426"/>
</kw>
<return>
<value>${response}</value>
<status status="PASS" start="2025-09-01T17:07:17.514330" elapsed="0.000234"/>
</return>
<msg time="2025-09-01T17:07:17.514976" level="INFO">${response} = &lt;Response [201]&gt;</msg>
<var>${response}</var>
<arg>${booking_id}</arg>
<arg>${token}</arg>
<status status="PASS" start="2025-09-01T17:07:16.994308" elapsed="0.520795"/>
</kw>
<kw name="Should Be Equal As Integers" owner="BuiltIn">
<msg time="2025-09-01T17:07:17.516552" level="INFO">Argument types are:
&lt;class 'int'&gt;
&lt;class 'str'&gt;</msg>
<arg>${response.status_code}</arg>
<arg>201</arg>
<doc>Fails if objects are unequal after converting them to integers.</doc>
<status status="PASS" start="2025-09-01T17:07:17.515613" elapsed="0.001119"/>
</kw>
<status status="PASS" start="2025-09-01T17:07:15.802119" elapsed="1.715150"/>
</test>
<status status="PASS" start="2025-09-01T17:07:15.794182" elapsed="1.725508"/>
</suite>
<status status="PASS" start="2025-09-01T17:07:15.790171" elapsed="1.737806"/>
</suite>
<suite id="s1-s3" name="Get" source="/Users/wesleylima/Documents/compass-pb/testes automatizados api com robot/tests/get">
<suite id="s1-s3-s1" name="All Booking" source="/Users/wesleylima/Documents/compass-pb/testes automatizados api com robot/tests/get/all_booking.robot">
<test id="s1-s3-s1-t1" name="Teste pegar todos os bookings" line="5">
<kw name="Set Variable" owner="BuiltIn">
<msg time="2025-09-01T17:07:17.535349" level="INFO">${endpoint} = /booking</msg>
<var>${endpoint}</var>
<arg>/booking</arg>
<doc>Returns the given values which can then be assigned to a variables.</doc>
<status status="PASS" start="2025-09-01T17:07:17.535052" elapsed="0.000787"/>
</kw>
<kw name="Pegar todos os bookings" owner="get_all_bookings">
<kw name="Create Session" owner="RequestsLibrary">
<msg time="2025-09-01T17:07:17.537095" level="INFO">Creating Session using : alias=booking, url=https://restful-booker.herokuapp.com, headers={'Accept': 'application/json', 'Content-Type': 'application/json'},                     cookies={}, auth=None, timeout=None, proxies=None, verify=False,                     debug=0 </msg>
<arg>booking</arg>
<arg>${BASE_URL}</arg>
<arg>headers=${HEADERS}</arg>
<doc>Create Session: create a HTTP session to a server</doc>
<status status="PASS" start="2025-09-01T17:07:17.536874" elapsed="0.000412"/>
</kw>
<kw name="GET On Session" owner="RequestsLibrary">
<msg time="2025-09-01T17:07:18.199866" level="INFO">GET Request : url=https://restful-booker.herokuapp.com/booking 
 path_url=/booking 
 headers={'User-Agent': 'python-requests/2.32.5', 'Accept-Encoding': 'gzip, deflate', 'Accept': 'application/json', 'Connection': 'keep-alive', 'Content-Type': 'application/json'} 
 body=None 
 </msg>
<msg time="2025-09-01T17:07:18.200940" level="INFO">GET Response : url=https://restful-booker.herokuapp.com/booking 
 status=200, reason=OK 
 headers={'Content-Length': '54353', 'Content-Type': 'application/json; charset=utf-8', 'Date': 'Mon, 01 Sep 2025 20:07:18 GMT', 'Etag': 'W/"d451-Y4dODMhvFP4JTAISeBXSLgZdsQI"', 'Nel': '{"report_to":"heroku-nel","response_headers":["Via"],"max_age":3600,"success_fraction":0.01,"failure_fraction":0.1}', 'Report-To': '{"group":"heroku-nel","endpoints":[{"url":"https://nel.heroku.com/reports?s=wM8cE2wojUA5VF4UbDYwjezVpg0KQ%2Bv7pZ%2BlAhfHsBE%3D\\u0026sid=c46efe9b-d3d2-4a0c-8c76-bfafa16c5add\\u0026ts=1756757238"}],"max_age":3600}', 'Reporting-Endpoints': 'heroku-nel="https://nel.heroku.com/reports?s=wM8cE2wojUA5VF4UbDYwjezVpg0KQ%2Bv7pZ%2BlAhfHsBE%3D&amp;sid=c46efe9b-d3d2-4a0c-8c76-bfafa16c5add&amp;ts=1756757238"', 'Server': 'Heroku', 'Via': '1.1 heroku-router', 'X-Powered-By': 'Express'} 
 body=[{"bookingid":3023},{"bookingid":1308},{"bookingid":3026},{"bookingid":2532},{"bookingid":353},{"bookingid":2709},{"bookingid":3458},{"bookingid":2811},{"bookingid":812},{"bookingid":3519},{"bookingid":2972},{"bookingid":3850},{"bookingid":79},{"bookingid":731},{"bookingid":368},{"bookingid":779},{"bookingid":2923},{"bookingid":548},{"bookingid":292},{"bookingid":3682},{"bookingid":1363},{"bookingid":1800},{"bookingid":1372},{"bookingid":2241},{"bookingid":3426},{"bookingid":1837},{"bookingid":3823},{"bookingid":1092},{"bookingid":3474},{"bookingid":283},{"bookingid":664},{"bookingid":268},{"bookingid":1638},{"bookingid":1178},{"bookingid":1278},{"bookingid":1802},{"bookingid":2686},{"bookingid":1659},{"bookingid":3058},{"bookingid":2344},{"bookingid":930},{"bookingid":3466},{"bookingid":3088},{"bookingid":2618},{"bookingid":1574},{"bookingid":109},{"bookingid":1643},{"bookingid":1568},{"bookingid":3807},{"bookingid":697},{"bookingid":2222},{"bookingid":3053},{"bookingid":1483},{"bookingid":3367},{"bookingid":3074},{"bookingid":2990},{"bookingid":2943},{"bookingid":377},{"bookingid":3782},{"bookingid":794},{"bookingid":3167},{"bookingid":2486},{"bookingid":1386},{"bookingid":2090},{"bookingid":1478},{"bookingid":1709},{"bookingid":3413},{"bookingid":608},{"bookingid":1132},{"bookingid":3460},{"bookingid":2714},{"bookingid":1098},{"bookingid":1464},{"bookingid":2087},{"bookingid":405},{"bookingid":847},{"bookingid":3184},{"bookingid":3831},{"bookingid":1405},{"bookingid":3378},{"bookingid":3736},{"bookingid":1122},{"bookingid":869},{"bookingid":2478},{"bookingid":122},{"bookingid":398},{"bookingid":3262},{"bookingid":3242},{"bookingid":3592},{"bookingid":216},{"bookingid":3567},{"bookingid":2583},{"bookingid":864},{"bookingid":3675},{"bookingid":2155},{"bookingid":1649},{"bookingid":1669},{"bookingid":2464},{"bookingid":1566},{"bookingid":1400},{"bookingid":2246},{"bookingid":2590},{"bookingid":1344},{"bookingid":1111},{"bookingid":3581},{"bookingid":3379},{"bookingid":2412},{"bookingid":1487},{"bookingid":477},{"bookingid":1706},{"bookingid":1928},{"bookingid":907},{"bookingid":258},{"bookingid":2236},{"bookingid":1353},{"bookingid":2997},{"bookingid":744},{"bookingid":3183},{"bookingid":2474},{"bookingid":412},{"bookingid":3641},{"bookingid":1969},{"bookingid":1670},{"bookingid":1613},{"bookingid":2665},{"bookingid":726},{"bookingid":3301},{"bookingid":3646},{"bookingid":839},{"bookingid":3297},{"bookingid":2429},{"bookingid":2349},{"bookingid":402},{"bookingid":1243},{"bookingid":519},{"bookingid":81},{"bookingid":2060},{"bookingid":1008},{"bookingid":250},{"bookingid":1412},{"bookingid":775},{"bookingid":3041},{"bookingid":2601},{"bookingid":3703},{"bookingid":3305},{"bookingid":1481},{"bookingid":1116},{"bookingid":983},{"bookingid":2765},{"bookingid":929},{"bookingid":1263},{"bookingid":515},{"bookingid":2328},{"bookingid":2522},{"bookingid":1931},{"bookingid":3019},{"bookingid":724},{"bookingid":1331},{"bookingid":300},{"bookingid":829},{"bookingid":3370},{"bookingid":1048},{"bookingid":3467},{"bookingid":2056},{"bookingid":2679},{"bookingid":2854},{"bookingid":35},{"bookingid":1888},{"bookingid":2015},{"bookingid":3483},{"bookingid":2433},{"bookingid":3179},{"bookingid":774},{"bookingid":1607},{"bookingid":3500},{"bookingid":197},{"bookingid":1144},{"bookingid":247},{"bookingid":1443},{"bookingid":3109},{"bookingid":3328},{"bookingid":1486},{"bookingid":801},{"bookingid":69},{"bookingid":909},{"bookingid":918},{"bookingid":133},{"bookingid":206},{"bookingid":3077},{"bookingid":956},{"bookingid":1769},{"bookingid":2188},{"bookingid":1505},{"bookingid":3425},{"bookingid":1244},{"bookingid":3400},{"bookingid":3249},{"bookingid":1663},{"bookingid":1129},{"bookingid":641},{"bookingid":1021},{"bookingid":1534},{"bookingid":1583},{"bookingid":854},{"bookingid":2294},{"bookingid":2306},{"bookingid":252},{"bookingid":453},{"bookingid":434},{"bookingid":23},{"bookingid":2205},{"bookingid":2877},{"bookingid":2500},{"bookingid":3590},{"bookingid":302},{"bookingid":1011},{"bookingid":2386},{"bookingid":2905},{"bookingid":2468},{"bookingid":1193},{"bookingid":541},{"bookingid":2655},{"bookingid":3424},{"bookingid":667},{"bookingid":254},{"bookingid":2093},{"bookingid":3800},{"bookingid":1005},{"bookingid":470},{"bookingid":748},{"bookingid":3697},{"bookingid":514},{"bookingid":3625},{"bookingid":2954},{"bookingid":1173},{"bookingid":2135},{"bookingid":148},{"bookingid":2552},{"bookingid":2852},{"bookingid":70},{"bookingid":3035},{"bookingid":750},{"bookingid":12},{"bookingid":1377},{"bookingid":870},{"bookingid":366},{"bookingid":542},{"bookingid":1577},{"bookingid":826},{"bookingid":2887},{"bookingid":1705},{"bookingid":3149},{"bookingid":1687},{"bookingid":3672},{"bookingid":632},{"bookingid":308},{"bookingid":1523},{"bookingid":1117},{"bookingid":1550},{"bookingid":2477},{"bookingid":3039},{"bookingid":2484},{"bookingid":2749},{"bookingid":3147},{"bookingid":3709},{"bookingid":2949},{"bookingid":225},{"bookingid":662},{"bookingid":1861},{"bookingid":3241},{"bookingid":49},{"bookingid":3497},{"bookingid":2982},{"bookingid":2063},{"bookingid":3808},{"bookingid":1629},{"bookingid":3718},{"bookingid":2151},{"bookingid":3604},{"bookingid":809},{"bookingid":2697},{"bookingid":811},{"bookingid":3350},{"bookingid":54},{"bookingid":3084},{"bookingid":3601},{"bookingid":2896},{"bookingid":1463},{"bookingid":2666},{"bookingid":791},{"bookingid":925},{"bookingid":3722},{"bookingid":710},{"bookingid":934},{"bookingid":2414},{"bookingid":1558},{"bookingid":1023},{"bookingid":75},{"bookingid":1162},{"bookingid":1145},{"bookingid":2147},{"bookingid":1903},{"bookingid":781},{"bookingid":1369},{"bookingid":876},{"bookingid":2183},{"bookingid":1514},{"bookingid":313},{"bookingid":762},{"bookingid":1366},{"bookingid":3522},{"bookingid":1938},{"bookingid":2150},{"bookingid":3386},{"bookingid":1271},{"bookingid":1016},{"bookingid":2008},{"bookingid":2743},{"bookingid":443},{"bookingid":1059},{"bookingid":698},{"bookingid":1297},{"bookingid":3582},{"bookingid":1359},{"bookingid":1675},{"bookingid":3787},{"bookingid":1765},{"bookingid":2272},{"bookingid":3790},{"bookingid":1282},{"bookingid":3327},{"bookingid":1181},{"bookingid":232},{"bookingid":3090},{"bookingid":1494},{"bookingid":3852},{"bookingid":2284},{"bookingid":3295},{"bookingid":126},{"bookingid":1665},{"bookingid":2123},{"bookingid":2546},{"bookingid":2285},{"bookingid":1029},{"bookingid":3243},{"bookingid":1637},{"bookingid":788},{"bookingid":3792},{"bookingid":1585},{"bookingid":2291},{"bookingid":2859},{"bookingid":3228},{"bookingid":3732},{"bookingid":1085},{"bookingid":2198},{"bookingid":2938},{"bookingid":950},{"bookingid":1743},{"bookingid":1103},{"bookingid":2180},{"bookingid":1521},{"bookingid":1393},{"bookingid":3286},{"bookingid":693},{"bookingid":1741},{"bookingid":3150},{"bookingid":3502},{"bookingid":905},{"bookingid":692},{"bookingid":372},{"bookingid":2299},{"bookingid":878},{"bookingid":1518},{"bookingid":1520},{"bookingid":435},{"bookingid":1547},{"bookingid":444},{"bookingid":2685},{"bookingid":2303},{"bookingid":1264},{"bookingid":607},{"bookingid":601},{"bookingid":1042},{"bookingid":2298},{"bookingid":1489},{"bookingid":1340},{"bookingid":628},{"bookingid":342},{"bookingid":1383},{"bookingid":2677},{"bookingid":466},{"bookingid":3293},{"bookingid":2108},{"bookingid":1423},{"bookingid":549},{"bookingid":2483},{"bookingid":370},{"bookingid":3211},{"bookingid":1653},{"bookingid":1239},{"bookingid":780},{"bookingid":2580},{"bookingid":2831},{"bookingid":3610},{"bookingid":3674},{"bookingid":3279},{"bookingid":484},{"bookingid":948},{"bookingid":3171},{"bookingid":2861},{"bookingid":932},{"bookingid":830},{"bookingid":34},{"bookingid":1634},{"bookingid":436},{"bookingid":1303},{"bookingid":898},{"bookingid":958},{"bookingid":1160},{"bookingid":1472},{"bookingid":1593},{"bookingid":2836},{"bookingid":716},{"bookingid":635},{"bookingid":1106},{"bookingid":3078},{"bookingid":2727},{"bookingid":2735},{"bookingid":1214},{"bookingid":212},{"bookingid":2853},{"bookingid":209},{"bookingid":3369},{"bookingid":2240},{"bookingid":2143},{"bookingid":2661},{"bookingid":3649},{"bookingid":143},{"bookingid":355},{"bookingid":3607},{"bookingid":1327},{"bookingid":20},{"bookingid":2117},{"bookingid":365},{"bookingid":2324},{"bookingid":1698},{"bookingid":1533},{"bookingid":3063},{"bookingid":3768},{"bookingid":333},{"bookingid":1838},{"bookingid":36},{"bookingid":2606},{"bookingid":362},{"bookingid":3000},{"bookingid":1828},{"bookingid":1131},{"bookingid":3746},{"bookingid":1495},{"bookingid":679},{"bookingid":3427},{"bookingid":2490},{"bookingid":1942},{"bookingid":2940},{"bookingid":2680},{"bookingid":650},{"bookingid":1000},{"bookingid":702},{"bookingid":1007},{"bookingid":1391},{"bookingid":1426},{"bookingid":3686},{"bookingid":2600},{"bookingid":2041},{"bookingid":1664},{"bookingid":1328},{"bookingid":2792},{"bookingid":1068},{"bookingid":3180},{"bookingid":1321},{"bookingid":644},{"bookingid":2957},{"bookingid":1436},{"bookingid":1229},{"bookingid":1474},{"bookingid":968},{"bookingid":1652},{"bookingid":1208},{"bookingid":1821},{"bookingid":1375},{"bookingid":1945},{"bookingid":1110},{"bookingid":3042},{"bookingid":2947},{"bookingid":2721},{"bookingid":3011},{"bookingid":574},{"bookingid":3745},{"bookingid":1255},{"bookingid":2134},{"bookingid":1561},{"bookingid":1963},{"bookingid":1932},{"bookingid":55},{"bookingid":158},{"bookingid":3618},{"bookingid":2627},{"bookingid":3488},{"bookingid":3132},{"bookingid":1133},{"bookingid":3620},{"bookingid":2356},{"bookingid":1595},{"bookingid":2889},{"bookingid":2449},{"bookingid":3096},{"bookingid":2891},{"bookingid":3555},{"bookingid":3388},{"bookingid":1049},{"bookingid":2167},{"bookingid":1511},{"bookingid":3566},{"bookingid":872},{"bookingid":26},{"bookingid":564},{"bookingid":1148},{"bookingid":571},{"bookingid":3521},{"bookingid":1567},{"bookingid":2235},{"bookingid":145},{"bookingid":3717},{"bookingid":1776},{"bookingid"... (set the log level to DEBUG or TRACE to see the full content) 
 </msg>
<msg time="2025-09-01T17:07:18.201912" level="INFO">/Library/Frameworks/Python.framework/Versions/3.13/lib/python3.13/site-packages/urllib3/connectionpool.py:1097: InsecureRequestWarning: Unverified HTTPS request is being made to host 'restful-booker.herokuapp.com'. Adding certificate verification is strongly advised. See: https://urllib3.readthedocs.io/en/latest/advanced-usage.html#tls-warnings
  warnings.warn(</msg>
<msg time="2025-09-01T17:07:18.203529" level="INFO">${response} = &lt;Response [200]&gt;</msg>
<var>${response}</var>
<arg>booking</arg>
<arg>${endpoint}</arg>
<doc>Sends a GET request on a previously created HTTP Session.</doc>
<status status="PASS" start="2025-09-01T17:07:17.537418" elapsed="0.666278"/>
</kw>
<return>
<value>${response}</value>
<status status="PASS" start="2025-09-01T17:07:18.204064" elapsed="0.000309"/>
</return>
<msg time="2025-09-01T17:07:18.204752" level="INFO">${response} = &lt;Response [200]&gt;</msg>
<var>${response}</var>
<arg>${endpoint}</arg>
<status status="PASS" start="2025-09-01T17:07:17.536580" elapsed="0.668280"/>
</kw>
<kw name="Should Be Equal As Integers" owner="BuiltIn">
<msg time="2025-09-01T17:07:18.209160" level="INFO">Argument types are:
&lt;class 'int'&gt;
&lt;class 'str'&gt;</msg>
<arg>${response.status_code}</arg>
<arg>200</arg>
<doc>Fails if objects are unequal after converting them to integers.</doc>
<status status="PASS" start="2025-09-01T17:07:18.206569" elapsed="0.002815"/>
</kw>
<kw name="To Json" owner="RequestsLibrary">
<msg time="2025-09-01T17:07:18.210967" level="WARN">Keyword 'RequestsLibrary.To Json' is deprecated. Please use ${resp.json()} instead. Have a look at the improved HTML output as pretty printing replacement.</msg>
<msg time="2025-09-01T17:07:18.214255" level="INFO">To JSON using : content=[{"bookingid":3023},{"bookingid":1308},{"bookingid":3026},{"bookingid":2532},{"bookingid":353},{"bookingid":2709},{"bookingid":3458},{"bookingid":2811},{"bookingid":812},{"bookingid":3519},{"bookingid":2972},{"bookingid":3850},{"bookingid":79},{"bookingid":731},{"bookingid":368},{"bookingid":779},{"bookingid":2923},{"bookingid":548},{"bookingid":292},{"bookingid":3682},{"bookingid":1363},{"bookingid":1800},{"bookingid":1372},{"bookingid":2241},{"bookingid":3426},{"bookingid":1837},{"bookingid":3823},{"bookingid":1092},{"bookingid":3474},{"bookingid":283},{"bookingid":664},{"bookingid":268},{"bookingid":1638},{"bookingid":1178},{"bookingid":1278},{"bookingid":1802},{"bookingid":2686},{"bookingid":1659},{"bookingid":3058},{"bookingid":2344},{"bookingid":930},{"bookingid":3466},{"bookingid":3088},{"bookingid":2618},{"bookingid":1574},{"bookingid":109},{"bookingid":1643},{"bookingid":1568},{"bookingid":3807},{"bookingid":697},{"bookingid":2222},{"bookingid":3053},{"bookingid":1483},{"bookingid":3367},{"bookingid":3074},{"bookingid":2990},{"bookingid":2943},{"bookingid":377},{"bookingid":3782},{"bookingid":794},{"bookingid":3167},{"bookingid":2486},{"bookingid":1386},{"bookingid":2090},{"bookingid":1478},{"bookingid":1709},{"bookingid":3413},{"bookingid":608},{"bookingid":1132},{"bookingid":3460},{"bookingid":2714},{"bookingid":1098},{"bookingid":1464},{"bookingid":2087},{"bookingid":405},{"bookingid":847},{"bookingid":3184},{"bookingid":3831},{"bookingid":1405},{"bookingid":3378},{"bookingid":3736},{"bookingid":1122},{"bookingid":869},{"bookingid":2478},{"bookingid":122},{"bookingid":398},{"bookingid":3262},{"bookingid":3242},{"bookingid":3592},{"bookingid":216},{"bookingid":3567},{"bookingid":2583},{"bookingid":864},{"bookingid":3675},{"bookingid":2155},{"bookingid":1649},{"bookingid":1669},{"bookingid":2464},{"bookingid":1566},{"bookingid":1400},{"bookingid":2246},{"bookingid":2590},{"bookingid":1344},{"bookingid":1111},{"bookingid":3581},{"bookingid":3379},{"bookingid":2412},{"bookingid":1487},{"bookingid":477},{"bookingid":1706},{"bookingid":1928},{"bookingid":907},{"bookingid":258},{"bookingid":2236},{"bookingid":1353},{"bookingid":2997},{"bookingid":744},{"bookingid":3183},{"bookingid":2474},{"bookingid":412},{"bookingid":3641},{"bookingid":1969},{"bookingid":1670},{"bookingid":1613},{"bookingid":2665},{"bookingid":726},{"bookingid":3301},{"bookingid":3646},{"bookingid":839},{"bookingid":3297},{"bookingid":2429},{"bookingid":2349},{"bookingid":402},{"bookingid":1243},{"bookingid":519},{"bookingid":81},{"bookingid":2060},{"bookingid":1008},{"bookingid":250},{"bookingid":1412},{"bookingid":775},{"bookingid":3041},{"bookingid":2601},{"bookingid":3703},{"bookingid":3305},{"bookingid":1481},{"bookingid":1116},{"bookingid":983},{"bookingid":2765},{"bookingid":929},{"bookingid":1263},{"bookingid":515},{"bookingid":2328},{"bookingid":2522},{"bookingid":1931},{"bookingid":3019},{"bookingid":724},{"bookingid":1331},{"bookingid":300},{"bookingid":829},{"bookingid":3370},{"bookingid":1048},{"bookingid":3467},{"bookingid":2056},{"bookingid":2679},{"bookingid":2854},{"bookingid":35},{"bookingid":1888},{"bookingid":2015},{"bookingid":3483},{"bookingid":2433},{"bookingid":3179},{"bookingid":774},{"bookingid":1607},{"bookingid":3500},{"bookingid":197},{"bookingid":1144},{"bookingid":247},{"bookingid":1443},{"bookingid":3109},{"bookingid":3328},{"bookingid":1486},{"bookingid":801},{"bookingid":69},{"bookingid":909},{"bookingid":918},{"bookingid":133},{"bookingid":206},{"bookingid":3077},{"bookingid":956},{"bookingid":1769},{"bookingid":2188},{"bookingid":1505},{"bookingid":3425},{"bookingid":1244},{"bookingid":3400},{"bookingid":3249},{"bookingid":1663},{"bookingid":1129},{"bookingid":641},{"bookingid":1021},{"bookingid":1534},{"bookingid":1583},{"bookingid":854},{"bookingid":2294},{"bookingid":2306},{"bookingid":252},{"bookingid":453},{"bookingid":434},{"bookingid":23},{"bookingid":2205},{"bookingid":2877},{"bookingid":2500},{"bookingid":3590},{"bookingid":302},{"bookingid":1011},{"bookingid":2386},{"bookingid":2905},{"bookingid":2468},{"bookingid":1193},{"bookingid":541},{"bookingid":2655},{"bookingid":3424},{"bookingid":667},{"bookingid":254},{"bookingid":2093},{"bookingid":3800},{"bookingid":1005},{"bookingid":470},{"bookingid":748},{"bookingid":3697},{"bookingid":514},{"bookingid":3625},{"bookingid":2954},{"bookingid":1173},{"bookingid":2135},{"bookingid":148},{"bookingid":2552},{"bookingid":2852},{"bookingid":70},{"bookingid":3035},{"bookingid":750},{"bookingid":12},{"bookingid":1377},{"bookingid":870},{"bookingid":366},{"bookingid":542},{"bookingid":1577},{"bookingid":826},{"bookingid":2887},{"bookingid":1705},{"bookingid":3149},{"bookingid":1687},{"bookingid":3672},{"bookingid":632},{"bookingid":308},{"bookingid":1523},{"bookingid":1117},{"bookingid":1550},{"bookingid":2477},{"bookingid":3039},{"bookingid":2484},{"bookingid":2749},{"bookingid":3147},{"bookingid":3709},{"bookingid":2949},{"bookingid":225},{"bookingid":662},{"bookingid":1861},{"bookingid":3241},{"bookingid":49},{"bookingid":3497},{"bookingid":2982},{"bookingid":2063},{"bookingid":3808},{"bookingid":1629},{"bookingid":3718},{"bookingid":2151},{"bookingid":3604},{"bookingid":809},{"bookingid":2697},{"bookingid":811},{"bookingid":3350},{"bookingid":54},{"bookingid":3084},{"bookingid":3601},{"bookingid":2896},{"bookingid":1463},{"bookingid":2666},{"bookingid":791},{"bookingid":925},{"bookingid":3722},{"bookingid":710},{"bookingid":934},{"bookingid":2414},{"bookingid":1558},{"bookingid":1023},{"bookingid":75},{"bookingid":1162},{"bookingid":1145},{"bookingid":2147},{"bookingid":1903},{"bookingid":781},{"bookingid":1369},{"bookingid":876},{"bookingid":2183},{"bookingid":1514},{"bookingid":313},{"bookingid":762},{"bookingid":1366},{"bookingid":3522},{"bookingid":1938},{"bookingid":2150},{"bookingid":3386},{"bookingid":1271},{"bookingid":1016},{"bookingid":2008},{"bookingid":2743},{"bookingid":443},{"bookingid":1059},{"bookingid":698},{"bookingid":1297},{"bookingid":3582},{"bookingid":1359},{"bookingid":1675},{"bookingid":3787},{"bookingid":1765},{"bookingid":2272},{"bookingid":3790},{"bookingid":1282},{"bookingid":3327},{"bookingid":1181},{"bookingid":232},{"bookingid":3090},{"bookingid":1494},{"bookingid":3852},{"bookingid":2284},{"bookingid":3295},{"bookingid":126},{"bookingid":1665},{"bookingid":2123},{"bookingid":2546},{"bookingid":2285},{"bookingid":1029},{"bookingid":3243},{"bookingid":1637},{"bookingid":788},{"bookingid":3792},{"bookingid":1585},{"bookingid":2291},{"bookingid":2859},{"bookingid":3228},{"bookingid":3732},{"bookingid":1085},{"bookingid":2198},{"bookingid":2938},{"bookingid":950},{"bookingid":1743},{"bookingid":1103},{"bookingid":2180},{"bookingid":1521},{"bookingid":1393},{"bookingid":3286},{"bookingid":693},{"bookingid":1741},{"bookingid":3150},{"bookingid":3502},{"bookingid":905},{"bookingid":692},{"bookingid":372},{"bookingid":2299},{"bookingid":878},{"bookingid":1518},{"bookingid":1520},{"bookingid":435},{"bookingid":1547},{"bookingid":444},{"bookingid":2685},{"bookingid":2303},{"bookingid":1264},{"bookingid":607},{"bookingid":601},{"bookingid":1042},{"bookingid":2298},{"bookingid":1489},{"bookingid":1340},{"bookingid":628},{"bookingid":342},{"bookingid":1383},{"bookingid":2677},{"bookingid":466},{"bookingid":3293},{"bookingid":2108},{"bookingid":1423},{"bookingid":549},{"bookingid":2483},{"bookingid":370},{"bookingid":3211},{"bookingid":1653},{"bookingid":1239},{"bookingid":780},{"bookingid":2580},{"bookingid":2831},{"bookingid":3610},{"bookingid":3674},{"bookingid":3279},{"bookingid":484},{"bookingid":948},{"bookingid":3171},{"bookingid":2861},{"bookingid":932},{"bookingid":830},{"bookingid":34},{"bookingid":1634},{"bookingid":436},{"bookingid":1303},{"bookingid":898},{"bookingid":958},{"bookingid":1160},{"bookingid":1472},{"bookingid":1593},{"bookingid":2836},{"bookingid":716},{"bookingid":635},{"bookingid":1106},{"bookingid":3078},{"bookingid":2727},{"bookingid":2735},{"bookingid":1214},{"bookingid":212},{"bookingid":2853},{"bookingid":209},{"bookingid":3369},{"bookingid":2240},{"bookingid":2143},{"bookingid":2661},{"bookingid":3649},{"bookingid":143},{"bookingid":355},{"bookingid":3607},{"bookingid":1327},{"bookingid":20},{"bookingid":2117},{"bookingid":365},{"bookingid":2324},{"bookingid":1698},{"bookingid":1533},{"bookingid":3063},{"bookingid":3768},{"bookingid":333},{"bookingid":1838},{"bookingid":36},{"bookingid":2606},{"bookingid":362},{"bookingid":3000},{"bookingid":1828},{"bookingid":1131},{"bookingid":3746},{"bookingid":1495},{"bookingid":679},{"bookingid":3427},{"bookingid":2490},{"bookingid":1942},{"bookingid":2940},{"bookingid":2680},{"bookingid":650},{"bookingid":1000},{"bookingid":702},{"bookingid":1007},{"bookingid":1391},{"bookingid":1426},{"bookingid":3686},{"bookingid":2600},{"bookingid":2041},{"bookingid":1664},{"bookingid":1328},{"bookingid":2792},{"bookingid":1068},{"bookingid":3180},{"bookingid":1321},{"bookingid":644},{"bookingid":2957},{"bookingid":1436},{"bookingid":1229},{"bookingid":1474},{"bookingid":968},{"bookingid":1652},{"bookingid":1208},{"bookingid":1821},{"bookingid":1375},{"bookingid":1945},{"bookingid":1110},{"bookingid":3042},{"bookingid":2947},{"bookingid":2721},{"bookingid":3011},{"bookingid":574},{"bookingid":3745},{"bookingid":1255},{"bookingid":2134},{"bookingid":1561},{"bookingid":1963},{"bookingid":1932},{"bookingid":55},{"bookingid":158},{"bookingid":3618},{"bookingid":2627},{"bookingid":3488},{"bookingid":3132},{"bookingid":1133},{"bookingid":3620},{"bookingid":2356},{"bookingid":1595},{"bookingid":2889},{"bookingid":2449},{"bookingid":3096},{"bookingid":2891},{"bookingid":3555},{"bookingid":3388},{"bookingid":1049},{"bookingid":2167},{"bookingid":1511},{"bookingid":3566},{"bookingid":872},{"bookingid":26},{"bookingid":564},{"bookingid":1148},{"bookingid":571},{"bookingid":3521},{"bookingid":1567},{"bookingid":2235},{"bookingid":145},{"bookingid":3717},{"bookingid":1776},{"bookingid":61},{"bookingid":1030},{"bookingid":265},{"bookingid":11},{"bookingid":1704},{"bookingid":1723},{"bookingid":803},{"bookingid":163},{"bookingid":2368},{"bookingid":1626},{"bookingid":2510},{"bookingid":1006},{"bookingid":2218},{"bookingid":1880},{"bookingid":545},{"bookingid":1138},{"bookingid":1329},{"bookingid":1459},{"bookingid":3490},{"bookingid":1762},{"bookingid":2879},{"bookingid":47},{"bookingid":3289},{"bookingid":1198},{"bookingid":1843},{"bookingid":1662},{"bookingid":1954},{"bookingid":2281},{"bookingid":18},{"bookingid":1936},{"bookingid":727},{"bookingid":3652},{"bookingid":37},{"bookingid":2514},{"bookingid":2918},{"bookingid":2804},{"bookingid":2363},{"bookingid":3246},{"bookingid":1140},{"bookingid":1315},{"bookingid":1057},{"bookingid":2878},{"bookingid":969},{"bookingid":1872},{"bookingid":1889},{"bookingid":3785},{"bookingid":522},{"bookingid":2479},{"bookingid":295},{"bookingid":3589},{"bookingid":579},{"bookingid":2506},{"bookingid":3418},{"bookingid":3503},{"bookingid":3231},{"bookingid":62},{"bookingid":2667},{"bookingid":1054},{"bookingid":1779},{"bookingid":1594},{"bookingid":2650},{"bookingid":2764},{"bookingid":330},{"bookingid":2549},{"bookingid":1265},{"bookingid":279},{"bookingid":261},{"bookingid":673},{"bookingid":516},{"bookingid":2157},{"bookingid":3164},{"bookingid":85},{"bookingid":2379},{"bookingid":625},{"bookingid":2745},{"bookingid":107},{"bookingid":3325},{"bookingid":403},{"bookingid":3197},{"bookingid":883},{"bookingid":3776},{"bookingid":1071},{"bookingid":3188},{"bookingid":1794},{"bookingid":3446},{"bookingid":3192},{"bookingid":837},{"bookingid":2350},{"bookingid":2594},{"bookingid":1853},{"bookingid":3701},{"bookingid":3225},{"bookingid":1319},{"bookingid":1093},{"bookingid":1437},{"bookingid":841},{"bookingid":2074},{"bookingid":3683},{"bookingid":951},{"bookingid":2066},{"bookingid":395},{"bookingid":460},{"bookingid":3317},{"bookingid":2977},{"bookingid":682},{"bookingid":975},{"bookingid":1339},{"bookingid":323},{"bookingid":3464},{"bookingid":2141},{"bookingid":2849},{"bookingid":228},{"bookingid":552},{"bookingid":176},{"bookingid":95},{"bookingid":1338},{"bookingid":2128},{"bookingid":1219},{"bookingid":882},{"bookingid":604},{"bookingid":2782},{"bookingid":833},{"bookingid":987},{"bookingid":2258},{"bookingid":2533},{"bookingid":852},{"bookingid":1351},{"bookingid":1431},{"bookingid":2249},{"bookingid":994},{"bookingid":3067},{"bookingid":505},{"bookingid":1711},{"bookingid":2565},{"bookingid":3352},{"bookingid":414},{"bookingid":335},{"bookingid":2613},{"bookingid":422},{"bookingid":1421},{"bookingid":1768},{"bookingid":3480},{"bookingid":25},{"bookingid":86},{"bookingid":901},{"bookingid":2517},{"bookingid":2550},{"bookingid":1300},{"bookingid":3267},{"bookingid":2001},{"bookingid":1310},{"bookingid":44},{"bookingid":2210},{"bookingid":3742},{"bookingid":1690},{"bookingid":653},{"bookingid":1004},{"bookingid":2617},{"bookingid":3623},{"bookingid":3368},{"bookingid":2748},{"bookingid":1986},{"bookingid":2908},{"bookingid":1621},{"bookingid":1650},{"bookingid":282},{"bookingid":399},{"bookingid":3215},{"bookingid":3097},{"bookingid":3340},{"bookingid":2630},{"bookingid":1399},{"bookingid":3608},{"bookingid":3259},{"bookingid":3444},{"bookingid":1509},{"bookingid":926},{"bookingid":3355},{"bookingid":1549},{"bookingid":1419},{"bookingid":404},{"bookingid":921},{"bookingid":121},{"bookingid":2262},{"bookingid":3353},{"bookingid":2113},{"bookingid":174},{"bookingid":2577},{"bookingid":1013},{"bookingid":2508},{"bookingid":1262},{"bookingid":993},{"bookingid":3319},{"bookingid":1625},{"bookingid":3634},{"bookingid":3577},{"bookingid":1573},{"bookingid":2622},{"bookingid":29},{"bookingid":1677},{"bookingid":1067},{"bookingid":2070},{"bookingid":696},{"bookingid":3108},{"bookingid":972},{"bookingid":2581},{"bookingid":2796},{"bookingid":1313},{"bookingid":1165},{"bookingid":1305},{"bookingid":2755},{"bookingid":3080},{"bookingid":671},{"bookingid":3586},{"bookingid":936},{"bookingid":1875},{"bookingid":1866},{"bookingid":1052},{"bookingid":2389},{"bookingid":707},{"bookingid":3554},{"bookingid":2444},{"bookingid":2489},{"bookingid":2526},{"bookingid":2841},{"bookingid":2883},{"bookingid":494},{"bookingid":87},{"bookingid":3059},{"bookingid":1284},{"bookingid":1570},{"bookingid":22},{"bookingid":3141},{"bookingid":2388},{"bookingid":1113},{"bookingid":1216},{"bookingid":2405},{"bookingid":2391},{"bookingid":2802},{"bookingid":1101},{"bookingid":690},{"bookingid":3636},{"bookingid":3491},{"bookingid":39},{"bookingid":986},{"bookingid":3532},{"bookingid":3690},{"bookingid":1347},{"bookingid":115},{"bookingid":1157},{"bookingid":92},{"bookingid":2212},{"bookingid":2894},{"bookingid":765},{"bookingid":104},{"bookingid":1943},{"bookingid":1970},{"bookingid":3},{"bookingid":2967},{"bookingid":1114},{"bookingid":1368},{"bookingid":2076},{"bookingid":1862},{"bookingid":2847},{"bookingid":732},{"bookingid":2347},{"bookingid":3266},{"bookingid":3051},{"bookingid":3815},{"bookingid":821},{"bookingid":1597},{"bookingid":3822},{"bookingid":1036},{"bookingid":198},{"bookingid":555},{"bookingid":3538},{"bookingid":2669},{"bookingid":2797},{"bookingid":2663},{"bookingid":2516},{"bookingid":3433},{"bookingid":3536},{"bookingid":2403},{"bookingid":2911},{"bookingid":40},{"bookingid":2097},{"bookingid":2551},{"bookingid":72},{"bookingid":3406},{"bookingid":2719},{"bookingid":2257},{"bookingid":1797},{"bookingid":2271},{"bookingid":2},{"bookingid":1290},{"bookingid":2620},{"bookingid":1041},{"bookingid":596},{"bookingid":359},{"bookingid":1729},{"bookingid":966},{"bookingid":169},{"bookingid":1302},{"bookingid":322},{"bookingid":1260},{"bookingid":77},{"bookingid":908},{"bookingid":153},{"bookingid":1043},{"bookingid":2493},{"bookingid":1354},{"bookingid":1869},{"bookingid":3743},{"bookingid":1964},{"bookingid":526},{"bookingid":1192},{"bookingid":2338},{"bookingid":384},{"bookingid":2465},{"bookingid":3512},{"bookingid":2746},{"bookingid":647},{"bookingid":2161},{"bookingid":1217},{"bookingid":595},{"bookingid":778},{"bookingid":215},{"bookingid":2504},{"bookingid":17},{"bookingid":2189},{"bookingid":226},{"bookingid":2702},{"bookingid":1273},{"bookingid":1311},{"bookingid":6},{"bookingid":1254},{"bookingid":3704},{"bookingid":224},{"bookingid":231},{"bookingid":1513},{"bookingid":890},{"bookingid":537},{"bookingid":1026},{"bookingid":2688},{"bookingid":3738},{"bookingid":1184},{"bookingid":2958},{"bookingid":1458},{"bookingid":3101},{"bookingid":3086},{"bookingid":1500},{"bookingid":990},{"bookingid":3767},{"bookingid":2624},{"bookingid":3633},{"bookingid":885},{"bookingid":3362},{"bookingid":2538},{"bookingid":1053},{"bookingid":663},{"bookingid":1491},{"bookingid":1967},{"bookingid":2653},{"bookingid":1507},{"bookingid":785},{"bookingid":2644},{"bookingid":868},{"bookingid":506},{"bookingid":2046},{"bookingid":2080},{"bookingid":2265},{"bookingid":631},{"bookingid":2505},{"bookingid":24},{"bookingid":493},{"bookingid":442},{"bookingid":556},{"bookingid":593},{"bookingid":287},{"bookingid":3758},{"bookingid":694},{"bookingid":2037},{"bookingid":492},{"bookingid":468},{"bookingid":2917},{"bookingid":1859},{"bookingid":100},{"bookingid":3771},{"bookingid":1527},{"bookingid":2027},{"bookingid":3664},{"bookingid":2233},{"bookingid":3322},{"bookingid":343},{"bookingid":1485},{"bookingid":2314},{"bookingid":939},{"bookingid":3508},{"bookingid":1156},{"bookingid":2114},{"bookingid":3857},{"bookingid":2394},{"bookingid":739},{"bookingid":3837},{"bookingid":2555},{"bookingid":1676},{"bookingid":691},{"bookingid":3619},{"bookingid":3457},{"bookingid":2874},{"bookingid":1333},{"bookingid":3486},{"bookingid":703},{"bookingid":3580},{"bookingid":757},{"bookingid":1976},{"bookingid":1683},{"bookingid":2608},{"bookingid":3730},{"bookingid":3393},{"bookingid":1189},{"bookingid":1213},{"bookingid":3431},{"bookingid":178},{"bookingid":1671},{"bookingid":1648},{"bookingid":1937},{"bookingid":1298},{"bookingid":1473},{"bookingid":3089},{"bookingid":3374},{"bookingid":2293},{"bookingid":1274},{"bookingid":1994},{"bookingid":3199},{"bookingid":943},{"bookingid":3599},{"bookingid":2870},{"bookingid":2158},{"bookingid":3022},{"bookingid":1091},{"bookingid":318},{"bookingid":2447},{"bookingid":3119},{"bookingid":3282},{"bookingid":3365},{"bookingid":597},{"bookingid":2395},{"bookingid":2996},{"bookingid":487},{"bookingid":2637},{"bookingid":1233},{"bookingid":2558},{"bookingid":2838},{"bookingid":361},{"bookingid":2156},{"bookingid":3720},{"bookingid":13},{"bookingid":1245},{"bookingid":1977},{"bookingid":3226},{"bookingid":2952},{"bookingid":531},{"bookingid":1248},{"bookingid":2364},{"bookingid":2704},{"bookingid":728},{"bookingid":3691},{"bookingid":3414},{"bookingid":3735},{"bookingid":3540},{"bookingid":1095},{"bookingid":2794},{"bookingid":1551},{"bookingid":771},{"bookingid":656},{"bookingid":1628},{"bookingid":758},{"bookingid":717},{"bookingid":1247},{"bookingid":1294},{"bookingid":687},{"bookingid":2929},{"bookingid":1070},{"bookingid":1554},{"bookingid":1596},{"bookingid":3056},{"bookingid":3530},{"bookingid":195},{"bookingid":2956},{"bookingid":1502},{"bookingid":3462},{"bookingid":585},{"bookingid":3447},{"bookingid":2327},{"bookingid":1028},{"bookingid":1045},{"bookingid":1501},{"bookingid":1645},{"bookingid":1858},{"bookingid":2556},{"bookingid":897},{"bookingid":3761},{"bookingid":3624},{"bookingid":1563},{"bookingid":1291},{"bookingid":642},{"bookingid":1398},{"bookingid":3517},{"bookingid":3044},{"bookingid":2771},{"bookingid":3606},{"bookingid":386},{"bookingid":849},{"bookingid":942},{"bookingid":1381},{"bookingid":933},{"bookingid":2441},{"bookingid":346},{"bookingid":1441},{"bookingid":2898},{"bookingid":2275},{"bookingid":2194},{"bookingid":3403},{"bookingid":3514},{"bookingid":988},{"bookingid":1100},{"bookingid":1465},{"bookingid":2984},{"bookingid":3116},{"bookingid":1222},{"bookingid":2348},{"bookingid":1201},{"bookingid":1989},{"bookingid":1301},{"bookingid":1983},{"bookingid":875},{"bookingid":381},{"bookingid":3187},{"bookingid":1749},{"bookingid":536},{"bookingid":2408},{"bookingid":981},{"bookingid":2834},{"bookingid":2452},{"bookingid":3583},{"bookingid":1445},{"bookingid":992},{"bookingid":857},{"bookingid":2788},{"bookingid":2529},{"bookingid":2035},{"bookingid":469},{"bookingid":1811},{"bookingid":804},{"bookingid":1357},{"bookingid":3198},{"bookingid":486},{"bookingid":2640},{"bookingid":3332},{"bookingid":1169},{"bookingid":910},{"bookingid":793},{"bookingid":949},{"bookingid":1088},{"bookingid":845},{"bookingid":520},{"bookingid":3525},{"bookingid":454},{"bookingid":448},{"bookingid":1454},{"bookingid":3313},{"bookingid":2138},{"bookingid":923},{"bookingid":497},{"bookingid":2283},{"bookingid":3304},{"bookingid":654},{"bookingid":768},{"bookingid":3347},{"bookingid":387},{"bookingid":1460},{"bookingid":3547},{"bookingid":2162},{"bookingid":1296},{"bookingid":1689},{"bookingid":2773},{"bookingid":3436},{"bookingid":999},{"bookingid":1604},{"bookingid":3841},{"bookingid":38},{"bookingid":1496},{"bookingid":418},{"bookingid":1548},{"bookingid":1849},{"bookingid":1143},{"bookingid":1525},{"bookingid":1753},{"bookingid":2950},{"bookingid":1703},{"bookingid":3452},{"bookingid":2758},{"bookingid":1733},{"bookingid":2559},{"bookingid":1555},{"bookingid":937},{"bookingid":1863},{"bookingid":1425},{"bookingid":3399},{"bookingid":294},{"bookingid":815},{"bookingid":1576},{"bookingid":1590},{"bookingid":3285},{"bookingid":2337},{"bookingid":255},{"bookingid":2914},{"bookingid":3766},{"bookingid":1221},{"bookingid":1881},{"bookingid":1468},{"bookingid":3038},{"bookingid":3114},{"bookingid":888},{"bookingid":1479},{"bookingid":1395},{"bookingid":3565},{"bookingid":2313},{"bookingid":274},{"bookingid":3219},{"bookingid":1158},{"bookingid":1402},{"bookingid":2837},{"bookingid":1865},{"bookingid":2033},{"bookingid":1759},{"bookingid":814},{"bookingid":1276},{"bookingid":2469},{"bookingid":310},{"bookingid":1124},{"bookingid":782},{"bookingid":2712},{"bookingid":1823},{"bookingid":978},{"bookingid":2377},{"bookingid":183},{"bookingid":2937},{"bookingid":1915},{"bookingid":2360},{"bookingid":1569},{"bookingid":57},{"bookingid":2013},{"bookingid":3227},{"bookingid":3516},{"bookingid":192},{"bookingid":588},{"bookingid":648},{"bookingid":1661},{"bookingid":1681},{"bookingid":2130},{"bookingid":3461},{"bookingid":2790},{"bookingid":920},{"bookingid":3572},{"bookingid":2247},{"bookingid":1104},{"bookingid":810},{"bookingid":2588},{"bookingid":763},{"bookingid":2137},{"bookingid":807},{"bookingid":113},{"bookingid":3836},{"bookingid":1707},{"bookingid":1238},{"bookingid":2185},{"bookingid":1253},{"bookingid":2219},{"bookingid":861},{"bookingid":3812},{"bookingid":827},{"bookingid":305},{"bookingid":350},{"bookingid":3666},{"bookingid":15},{"bookingid":2067},{"bookingid":1365},{"bookingid":1816},{"bookingid":2566},{"bookingid":2231},{"bookingid":1524},{"bookingid":3854},{"bookingid":2693},{"bookingid":1912},{"bookingid":3432},{"bookingid":1785},{"bookingid":2726},{"bookingid":979},{"bookingid":2901},{"bookingid":2691},{"bookingid":1752},{"bookingid":3739},{"bookingid":2920},{"bookingid":2445},{"bookingid":1871},{"bookingid":1771},{"bookingid":1746},{"bookingid":824},{"bookingid":906},{"bookingid":1346},{"bookingid":1058},{"bookingid":2305},{"bookingid":1151},{"bookingid":1224},{"bookingid":1901},{"bookingid":3385},{"bookingid":3419},{"bookingid":1379},{"bookingid":3148},{"bookingid":1069},{"bookingid":1164},{"bookingid":996},{"bookingid":1152},{"bookingid":501},{"bookingid":1737},{"bookingid":16},{"bookingid":3715},{"bookingid":1123},{"bookingid":1444},{"bookingid":1324},{"bookingid":2084},{"bookingid":137},{"bookingid":128},{"bookingid":2115},{"bookingid":2380},{"bookingid":2197},{"bookingid":1584},{"bookingid":2211},{"bookingid":3752},{"bookingid":2536},{"bookingid":721},{"bookingid":1388},{"bookingid":2131},{"bookingid":695},{"bookingid":1947},{"bookingid":1740},{"bookingid":1337},{"bookingid":374},{"bookingid":1453},{"bookingid":3513},{"bookingid":3081},{"bookingid":1360},{"bookingid":846},{"bookingid":796},{"bookingid":2055},{"bookingid":1827},{"bookingid":2044},{"bookingid":3398},{"bookingid":3728},{"bookingid":657},{"bookingid":1270},{"bookingid":1410},{"bookingid":51},{"bookingid":2987},{"bookingid":1602},{"bookingid":1680},{"bookingid":3824},{"bookingid":1268},{"bookingid":1535},{"bookingid":2286},{"bookingid":205},{"bookingid":1289},{"bookingid":1210},{"bookingid":3254},{"bookingid":1334},{"bookingid":3640},{"bookingid":503},{"bookingid":759},{"bookingid":2340},{"bookingid":259},{"bookingid":976},{"bookingid":1887},{"bookingid":2692},{"bookingid":1874},{"bookingid":2767},{"bookingid":3685},{"bookingid":3151},{"bookingid":3127},{"bookingid":764},{"bookingid":836},{"bookingid":2846},{"bookingid":825},{"bookingid":2120},{"bookingid":1476},{"bookingid":400},{"bookingid":1660},{"bookingid":2122},{"bookingid":1161},{"bookingid":1803},{"bookingid":2607},{"bookingid":1127},{"bookingid":1642},{"bookingid":871},{"bookingid":590},{"bookingid":1591},{"bookingid":3354},{"bookingid":1195},{"bookingid":753},{"bookingid":1695},{"bookingid":3828},{"bookingid":286},{"bookingid":1197},{"bookingid":2307},{"bookingid":2105},{"bookingid":2471},{"bookingid":896},{"bookingid":3595},{"bookingid":3331},{"bookingid":613},{"bookingid":9},{"bookingid":3527},{"bookingid":895},{"bookingid":3122},{"bookingid":553},{"bookingid":1180},{"bookingid":2528},{"bookingid":177},{"bookingid":941},{"bookingid":406},{"bookingid":1610},{"bookingid":1682},{"bookingid":532},{"bookingid":3401},{"bookingid":3377},{"bookingid":3307},{"bookingid":3551},{"bookingid":2075},{"bookingid":331},{"bookingid":275},{"bookingid":3656},{"bookingid":2869},{"bookingid":1241},{"bookingid":2787},{"bookingid":2435},{"bookingid":1557},{"bookingid":766},{"bookingid":3020},{"bookingid":2146},{"bookingid":2557},{"bookingid":1306},{"bookingid":479},{"bookingid":2980},{"bookingid":1179},{"bookingid":3421},{"bookingid":629},{"bookingid":2261},{"bookingid":2053},{"bookingid":1205},{"bookingid":3065},{"bookingid":3288},{"bookingid":1083},{"bookingid":1382},{"bookingid":1332},{"bookingid":2092},{
[...]
ookingid":2429},{"bookingid":2349},{"bookingid":402},{"bookingid":1243},{"bookingid":519},{"bookingid":81},{"bookingid":2060},{"bookingid":1008},{"bookingid":250},{"bookingid":1412},{"bookingid":775},{"bookingid":3041},{"bookingid":2601},{"bookingid":3703},{"bookingid":3305},{"bookingid":1481},{"bookingid":1116},{"bookingid":983},{"bookingid":2765},{"bookingid":929},{"bookingid":1263},{"bookingid":515},{"bookingid":2328},{"bookingid":2522},{"bookingid":1931},{"bookingid":3019},{"bookingid":724},{"bookingid":1331},{"bookingid":300},{"bookingid":829},{"bookingid":3370},{"bookingid":1048},{"bookingid":3467},{"bookingid":2056},{"bookingid":2679},{"bookingid":2854},{"bookingid":35},{"bookingid":1888},{"bookingid":2015},{"bookingid":3483},{"bookingid":2433},{"bookingid":3179},{"bookingid":774},{"bookingid":1607},{"bookingid":3500},{"bookingid":197},{"bookingid":1144},{"bookingid":247},{"bookingid":1443},{"bookingid":3109},{"bookingid":3328},{"bookingid":1486},{"bookingid":801},{"bookingid":69},{"bookingid":909},{"bookingid":918},{"bookingid":133},{"bookingid":206},{"bookingid":3077},{"bookingid":956},{"bookingid":1769},{"bookingid":2188},{"bookingid":1505},{"bookingid":3425},{"bookingid":1244},{"bookingid":3400},{"bookingid":3249},{"bookingid":1663},{"bookingid":1129},{"bookingid":641},{"bookingid":1021},{"bookingid":1534},{"bookingid":1583},{"bookingid":854},{"bookingid":2294},{"bookingid":2306},{"bookingid":252},{"bookingid":453},{"bookingid":434},{"bookingid":23},{"bookingid":2205},{"bookingid":2877},{"bookingid":2500},{"bookingid":3590},{"bookingid":302},{"bookingid":1011},{"bookingid":2386},{"bookingid":2905},{"bookingid":2468},{"bookingid":1193},{"bookingid":541},{"bookingid":2655},{"bookingid":3424},{"bookingid":667},{"bookingid":254},{"bookingid":2093},{"bookingid":3800},{"bookingid":1005},{"bookingid":470},{"bookingid":748},{"bookingid":3697},{"bookingid":514},{"bookingid":3625},{"bookingid":2954},{"bookingid":1173},{"bookingid":2135},{"bookingid":148},{"bookingid":2552},{"bookingid":2852},{"bookingid":70},{"bookingid":3035},{"bookingid":750},{"bookingid":12},{"bookingid":1377},{"bookingid":870},{"bookingid":366},{"bookingid":542},{"bookingid":1577},{"bookingid":826},{"bookingid":2887},{"bookingid":1705},{"bookingid":3149},{"bookingid":3868},{"bookingid":1687},{"bookingid":3672},{"bookingid":632},{"bookingid":308},{"bookingid":1523},{"bookingid":1117},{"bookingid":1550},{"bookingid":2477},{"bookingid":3039},{"bookingid":2484},{"bookingid":2749},{"bookingid":3147},{"bookingid":3709},{"bookingid":2949},{"bookingid":225},{"bookingid":662},{"bookingid":1861},{"bookingid":3241},{"bookingid":49},{"bookingid":3497},{"bookingid":2982},{"bookingid":2063},{"bookingid":3808},{"bookingid":1629},{"bookingid":3718},{"bookingid":2151},{"bookingid":3604},{"bookingid":809},{"bookingid":2697},{"bookingid":811},{"bookingid":3350},{"bookingid":54},{"bookingid":3084},{"bookingid":3601},{"bookingid":2896},{"bookingid":1463},{"bookingid":2666},{"bookingid":791},{"bookingid":925},{"bookingid":3722},{"bookingid":710},{"bookingid":934},{"bookingid":2414},{"bookingid":1558},{"bookingid":1023},{"bookingid":75},{"bookingid":1162},{"bookingid":1145},{"bookingid":2147},{"bookingid":1903},{"bookingid":781},{"bookingid":1369},{"bookingid":876},{"bookingid":2183},{"bookingid":1514},{"bookingid":313},{"bookingid":762},{"bookingid":1366},{"bookingid":3522},{"bookingid":1938},{"bookingid":2150},{"bookingid":3386},{"bookingid":1271},{"bookingid":1016},{"bookingid":2008},{"bookingid":2743},{"bookingid":443},{"bookingid":1059},{"bookingid":698},{"bookingid":1297},{"bookingid":3582},{"bookingid":1359},{"bookingid":1675},{"bookingid":3787},{"bookingid":1765},{"bookingid":2272},{"bookingid":3790},{"bookingid":1282},{"bookingid":3327},{"bookingid":1181},{"bookingid":232},{"bookingid":3090},{"bookingid":1494},{"bookingid":3852},{"bookingid":2284},{"bookingid":3295},{"bookingid":126},{"bookingid":1665},{"bookingid":3882},{"bookingid":3870},{"bookingid":2123},{"bookingid":2546},{"bookingid":2285},{"bookingid":1029},{"bookingid":3243},{"bookingid":1637},{"bookingid":788},{"bookingid":3792},{"bookingid":1585},{"bookingid":2291},{"bookingid":2859},{"bookingid":3228},{"bookingid":3732},{"bookingid":1085},{"bookingid":2198},{"bookingid":2938},{"bookingid":950},{"bookingid":1743},{"bookingid":1103},{"bookingid":2180},{"bookingid":1521},{"bookingid":1393},{"bookingid":3286},{"bookingid":693},{"bookingid":1741},{"bookingid":3150},{"bookingid":3502},{"bookingid":905},{"bookingid":692},{"bookingid":372},{"bookingid":2299},{"bookingid":878},{"bookingid":1518},{"bookingid":1520},{"bookingid":435},{"bookingid":1547},{"bookingid":444},{"bookingid":2685},{"bookingid":2303},{"bookingid":1264},{"bookingid":607},{"bookingid":601},{"bookingid":1042},{"bookingid":2298},{"bookingid":1489},{"bookingid":1340},{"bookingid":628},{"bookingid":342},{"bookingid":1383},{"bookingid":2677},{"bookingid":466},{"bookingid":3293},{"bookingid":2108},{"bookingid":1423},{"bookingid":549},{"bookingid":2483},{"bookingid":370},{"bookingid":3211},{"bookingid":1653},{"bookingid":1239},{"bookingid":780},{"bookingid":2580},{"bookingid":2831},{"bookingid":3859},{"bookingid":3610},{"bookingid":3674},{"bookingid":3279},{"bookingid":484},{"bookingid":948},{"bookingid":3171},{"bookingid":2861},{"bookingid":932},{"bookingid":830},{"bookingid":34},{"bookingid":1634},{"bookingid":436},{"bookingid":1303},{"bookingid":898},{"bookingid":958},{"bookingid":1160},{"bookingid":1472},{"bookingid":1593},{"bookingid":2836},{"bookingid":716},{"bookingid":635},{"bookingid":1106},{"bookingid":3078},{"bookingid":2727},{"bookingid":2735},{"bookingid":1214},{"bookingid":212},{"bookingid":2853},{"bookingid":209},{"bookingid":3369},{"bookingid":2240},{"bookingid":2143},{"bookingid":2661},{"bookingid":3874},{"bookingid":3649},{"bookingid":143},{"bookingid":355},{"bookingid":3607},{"bookingid":1327},{"bookingid":20},{"bookingid":2117},{"bookingid":365},{"bookingid":2324},{"bookingid":1698},{"bookingid":1533},{"bookingid":3063},{"bookingid":3768},{"bookingid":333},{"bookingid":1838},{"bookingid":36},{"bookingid":2606},{"bookingid":362},{"bookingid":3000},{"bookingid":1828},{"bookingid":1131},{"bookingid":3746},{"bookingid":1495},{"bookingid":679},{"bookingid":3427},{"bookingid":2490},{"bookingid":1942},{"bookingid":2940},{"bookingid":2680},{"bookingid":650},{"bookingid":1000},{"bookingid":702},{"bookingid":1007},{"bookingid":1391},{"bookingid":1426},{"bookingid":3686},{"bookingid":2600},{"bookingid":2041},{"bookingid":1664},{"bookingid":1328},{"bookingid":2792},{"bookingid":1068},{"bookingid":3180},{"bookingid":1321},{"bookingid":644},{"bookingid":2957},{"bookingid":1436},{"bookingid":1229},{"bookingid":1474},{"bookingid":968},{"bookingid":1652},{"bookingid":1208},{"bookingid":1821},{"bookingid":1375},{"bookingid":1945},{"bookingid":1110},{"bookingid":3042},{"bookingid":2947},{"bookingid":2721},{"bookingid":3011},{"bookingid":574},{"bookingid":3745},{"bookingid":1255},{"bookingid":2134},{"bookingid":1561},{"bookingid":1963},{"bookingid":1932},{"bookingid":55},{"bookingid":158},{"bookingid":3618},{"bookingid":2627},{"bookingid":3488},{"bookingid":3132},{"bookingid":1133},{"bookingid":3620},{"bookingid":2356},{"bookingid":1595},{"bookingid":2889},{"bookingid":2449},{"bookingid":3096},{"bookingid":2891},{"bookingid":3555},{"bookingid":3388},{"bookingid":1049},{"bookingid":2167},{"bookingid":1511},{"bookingid":3566},{"bookingid":872},{"bookingid":26},{"bookingid":564},{"bookingid":1148},{"bookingid":571},{"bookingid":3521},{"bookingid... (set the log level to DEBUG or TRACE to see the full content) 
 </msg>
<msg time="2025-09-01T17:07:21.747036" level="INFO">/Library/Frameworks/Python.framework/Versions/3.13/lib/python3.13/site-packages/urllib3/connectionpool.py:1097: InsecureRequestWarning: Unverified HTTPS request is being made to host 'restful-booker.herokuapp.com'. Adding certificate verification is strongly advised. See: https://urllib3.readthedocs.io/en/latest/advanced-usage.html#tls-warnings
  warnings.warn(</msg>
<msg time="2025-09-01T17:07:21.747510" level="INFO">${response} = &lt;Response [200]&gt;</msg>
<var>${response}</var>
<arg>booking</arg>
<arg>${endpoint}</arg>
<doc>Sends a GET request on a previously created HTTP Session.</doc>
<status status="PASS" start="2025-09-01T17:07:21.090855" elapsed="0.656805"/>
</kw>
<return>
<value>${response}</value>
<status status="PASS" start="2025-09-01T17:07:21.747935" elapsed="0.000185"/>
</return>
<msg time="2025-09-01T17:07:21.748426" level="INFO">${all_bookings} = &lt;Response [200]&gt;</msg>
<var>${all_bookings}</var>
<arg>/booking</arg>
<status status="PASS" start="2025-09-01T17:07:21.089769" elapsed="0.658769"/>
</kw>
<kw name="Get From List" owner="Collections">
<msg time="2025-09-01T17:07:21.752099" level="INFO">${first_booking} = {'bookingid': 3023}</msg>
<var>${first_booking}</var>
<arg>${all_bookings.json()}</arg>
<arg>0</arg>
<doc>Returns the value specified with an ``index`` from ``list``.</doc>
<status status="PASS" start="2025-09-01T17:07:21.749210" elapsed="0.002994"/>
</kw>
<kw name="Set Variable" owner="BuiltIn">
<msg time="2025-09-01T17:07:21.753544" level="INFO">${booking_id} = 3023</msg>
<var>${booking_id}</var>
<arg>${first_booking['bookingid']}</arg>
<doc>Returns the given values which can then be assigned to a variables.</doc>
<status status="PASS" start="2025-09-01T17:07:21.752898" elapsed="0.000726"/>
</kw>
<kw name="Create Dictionary" owner="BuiltIn">
<msg time="2025-09-01T17:07:21.754171" level="INFO">${body_dict} = {'firstname': 'Bruno', 'lastname': 'Calazans Carritilha'}</msg>
<var>${body_dict}</var>
<arg>firstname=Bruno</arg>
<arg>lastname=Calazans Carritilha</arg>
<doc>Creates and returns a dictionary based on the given ``items``.</doc>
<status status="PASS" start="2025-09-01T17:07:21.753899" elapsed="0.000354"/>
</kw>
<kw name="Evaluate" owner="BuiltIn">
<msg time="2025-09-01T17:07:21.755231" level="INFO">${body} = {"firstname": "Bruno", "lastname": "Calazans Carritilha"}</msg>
<var>${body}</var>
<arg>json.dumps(${body_dict})</arg>
<arg>json</arg>
<doc>Evaluates the given expression in Python and returns the result.</doc>
<status status="PASS" start="2025-09-01T17:07:21.754568" elapsed="0.000818"/>
</kw>
<kw name="Atualizar booking parcialmente">
<kw name="Set Variable" owner="BuiltIn">
<msg time="2025-09-01T17:07:21.757296" level="INFO">${endpoint} = /booking/3023</msg>
<var>${endpoint}</var>
<arg>/booking/${booking_id}</arg>
<doc>Returns the given values which can then be assigned to a variables.</doc>
<status status="PASS" start="2025-09-01T17:07:21.756937" elapsed="0.000581"/>
</kw>
<kw name="Montar url" owner="api_config">
<kw name="Catenate" owner="BuiltIn">
<msg time="2025-09-01T17:07:21.758787" level="INFO">${url} = https://restful-booker.herokuapp.com/booking/3023</msg>
<var>${url}</var>
<arg>SEPARATOR=</arg>
<arg>${BASE_URL}</arg>
<arg>${endpoint}</arg>
<doc>Catenates the given items together and returns the resulted string.</doc>
<status status="PASS" start="2025-09-01T17:07:21.758241" elapsed="0.000682"/>
</kw>
<return>
<value>${url}</value>
<status status="PASS" start="2025-09-01T17:07:21.759027" elapsed="0.000100"/>
</return>
<msg time="2025-09-01T17:07:21.759288" level="INFO">${url} = https://restful-booker.herokuapp.com/booking/3023</msg>
<var>${url}</var>
<arg>${endpoint}</arg>
<status status="PASS" start="2025-09-01T17:07:21.757871" elapsed="0.001491"/>
</kw>
<kw name="Montar headers com cookie" owner="api_config">
<kw name="Create Dictionary" owner="BuiltIn">
<msg time="2025-09-01T17:07:21.760098" level="INFO">${headers} = {'Accept': 'application/json', 'Content-Type': 'application/json', 'Cookie': 'token=4c0c70d309e293f'}</msg>
<var>${headers}</var>
<arg>&amp;{HEADERS}</arg>
<arg>Cookie=token=${token}</arg>
<doc>Creates and returns a dictionary based on the given ``items``.</doc>
<status status="PASS" start="2025-09-01T17:07:21.759810" elapsed="0.000374"/>
</kw>
<return>
<value>${headers}</value>
<status status="PASS" start="2025-09-01T17:07:21.760266" elapsed="0.000066"/>
</return>
<msg time="2025-09-01T17:07:21.760469" level="INFO">${headers} = {'Accept': 'application/json', 'Content-Type': 'application/json', 'Cookie': 'token=4c0c70d309e293f'}</msg>
<var>${headers}</var>
<arg>${token}</arg>
<status status="PASS" start="2025-09-01T17:07:21.759525" elapsed="0.001010"/>
</kw>
<kw name="PATCH" owner="RequestsLibrary">
<msg time="2025-09-01T17:07:22.263795" level="INFO">PATCH Request : url=https://restful-booker.herokuapp.com/booking/3023 
 path_url=/booking/3023 
 headers={'User-Agent': 'python-requests/2.32.5', 'Accept-Encoding': 'gzip, deflate', 'Accept': 'application/json', 'Connection': 'keep-alive', 'Content-Type': 'application/json', 'Cookie': 'token=4c0c70d309e293f', 'Content-Length': '57'} 
 body={"firstname": "Bruno", "lastname": "Calazans Carritilha"} 
 </msg>
<msg time="2025-09-01T17:07:22.264445" level="INFO">PATCH Response : url=https://restful-booker.herokuapp.com/booking/3023 
 status=200, reason=OK 
 headers={'Content-Length': '183', 'Content-Type': 'application/json; charset=utf-8', 'Date': 'Mon, 01 Sep 2025 20:07:22 GMT', 'Etag': 'W/"b7-UG6rMrNxrhnzTjWlqZRXlwE8Dcw"', 'Nel': '{"report_to":"heroku-nel","response_headers":["Via"],"max_age":3600,"success_fraction":0.01,"failure_fraction":0.1}', 'Report-To': '{"group":"heroku-nel","endpoints":[{"url":"https://nel.heroku.com/reports?s=e678QKCDn%2BTgPxGEWn2z3RdMilPP6RtjkyD5y6tRIpo%3D\\u0026sid=c46efe9b-d3d2-4a0c-8c76-bfafa16c5add\\u0026ts=1756757242"}],"max_age":3600}', 'Reporting-Endpoints': 'heroku-nel="https://nel.heroku.com/reports?s=e678QKCDn%2BTgPxGEWn2z3RdMilPP6RtjkyD5y6tRIpo%3D&amp;sid=c46efe9b-d3d2-4a0c-8c76-bfafa16c5add&amp;ts=1756757242"', 'Server': 'Heroku', 'Via': '1.1 heroku-router', 'X-Powered-By': 'Express'} 
 body={"firstname":"Bruno","lastname":"Calazans Carritilha","totalprice":18,"depositpaid":true,"bookingdates":{"checkin":"2018-01-01","checkout":"2019-01-01"},"additionalneeds":"Breakfast"} 
 </msg>
<msg time="2025-09-01T17:07:22.265026" level="INFO">${response} = &lt;Response [200]&gt;</msg>
<var>${response}</var>
<arg>${url}</arg>
<arg>headers=${headers}</arg>
<arg>data=${body}</arg>
<doc>Sends a PUT request.</doc>
<status status="PASS" start="2025-09-01T17:07:21.760652" elapsed="0.504589"/>
</kw>
<return>
<value>${response}</value>
<status status="PASS" start="2025-09-01T17:07:22.265579" elapsed="0.000264"/>
</return>
<msg time="2025-09-01T17:07:22.266272" level="INFO">${response} = &lt;Response [200]&gt;</msg>
<var>${response}</var>
<arg>${booking_id}</arg>
<arg>${token}</arg>
<arg>${body}</arg>
<status status="PASS" start="2025-09-01T17:07:21.756197" elapsed="0.510245"/>
</kw>
<kw name="Should Be Equal As Integers" owner="BuiltIn">
<msg time="2025-09-01T17:07:22.268295" level="INFO">Argument types are:
&lt;class 'int'&gt;
&lt;class 'str'&gt;</msg>
<arg>${response.status_code}</arg>
<arg>200</arg>
<doc>Fails if objects are unequal after converting them to integers.</doc>
<status status="PASS" start="2025-09-01T17:07:22.267393" elapsed="0.001098"/>
</kw>
<kw name="To Json" owner="RequestsLibrary">
<msg time="2025-09-01T17:07:22.270433" level="WARN">Keyword 'RequestsLibrary.To Json' is deprecated. Please use ${resp.json()} instead. Have a look at the improved HTML output as pretty printing replacement.</msg>
<msg time="2025-09-01T17:07:22.272514" level="INFO">To JSON using : content={"firstname":"Bruno","lastname":"Calazans Carritilha","totalprice":18,"depositpaid":true,"bookingdates":{"checkin":"2018-01-01","checkout":"2019-01-01"},"additionalneeds":"Breakfast"} </msg>
<msg time="2025-09-01T17:07:22.272733" level="INFO">To JSON using : pretty_print=False </msg>
<msg time="2025-09-01T17:07:22.272930" level="INFO">${updated} = {'firstname': 'Bruno', 'lastname': 'Calazans Carritilha', 'totalprice': 18, 'depositpaid': True, 'bookingdates': {'checkin': '2018-01-01', 'checkout': '2019-01-01'}, 'additionalneeds': 'Breakfast'}</msg>
<var>${updated}</var>
<arg>${response.content}</arg>
<doc>*DEPRECATED* Please use ${resp.json()} instead. Have a look at the improved HTML output as pretty printing replacement.</doc>
<status status="PASS" start="2025-09-01T17:07:22.270279" elapsed="0.002910"/>
</kw>
<kw name="Should Be Equal" owner="BuiltIn">
<arg>${updated['firstname']}</arg>
<arg>Bruno</arg>
<doc>Fails if the given objects are unequal.</doc>
<status status="PASS" start="2025-09-01T17:07:22.275261" elapsed="0.003217"/>
</kw>
<kw name="Should Be Equal" owner="BuiltIn">
<arg>${updated['lastname']}</arg>
<arg>Calazans Carritilha</arg>
<doc>Fails if the given objects are unequal.</doc>
<status status="PASS" start="2025-09-01T17:07:22.278924" elapsed="0.000943"/>
</kw>
<status status="PASS" start="2025-09-01T17:07:20.566097" elapsed="1.714977"/>
</test>
<status status="PASS" start="2025-09-01T17:07:20.561006" elapsed="1.721067"/>
</suite>
<status status="PASS" start="2025-09-01T17:07:18.789061" elapsed="3.494448"/>
</suite>
<status status="PASS" start="2025-09-01T17:07:14.550894" elapsed="7.733711"/>
</suite>
<statistics>
<total>
<stat pass="7" fail="0" skip="0">All Tests</stat>
</total>
<tag>
</tag>
<suite>
<stat name="Tests" id="s1" pass="7" fail="0" skip="0">Tests</stat>
<stat name="Create" id="s1-s1" pass="2" fail="0" skip="0">Tests.Create</stat>
<stat name="Booking" id="s1-s1-s1" pass="1" fail="0" skip="0">Tests.Create.Booking</stat>
<stat name="Token" id="s1-s1-s2" pass="1" fail="0" skip="0">Tests.Create.Token</stat>
<stat name="Delete" id="s1-s2" pass="1" fail="0" skip="0">Tests.Delete</stat>
<stat name="Booking" id="s1-s2-s1" pass="1" fail="0" skip="0">Tests.Delete.Booking</stat>
<stat name="Get" id="s1-s3" pass="2" fail="0" skip="0">Tests.Get</stat>
<stat name="All Booking" id="s1-s3-s1" pass="1" fail="0" skip="0">Tests.Get.All Booking</stat>
<stat name="Booking Id" id="s1-s3-s2" pass="1" fail="0" skip="0">Tests.Get.Booking Id</stat>
<stat name="Update" id="s1-s4" pass="2" fail="0" skip="0">Tests.Update</stat>
<stat name="All Booking" id="s1-s4-s1" pass="1" fail="0" skip="0">Tests.Update.All Booking</stat>
<stat name="Partial Update Booking" id="s1-s4-s2" pass="1" fail="0" skip="0">Tests.Update.Partial Update Booking</stat>
</suite>
</statistics>
<errors>
<msg time="2025-09-01T17:07:15.780450" level="WARN">Keyword 'RequestsLibrary.To Json' is deprecated. Please use ${resp.json()} instead. Have a look at the improved HTML output as pretty printing replacement.</msg>
<msg time="2025-09-01T17:07:16.302414" level="WARN">Keyword 'RequestsLibrary.To Json' is deprecated. Please use ${resp.json()} instead. Have a look at the improved HTML output as pretty printing replacement.</msg>
<msg time="2025-09-01T17:07:18.210967" level="WARN">Keyword 'RequestsLibrary.To Json' is deprecated. Please use ${resp.json()} instead. Have a look at the improved HTML output as pretty printing replacement.</msg>
<msg time="2025-09-01T17:07:18.779549" level="WARN">Keyword 'RequestsLibrary.To Json' is deprecated. Please use ${resp.json()} instead. Have a look at the improved HTML output as pretty printing replacement.</msg>
<msg time="2025-09-01T17:07:19.309798" level="WARN">Keyword 'RequestsLibrary.To Json' is deprecated. Please use ${resp.json()} instead. Have a look at the improved HTML output as pretty printing replacement.</msg>
<msg time="2025-09-01T17:07:20.542337" level="WARN">Keyword 'RequestsLibrary.To Json' is deprecated. Please use ${resp.json()} instead. Have a look at the improved HTML output as pretty printing replacement.</msg>
<msg time="2025-09-01T17:07:21.085627" level="WARN">Keyword 'RequestsLibrary.To Json' is deprecated. Please use ${resp.json()} instead. Have a look at the improved HTML output as pretty printing replacement.</msg>
<msg time="2025-09-01T17:07:22.270433" level="WARN">Keyword 'RequestsLibrary.To Json' is deprecated. Please use ${resp.json()} instead. Have a look at the improved HTML output as pretty printing replacement.</msg>
</errors>
</robot>
