<?xml version="1.0" encoding="UTF-8"?>
<robot generator="Robot 7.3.2 (Python 3.13.5 on win32)" generated="2025-09-12T14:29:51.053914" rpa="false" schemaversion="5">
<suite id="s1" name="Tests" source="C:\Users\Bruno Calazans\Documents\Compass\Testes Robot\Sprint 6\Semana 12\Challenge 03\testes automatizados serverest com robot\tests">
<suite id="s1-s1" name="Carrinhos" source="C:\Users\Bruno Calazans\Documents\Compass\Testes Robot\Sprint 6\Semana 12\Challenge 03\testes automatizados serverest com robot\tests\carrinhos.robot">
<kw name="Create Session" owner="RequestsLibrary" type="SETUP">
<msg time="2025-09-12T14:29:51.197849" level="INFO">Creating Session using : alias=serverest, url=http://localhost:3000, headers={},                     cookies={}, auth=None, timeout=None, proxies=None, verify=False,                     debug=0 </msg>
<arg>serverest</arg>
<arg>http://localhost:3000</arg>
<doc>Create Session: create a HTTP session to a server</doc>
<status status="PASS" start="2025-09-12T14:29:51.197663" elapsed="0.000395"/>
</kw>
<test id="s1-s1-t1" name="Criar Usuario Admin Para Carrinho" line="13">
<kw name="Get Current Date" owner="DateTime">
<msg time="2025-09-12T14:29:51.199047" level="INFO">${timestamp} = 20250912142951</msg>
<var>${timestamp}</var>
<arg>result_format=%Y%m%d%H%M%S</arg>
<doc>Returns current local or UTC time with an optional increment.</doc>
<status status="PASS" start="2025-09-12T14:29:51.198613" elapsed="0.000470"/>
</kw>
<kw name="Create Dictionary" owner="BuiltIn">
<msg time="2025-09-12T14:29:51.199663" level="INFO">${dados_user} = {'nome': 'Admin Carrinho', 'email': 'carrinho20250912142951@empresa.com', 'password': '12345', 'administrador': 'true'}</msg>
<var>${dados_user}</var>
<arg>nome=Admin Carrinho</arg>
<arg>email=carrinho${timestamp}@empresa.com</arg>
<arg>password=12345</arg>
<arg>administrador=true</arg>
<doc>Creates and returns a dictionary based on the given ``items``.</doc>
<status status="PASS" start="2025-09-12T14:29:51.199306" elapsed="0.000385"/>
</kw>
<kw name="Fazer Requisicao API" owner="api">
<kw name="Create Session" owner="RequestsLibrary">
<msg time="2025-09-12T14:29:51.201074" level="INFO">Creating Session using : alias=serverest, url=http://localhost:3000, headers={},                     cookies={}, auth=None, timeout=None, proxies=None, verify=False,                     debug=0 </msg>
<arg>serverest</arg>
<arg>${BASE_URL}</arg>
<doc>Create Session: create a HTTP session to a server</doc>
<status status="PASS" start="2025-09-12T14:29:51.200914" elapsed="0.000321"/>
</kw>
<if>
<branch type="IF" condition="'${metodo}' == 'GET'">
<kw name="GET On Session" owner="RequestsLibrary">
<var>${response}</var>
<arg>serverest</arg>
<arg>${endpoint}</arg>
<arg>headers=${headers}</arg>
<arg>expected_status=any</arg>
<doc>Sends a GET request on a previously created HTTP Session.</doc>
<status status="NOT RUN" start="2025-09-12T14:29:51.201570" elapsed="0.000021"/>
</kw>
<status status="NOT RUN" start="2025-09-12T14:29:51.201353" elapsed="0.000292"/>
</branch>
<branch type="ELSE IF" condition="'${metodo}' == 'POST'">
<kw name="POST On Session" owner="RequestsLibrary">
<msg time="2025-09-12T14:29:51.221758" level="INFO">POST Request : url=http://localhost:3000/usuarios 
 path_url=/usuarios 
 headers={'Content-Length': '119', 'Content-Type': 'application/json'} 
 body=b'{"nome": "Admin Carrinho", "email": "carrinho20250912142951@empresa.com", "password": "12345", "administrador": "true"}' 
 </msg>
<msg time="2025-09-12T14:29:51.221879" level="INFO">POST Response : url=http://localhost:3000/usuarios 
 status=201, reason=Created 
 headers={'Access-Control-Allow-Origin': '*', 'x-dns-prefetch-control': 'off', 'x-frame-options': 'SAMEORIGIN', 'strict-transport-security': 'max-age=15552000; includeSubDomains', 'x-download-options': 'noopen', 'x-content-type-options': 'nosniff', 'x-xss-protection': '1; mode=block', 'Content-Type': 'application/json; charset=utf-8', 'Content-Length': '82', 'Date': 'Fri, 12 Sep 2025 17:29:51 GMT', 'Connection': 'keep-alive', 'Keep-Alive': 'timeout=5'} 
 body={
    "message": "Cadastro realizado com sucesso",
    "_id": "eQqHblz1CifK9aaA"
} 
 </msg>
<msg time="2025-09-12T14:29:51.221999" level="INFO">${response} = &lt;Response [201]&gt;</msg>
<var>${response}</var>
<arg>serverest</arg>
<arg>${endpoint}</arg>
<arg>json=${dados}</arg>
<arg>headers=${headers}</arg>
<arg>expected_status=any</arg>
<doc>Sends a POST request on a previously created HTTP Session.</doc>
<status status="PASS" start="2025-09-12T14:29:51.201896" elapsed="0.020133"/>
</kw>
<status status="PASS" start="2025-09-12T14:29:51.201678" elapsed="0.020405"/>
</branch>
<branch type="ELSE IF" condition="'${metodo}' == 'PUT'">
<kw name="PUT On Session" owner="RequestsLibrary">
<var>${response}</var>
<arg>serverest</arg>
<arg>${endpoint}</arg>
<arg>json=${dados}</arg>
<arg>headers=${headers}</arg>
<arg>expected_status=any</arg>
<doc>Sends a PUT request on a previously created HTTP Session.</doc>
<status status="NOT RUN" start="2025-09-12T14:29:51.222251" elapsed="0.000021"/>
</kw>
<status status="NOT RUN" start="2025-09-12T14:29:51.222121" elapsed="0.000196"/>
</branch>
<branch type="ELSE IF" condition="'${metodo}' == 'DELETE'">
<kw name="DELETE On Session" owner="RequestsLibrary">
<var>${response}</var>
<arg>serverest</arg>
<arg>${endpoint}</arg>
<arg>headers=${headers}</arg>
<arg>expected_status=any</arg>
<doc>Sends a DELETE request on a previously created HTTP Session.</doc>
<status status="NOT RUN" start="2025-09-12T14:29:51.222420" elapsed="0.000015"/>
</kw>
<status status="NOT RUN" start="2025-09-12T14:29:51.222339" elapsed="0.000131"/>
</branch>
<status status="PASS" start="2025-09-12T14:29:51.201321" elapsed="0.021204"/>
</if>
<return>
<value>${response}</value>
<status status="PASS" start="2025-09-12T14:29:51.222608" elapsed="0.000048"/>
</return>
<msg time="2025-09-12T14:29:51.222813" level="INFO">${response} = &lt;Response [201]&gt;</msg>
<var>${response}</var>
<arg>POST</arg>
<arg>/usuarios</arg>
<arg>${dados_user}</arg>
<doc>Keyword reutilizável para fazer requisições HTTP na API</doc>
<status status="PASS" start="2025-09-12T14:29:51.200185" elapsed="0.022655"/>
</kw>
<kw name="Should Be Equal As Numbers" owner="BuiltIn">
<msg time="2025-09-12T14:29:51.223620" level="INFO">Argument types are:
&lt;class 'int'&gt;
&lt;class 'str'&gt;</msg>
<arg>${response.status_code}</arg>
<arg>201</arg>
<doc>Fails if objects are unequal after converting them to real numbers.</doc>
<status status="PASS" start="2025-09-12T14:29:51.223123" elapsed="0.000573"/>
</kw>
<kw name="Create Dictionary" owner="BuiltIn">
<msg time="2025-09-12T14:29:51.224502" level="INFO">${dados_login} = {'email': 'carrinho20250912142951@empresa.com', 'password': '12345'}</msg>
<var>${dados_login}</var>
<arg>email=${dados_user}[email]</arg>
<arg>password=${dados_user}[password]</arg>
<doc>Creates and returns a dictionary based on the given ``items``.</doc>
<status status="PASS" start="2025-09-12T14:29:51.224087" elapsed="0.000448"/>
</kw>
<kw name="Fazer Requisicao API" owner="api">
<kw name="Create Session" owner="RequestsLibrary">
<msg time="2025-09-12T14:29:51.225686" level="INFO">Creating Session using : alias=serverest, url=http://localhost:3000, headers={},                     cookies={}, auth=None, timeout=None, proxies=None, verify=False,                     debug=0 </msg>
<arg>serverest</arg>
<arg>${BASE_URL}</arg>
<doc>Create Session: create a HTTP session to a server</doc>
<status status="PASS" start="2025-09-12T14:29:51.225562" elapsed="0.000260"/>
</kw>
<if>
<branch type="IF" condition="'${metodo}' == 'GET'">
<kw name="GET On Session" owner="RequestsLibrary">
<var>${response}</var>
<arg>serverest</arg>
<arg>${endpoint}</arg>
<arg>headers=${headers}</arg>
<arg>expected_status=any</arg>
<doc>Sends a GET request on a previously created HTTP Session.</doc>
<status status="NOT RUN" start="2025-09-12T14:29:51.226105" elapsed="0.000019"/>
</kw>
<status status="NOT RUN" start="2025-09-12T14:29:51.225908" elapsed="0.000256"/>
</branch>
<branch type="ELSE IF" condition="'${metodo}' == 'POST'">
<kw name="POST On Session" owner="RequestsLibrary">
<msg time="2025-09-12T14:29:51.234230" level="INFO">POST Request : url=http://localhost:3000/login 
 path_url=/login 
 headers={'Content-Length': '68', 'Content-Type': 'application/json'} 
 body=b'{"email": "carrinho20250912142951@empresa.com", "password": "12345"}' 
 </msg>
<msg time="2025-09-12T14:29:51.234368" level="INFO">POST Response : url=http://localhost:3000/login 
 status=200, reason=OK 
 headers={'Access-Control-Allow-Origin': '*', 'x-dns-prefetch-control': 'off', 'x-frame-options': 'SAMEORIGIN', 'strict-transport-security': 'max-age=15552000; includeSubDomains', 'x-download-options': 'noopen', 'x-content-type-options': 'nosniff', 'x-xss-protection': '1; mode=block', 'Content-Type': 'application/json; charset=utf-8', 'Content-Length': '293', 'Date': 'Fri, 12 Sep 2025 17:29:51 GMT', 'Connection': 'keep-alive', 'Keep-Alive': 'timeout=5'} 
 body={
    "message": "Login realizado com sucesso",
    "authorization": "Bearer eyJhbGciOiJIUzI1NiIsInR5cCI6IkpXVCJ9.eyJlbWFpbCI6ImNhcnJpbmhvMjAyNTA5MTIxNDI5NTFAZW1wcmVzYS5jb20iLCJwYXNzd29yZCI6IjEyMzQ1IiwiaWF0IjoxNzU3Njk4MTkxLCJleHAiOjE3NTc2OTg3OTF9.Vii7tA_8zj-zI7pwD0iYUnz-kYu1X0Ty5FmO4pQNBF8"
} 
 </msg>
<msg time="2025-09-12T14:29:51.234524" level="INFO">${response} = &lt;Response [200]&gt;</msg>
<var>${response}</var>
<arg>serverest</arg>
<arg>${endpoint}</arg>
<arg>json=${dados}</arg>
<arg>headers=${headers}</arg>
<arg>expected_status=any</arg>
<doc>Sends a POST request on a previously created HTTP Session.</doc>
<status status="PASS" start="2025-09-12T14:29:51.226514" elapsed="0.008040"/>
</kw>
<status status="PASS" start="2025-09-12T14:29:51.226335" elapsed="0.008286"/>
</branch>
<branch type="ELSE IF" condition="'${metodo}' == 'PUT'">
<kw name="PUT On Session" owner="RequestsLibrary">
<var>${response}</var>
<arg>serverest</arg>
<arg>${endpoint}</arg>
<arg>json=${dados}</arg>
<arg>headers=${headers}</arg>
<arg>expected_status=any</arg>
<doc>Sends a PUT request on a previously created HTTP Session.</doc>
<status status="NOT RUN" start="2025-09-12T14:29:51.234818" elapsed="0.000024"/>
</kw>
<status status="NOT RUN" start="2025-09-12T14:29:51.234655" elapsed="0.000235"/>
</branch>
<branch type="ELSE IF" condition="'${metodo}' == 'DELETE'">
<kw name="DELETE On Session" owner="RequestsLibrary">
<var>${response}</var>
<arg>serverest</arg>
<arg>${endpoint}</arg>
<arg>headers=${headers}</arg>
<arg>expected_status=any</arg>
<doc>Sends a DELETE request on a previously created HTTP Session.</doc>
<status status="NOT RUN" start="2025-09-12T14:29:51.235070" elapsed="0.000022"/>
</kw>
<status status="NOT RUN" start="2025-09-12T14:29:51.234956" elapsed="0.000180"/>
</branch>
<status status="PASS" start="2025-09-12T14:29:51.225886" elapsed="0.009274"/>
</if>
<return>
<value>${response}</value>
<status status="PASS" start="2025-09-12T14:29:51.235206" elapsed="0.000042"/>
</return>
<msg time="2025-09-12T14:29:51.235413" level="INFO">${response_login} = &lt;Response [200]&gt;</msg>
<var>${response_login}</var>
<arg>POST</arg>
<arg>/login</arg>
<arg>${dados_login}</arg>
<doc>Keyword reutilizável para fazer requisições HTTP na API</doc>
<status status="PASS" start="2025-09-12T14:29:51.224965" elapsed="0.010475"/>
</kw>
<kw name="Should Be Equal As Numbers" owner="BuiltIn">
<msg time="2025-09-12T14:29:51.236155" level="INFO">Argument types are:
&lt;class 'int'&gt;
&lt;class 'str'&gt;</msg>
<arg>${response_login.status_code}</arg>
<arg>200</arg>
<doc>Fails if objects are unequal after converting them to real numbers.</doc>
<status status="PASS" start="2025-09-12T14:29:51.235736" elapsed="0.000487"/>
</kw>
<kw name="Set Global Variable" owner="BuiltIn">
<msg time="2025-09-12T14:29:51.236902" level="INFO">${TOKEN_AUTH} = Bearer eyJhbGciOiJIUzI1NiIsInR5cCI6IkpXVCJ9.eyJlbWFpbCI6ImNhcnJpbmhvMjAyNTA5MTIxNDI5NTFAZW1wcmVzYS5jb20iLCJwYXNzd29yZCI6IjEyMzQ1IiwiaWF0IjoxNzU3Njk4MTkxLCJleHAiOjE3NTc2OTg3OTF9.Vii7tA_8zj-zI7pwD0iYUnz...</msg>
<arg>${TOKEN_AUTH}</arg>
<arg>${response_login.json()}[authorization]</arg>
<doc>Makes a variable available globally in all tests and suites.</doc>
<status status="PASS" start="2025-09-12T14:29:51.236434" elapsed="0.000518"/>
</kw>
<status status="PASS" start="2025-09-12T14:29:51.198200" elapsed="0.038988"/>
</test>
<test id="s1-s1-t2" name="Criar Produto Para Carrinho" line="26">
<kw name="Get Current Date" owner="DateTime">
<msg time="2025-09-12T14:29:51.238324" level="INFO">${timestamp} = 20250912142951</msg>
<var>${timestamp}</var>
<arg>result_format=%Y%m%d%H%M%S</arg>
<doc>Returns current local or UTC time with an optional increment.</doc>
<status status="PASS" start="2025-09-12T14:29:51.238026" elapsed="0.000325"/>
</kw>
<kw name="Create Dictionary" owner="BuiltIn">
<msg time="2025-09-12T14:29:51.238834" level="INFO">${headers} = {'Authorization': 'Bearer eyJhbGciOiJIUzI1NiIsInR5cCI6IkpXVCJ9.eyJlbWFpbCI6ImNhcnJpbmhvMjAyNTA5MTIxNDI5NTFAZW1wcmVzYS5jb20iLCJwYXNzd29yZCI6IjEyMzQ1IiwiaWF0IjoxNzU3Njk4MTkxLCJleHAiOjE3NTc2OTg3OTF9.Vii7...</msg>
<var>${headers}</var>
<arg>Authorization=${TOKEN_AUTH}</arg>
<doc>Creates and returns a dictionary based on the given ``items``.</doc>
<status status="PASS" start="2025-09-12T14:29:51.238572" elapsed="0.000289"/>
</kw>
<kw name="Create Dictionary" owner="BuiltIn">
<msg time="2025-09-12T14:29:51.239326" level="INFO">${dados} = {'nome': 'ProdutoCarrinho20250912142951', 'preco': '100', 'descricao': 'Produto para carrinho', 'quantidade': '10'}</msg>
<var>${dados}</var>
<arg>nome=ProdutoCarrinho${timestamp}</arg>
<arg>preco=100</arg>
<arg>descricao=Produto para carrinho</arg>
<arg>quantidade=10</arg>
<doc>Creates and returns a dictionary based on the given ``items``.</doc>
<status status="PASS" start="2025-09-12T14:29:51.239081" elapsed="0.000271"/>
</kw>
<kw name="Fazer Requisicao API" owner="api">
<kw name="Create Session" owner="RequestsLibrary">
<msg time="2025-09-12T14:29:51.240157" level="INFO">Creating Session using : alias=serverest, url=http://localhost:3000, headers={},                     cookies={}, auth=None, timeout=None, proxies=None, verify=False,                     debug=0 </msg>
<arg>serverest</arg>
<arg>${BASE_URL}</arg>
<doc>Create Session: create a HTTP session to a server</doc>
<status status="PASS" start="2025-09-12T14:29:51.240042" elapsed="0.000247"/>
</kw>
<if>
<branch type="IF" condition="'${metodo}' == 'GET'">
<kw name="GET On Session" owner="RequestsLibrary">
<var>${response}</var>
<arg>serverest</arg>
<arg>${endpoint}</arg>
<arg>headers=${headers}</arg>
<arg>expected_status=any</arg>
<doc>Sends a GET request on a previously created HTTP Session.</doc>
<status status="NOT RUN" start="2025-09-12T14:29:51.240571" elapsed="0.000027"/>
</kw>
<status status="NOT RUN" start="2025-09-12T14:29:51.240376" elapsed="0.000266"/>
</branch>
<branch type="ELSE IF" condition="'${metodo}' == 'POST'">
<kw name="POST On Session" owner="RequestsLibrary">
<msg time="2025-09-12T14:29:51.248300" level="INFO">POST Request : url=http://localhost:3000/produtos 
 path_url=/produtos 
 headers={'User-Agent': 'python-requests/2.32.5', 'Accept-Encoding': 'gzip, deflate', 'Accept': '*/*', 'Connection': 'keep-alive', 'Authorization': 'Bearer eyJhbGciOiJIUzI1NiIsInR5cCI6IkpXVCJ9.eyJlbWFpbCI6ImNhcnJpbmhvMjAyNTA5MTIxNDI5NTFAZW1wcmVzYS5jb20iLCJwYXNzd29yZCI6IjEyMzQ1IiwiaWF0IjoxNzU3Njk4MTkxLCJleHAiOjE3NTc2OTg3OTF9.Vii7tA_8zj-zI7pwD0iYUnz-kYu1X0Ty5FmO4pQNBF8', 'Content-Length': '115', 'Content-Type': 'application/json'} 
 body=b'{"nome": "ProdutoCarrinho20250912142951", "preco": "100", "descricao": "Produto para carrinho", "quantidade": "10"}' 
 </msg>
<msg time="2025-09-12T14:29:51.248389" level="INFO">POST Response : url=http://localhost:3000/produtos 
 status=201, reason=Created 
 headers={'Access-Control-Allow-Origin': '*', 'x-dns-prefetch-control': 'off', 'x-frame-options': 'SAMEORIGIN', 'strict-transport-security': 'max-age=15552000; includeSubDomains', 'x-download-options': 'noopen', 'x-content-type-options': 'nosniff', 'x-xss-protection': '1; mode=block', 'Content-Type': 'application/json; charset=utf-8', 'Content-Length': '82', 'Date': 'Fri, 12 Sep 2025 17:29:51 GMT', 'Connection': 'keep-alive', 'Keep-Alive': 'timeout=5'} 
 body={
    "message": "Cadastro realizado com sucesso",
    "_id": "w3q1YhXhDC9eELbv"
} 
 </msg>
<msg time="2025-09-12T14:29:51.248673" level="INFO">${response} = &lt;Response [201]&gt;</msg>
<var>${response}</var>
<arg>serverest</arg>
<arg>${endpoint}</arg>
<arg>json=${dados}</arg>
<arg>headers=${headers}</arg>
<arg>expected_status=any</arg>
<doc>Sends a POST request on a previously created HTTP Session.</doc>
<status status="PASS" start="2025-09-12T14:29:51.240833" elapsed="0.007872"/>
</kw>
<status status="PASS" start="2025-09-12T14:29:51.240679" elapsed="0.008085"/>
</branch>
<branch type="ELSE IF" condition="'${metodo}' == 'PUT'">
<kw name="PUT On Session" owner="RequestsLibrary">
<var>${response}</var>
<arg>serverest</arg>
<arg>${endpoint}</arg>
<arg>json=${dados}</arg>
<arg>headers=${headers}</arg>
<arg>expected_status=any</arg>
<doc>Sends a PUT request on a previously created HTTP Session.</doc>
<status status="NOT RUN" start="2025-09-12T14:29:51.248948" elapsed="0.000022"/>
</kw>
<status status="NOT RUN" start="2025-09-12T14:29:51.248797" elapsed="0.000226"/>
</branch>
<branch type="ELSE IF" condition="'${metodo}' == 'DELETE'">
<kw name="DELETE On Session" owner="RequestsLibrary">
<var>${response}</var>
<arg>serverest</arg>
<arg>${endpoint}</arg>
<arg>headers=${headers}</arg>
<arg>expected_status=any</arg>
<doc>Sends a DELETE request on a previously created HTTP Session.</doc>
<status status="NOT RUN" start="2025-09-12T14:29:51.249148" elapsed="0.000032"/>
</kw>
<status status="NOT RUN" start="2025-09-12T14:29:51.249048" elapsed="0.000174"/>
</branch>
<status status="PASS" start="2025-09-12T14:29:51.240356" elapsed="0.008888"/>
</if>
<return>
<value>${response}</value>
<status status="PASS" start="2025-09-12T14:29:51.249329" elapsed="0.000098"/>
</return>
<msg time="2025-09-12T14:29:51.249625" level="INFO">${response} = &lt;Response [201]&gt;</msg>
<var>${response}</var>
<arg>POST</arg>
<arg>/produtos</arg>
<arg>${dados}</arg>
<arg>${headers}</arg>
<doc>Keyword reutilizável para fazer requisições HTTP na API</doc>
<status status="PASS" start="2025-09-12T14:29:51.239696" elapsed="0.009960"/>
</kw>
<kw name="Should Be Equal As Numbers" owner="BuiltIn">
<msg time="2025-09-12T14:29:51.250464" level="INFO">Argument types are:
&lt;class 'int'&gt;
&lt;class 'str'&gt;</msg>
<arg>${response.status_code}</arg>
<arg>201</arg>
<doc>Fails if objects are unequal after converting them to real numbers.</doc>
<status status="PASS" start="2025-09-12T14:29:51.249981" elapsed="0.000559"/>
</kw>
<kw name="Set Global Variable" owner="BuiltIn">
<msg time="2025-09-12T14:29:51.251259" level="INFO">${ID_PRODUTO} = w3q1YhXhDC9eELbv</msg>
<arg>${ID_PRODUTO}</arg>
<arg>${response.json()}[_id]</arg>
<doc>Makes a variable available globally in all tests and suites.</doc>
<status status="PASS" start="2025-09-12T14:29:51.250779" elapsed="0.000532"/>
</kw>
<status status="PASS" start="2025-09-12T14:29:51.237685" elapsed="0.013846"/>
</test>
<test id="s1-s1-t3" name="Teste POST Carrinho Sucesso" line="35">
<kw name="Create Dictionary" owner="BuiltIn">
<msg time="2025-09-12T14:29:51.252615" level="INFO">${headers} = {'Authorization': 'Bearer eyJhbGciOiJIUzI1NiIsInR5cCI6IkpXVCJ9.eyJlbWFpbCI6ImNhcnJpbmhvMjAyNTA5MTIxNDI5NTFAZW1wcmVzYS5jb20iLCJwYXNzd29yZCI6IjEyMzQ1IiwiaWF0IjoxNzU3Njk4MTkxLCJleHAiOjE3NTc2OTg3OTF9.Vii7...</msg>
<var>${headers}</var>
<arg>Authorization=${TOKEN_AUTH}</arg>
<doc>Creates and returns a dictionary based on the given ``items``.</doc>
<status status="PASS" start="2025-09-12T14:29:51.252405" elapsed="0.000237"/>
</kw>
<kw name="Create Dictionary" owner="BuiltIn">
<msg time="2025-09-12T14:29:51.253029" level="INFO">${produto} = {'idProduto': 'w3q1YhXhDC9eELbv', 'quantidade': '1'}</msg>
<var>${produto}</var>
<arg>idProduto=${ID_PRODUTO}</arg>
<arg>quantidade=1</arg>
<doc>Creates and returns a dictionary based on the given ``items``.</doc>
<status status="PASS" start="2025-09-12T14:29:51.252839" elapsed="0.000214"/>
</kw>
<kw name="Create List" owner="BuiltIn">
<msg time="2025-09-12T14:29:51.253551" level="INFO">${produtos} = [{'idProduto': 'w3q1YhXhDC9eELbv', 'quantidade': '1'}]</msg>
<var>${produtos}</var>
<arg>${produto}</arg>
<doc>Returns a list containing given items.</doc>
<status status="PASS" start="2025-09-12T14:29:51.253299" elapsed="0.000280"/>
</kw>
<kw name="Create Dictionary" owner="BuiltIn">
<msg time="2025-09-12T14:29:51.253988" level="INFO">${dados} = {'produtos': [{'idProduto': 'w3q1YhXhDC9eELbv', 'quantidade': '1'}]}</msg>
<var>${dados}</var>
<arg>produtos=${produtos}</arg>
<doc>Creates and returns a dictionary based on the given ``items``.</doc>
<status status="PASS" start="2025-09-12T14:29:51.253792" elapsed="0.000220"/>
</kw>
<kw name="Fazer Requisicao API" owner="api">
<kw name="Create Session" owner="RequestsLibrary">
<msg time="2025-09-12T14:29:51.254790" level="INFO">Creating Session using : alias=serverest, url=http://localhost:3000, headers={},                     cookies={}, auth=None, timeout=None, proxies=None, verify=False,                     debug=0 </msg>
<arg>serverest</arg>
<arg>${BASE_URL}</arg>
<doc>Create Session: create a HTTP session to a server</doc>
<status status="PASS" start="2025-09-12T14:29:51.254674" elapsed="0.000249"/>
</kw>
<if>
<branch type="IF" condition="'${metodo}' == 'GET'">
<kw name="GET On Session" owner="RequestsLibrary">
<var>${response}</var>
<arg>serverest</arg>
<arg>${endpoint}</arg>
<arg>headers=${headers}</arg>
<arg>expected_status=any</arg>
<doc>Sends a GET request on a previously created HTTP Session.</doc>
<status status="NOT RUN" start="2025-09-12T14:29:51.255186" elapsed="0.000019"/>
</kw>
<status status="NOT RUN" start="2025-09-12T14:29:51.255003" elapsed="0.000241"/>
</branch>
<branch type="ELSE IF" condition="'${metodo}' == 'POST'">
<kw name="POST On Session" owner="RequestsLibrary">
<msg time="2025-09-12T14:29:51.266028" level="INFO">POST Request : url=http://localhost:3000/carrinhos 
 path_url=/carrinhos 
 headers={'User-Agent': 'python-requests/2.32.5', 'Accept-Encoding': 'gzip, deflate', 'Accept': '*/*', 'Connection': 'keep-alive', 'Authorization': 'Bearer eyJhbGciOiJIUzI1NiIsInR5cCI6IkpXVCJ9.eyJlbWFpbCI6ImNhcnJpbmhvMjAyNTA5MTIxNDI5NTFAZW1wcmVzYS5jb20iLCJwYXNzd29yZCI6IjEyMzQ1IiwiaWF0IjoxNzU3Njk4MTkxLCJleHAiOjE3NTc2OTg3OTF9.Vii7tA_8zj-zI7pwD0iYUnz-kYu1X0Ty5FmO4pQNBF8', 'Content-Length': '68', 'Content-Type': 'application/json'} 
 body=b'{"produtos": [{"idProduto": "w3q1YhXhDC9eELbv", "quantidade": "1"}]}' 
 </msg>
<msg time="2025-09-12T14:29:51.266187" level="INFO">POST Response : url=http://localhost:3000/carrinhos 
 status=201, reason=Created 
 headers={'Access-Control-Allow-Origin': '*', 'x-dns-prefetch-control': 'off', 'x-frame-options': 'SAMEORIGIN', 'strict-transport-security': 'max-age=15552000; includeSubDomains', 'x-download-options': 'noopen', 'x-content-type-options': 'nosniff', 'x-xss-protection': '1; mode=block', 'Content-Type': 'application/json; charset=utf-8', 'Content-Length': '82', 'Date': 'Fri, 12 Sep 2025 17:29:51 GMT', 'Connection': 'keep-alive', 'Keep-Alive': 'timeout=5'} 
 body={
    "message": "Cadastro realizado com sucesso",
    "_id": "6gOtEWk16WnCxwoL"
} 
 </msg>
<msg time="2025-09-12T14:29:51.266319" level="INFO">${response} = &lt;Response [201]&gt;</msg>
<var>${response}</var>
<arg>serverest</arg>
<arg>${endpoint}</arg>
<arg>json=${dados}</arg>
<arg>headers=${headers}</arg>
<arg>expected_status=any</arg>
<doc>Sends a POST request on a previously created HTTP Session.</doc>
<status status="PASS" start="2025-09-12T14:29:51.255416" elapsed="0.010930"/>
</kw>
<status status="PASS" start="2025-09-12T14:29:51.255267" elapsed="0.011175"/>
</branch>
<branch type="ELSE IF" condition="'${metodo}' == 'PUT'">
<kw name="PUT On Session" owner="RequestsLibrary">
<var>${response}</var>
<arg>serverest</arg>
<arg>${endpoint}</arg>
<arg>json=${dados}</arg>
<arg>headers=${headers}</arg>
<arg>expected_status=any</arg>
<doc>Sends a PUT request on a previously created HTTP Session.</doc>
<status status="NOT RUN" start="2025-09-12T14:29:51.266650" elapsed="0.000021"/>
</kw>
<status status="NOT RUN" start="2025-09-12T14:29:51.266496" elapsed="0.000215"/>
</branch>
<branch type="ELSE IF" condition="'${metodo}' == 'DELETE'">
<kw name="DELETE On Session" owner="RequestsLibrary">
<var>${response}</var>
<arg>serverest</arg>
<arg>${endpoint}</arg>
<arg>headers=${headers}</arg>
<arg>expected_status=any</arg>
<doc>Sends a DELETE request on a previously created HTTP Session.</doc>
<status status="NOT RUN" start="2025-09-12T14:29:51.266929" elapsed="0.000020"/>
</kw>
<status status="NOT RUN" start="2025-09-12T14:29:51.266822" elapsed="0.000169"/>
</branch>
<status status="PASS" start="2025-09-12T14:29:51.254982" elapsed="0.012031"/>
</if>
<return>
<value>${response}</value>
<status status="PASS" start="2025-09-12T14:29:51.267059" elapsed="0.000038"/>
</return>
<msg time="2025-09-12T14:29:51.267274" level="INFO">${response} = &lt;Response [201]&gt;</msg>
<var>${response}</var>
<arg>POST</arg>
<arg>/carrinhos</arg>
<arg>${dados}</arg>
<arg>${headers}</arg>
<doc>Keyword reutilizável para fazer requisições HTTP na API</doc>
<status status="PASS" start="2025-09-12T14:29:51.254357" elapsed="0.012942"/>
</kw>
<kw name="Should Be Equal As Numbers" owner="BuiltIn">
<msg time="2025-09-12T14:29:51.268340" level="INFO">Argument types are:
&lt;class 'int'&gt;
&lt;class 'str'&gt;</msg>
<arg>${response.status_code}</arg>
<arg>201</arg>
<doc>Fails if objects are unequal after converting them to real numbers.</doc>
<status status="PASS" start="2025-09-12T14:29:51.267864" elapsed="0.000548"/>
</kw>
<kw name="Should Be Equal" owner="BuiltIn">
<arg>${response.json()}[message]</arg>
<arg>Cadastro realizado com sucesso</arg>
<doc>Fails if the given objects are unequal.</doc>
<status status="PASS" start="2025-09-12T14:29:51.269060" elapsed="0.000518"/>
</kw>
<kw name="Should Contain" owner="BuiltIn">
<arg>${response.json()}</arg>
<arg>_id</arg>
<doc>Fails if ``container`` does not contain ``item`` one or more times.</doc>
<status status="PASS" start="2025-09-12T14:29:51.269832" elapsed="0.001085"/>
</kw>
<kw name="Set Global Variable" owner="BuiltIn">
<msg time="2025-09-12T14:29:51.271633" level="INFO">${ID_CARRINHO} = 6gOtEWk16WnCxwoL</msg>
<arg>${ID_CARRINHO}</arg>
<arg>${response.json()}[_id]</arg>
<doc>Makes a variable available globally in all tests and suites.</doc>
<status status="PASS" start="2025-09-12T14:29:51.271175" elapsed="0.000506"/>
</kw>
<status status="PASS" start="2025-09-12T14:29:51.252067" elapsed="0.019936"/>
</test>
<test id="s1-s1-t4" name="Teste POST Carrinho Sem Token" line="48">
<kw name="Create Dictionary" owner="BuiltIn">
<msg time="2025-09-12T14:29:51.273023" level="INFO">${produto} = {'idProduto': 'w3q1YhXhDC9eELbv', 'quantidade': '1'}</msg>
<var>${produto}</var>
<arg>idProduto=${ID_PRODUTO}</arg>
<arg>quantidade=1</arg>
<doc>Creates and returns a dictionary based on the given ``items``.</doc>
<status status="PASS" start="2025-09-12T14:29:51.272793" elapsed="0.000256"/>
</kw>
<kw name="Create List" owner="BuiltIn">
<msg time="2025-09-12T14:29:51.273387" level="INFO">${produtos} = [{'idProduto': 'w3q1YhXhDC9eELbv', 'quantidade': '1'}]</msg>
<var>${produtos}</var>
<arg>${produto}</arg>
<doc>Returns a list containing given items.</doc>
<status status="PASS" start="2025-09-12T14:29:51.273249" elapsed="0.000160"/>
</kw>
<kw name="Create Dictionary" owner="BuiltIn">
<msg time="2025-09-12T14:29:51.273773" level="INFO">${dados} = {'produtos': [{'idProduto': 'w3q1YhXhDC9eELbv', 'quantidade': '1'}]}</msg>
<var>${dados}</var>
<arg>produtos=${produtos}</arg>
<doc>Creates and returns a dictionary based on the given ``items``.</doc>
<status status="PASS" start="2025-09-12T14:29:51.273600" elapsed="0.000195"/>
</kw>
<kw name="Fazer Requisicao API" owner="api">
<kw name="Create Session" owner="RequestsLibrary">
<msg time="2025-09-12T14:29:51.274864" level="INFO">Creating Session using : alias=serverest, url=http://localhost:3000, headers={},                     cookies={}, auth=None, timeout=None, proxies=None, verify=False,                     debug=0 </msg>
<arg>serverest</arg>
<arg>${BASE_URL}</arg>
<doc>Create Session: create a HTTP session to a server</doc>
<status status="PASS" start="2025-09-12T14:29:51.274745" elapsed="0.000255"/>
</kw>
<if>
<branch type="IF" condition="'${metodo}' == 'GET'">
<kw name="GET On Session" owner="RequestsLibrary">
<var>${response}</var>
<arg>serverest</arg>
<arg>${endpoint}</arg>
<arg>headers=${headers}</arg>
<arg>expected_status=any</arg>
<doc>Sends a GET request on a previously created HTTP Session.</doc>
<status status="NOT RUN" start="2025-09-12T14:29:51.275258" elapsed="0.000019"/>
</kw>
<status status="NOT RUN" start="2025-09-12T14:29:51.275079" elapsed="0.000239"/>
</branch>
<branch type="ELSE IF" condition="'${metodo}' == 'POST'">
<kw name="POST On Session" owner="RequestsLibrary">
<msg time="2025-09-12T14:29:51.280946" level="INFO">POST Request : url=http://localhost:3000/carrinhos 
 path_url=/carrinhos 
 headers={'Content-Length': '68', 'Content-Type': 'application/json'} 
 body=b'{"produtos": [{"idProduto": "w3q1YhXhDC9eELbv", "quantidade": "1"}]}' 
 </msg>
<msg time="2025-09-12T14:29:51.281027" level="INFO">POST Response : url=http://localhost:3000/carrinhos 
 status=401, reason=Unauthorized 
 headers={'Access-Control-Allow-Origin': '*', 'x-dns-prefetch-control': 'off', 'x-frame-options': 'SAMEORIGIN', 'strict-transport-security': 'max-age=15552000; includeSubDomains', 'x-download-options': 'noopen', 'x-content-type-options': 'nosniff', 'x-xss-protection': '1; mode=block', 'Content-Type': 'application/json; charset=utf-8', 'Content-Length': '103', 'Date': 'Fri, 12 Sep 2025 17:29:51 GMT', 'Connection': 'keep-alive', 'Keep-Alive': 'timeout=5'} 
 body={
    "message": "Token de acesso ausente, inválido, expirado ou usuário do token não existe mais"
} 
 </msg>
<msg time="2025-09-12T14:29:51.281158" level="INFO">${response} = &lt;Response [401]&gt;</msg>
<var>${response}</var>
<arg>serverest</arg>
<arg>${endpoint}</arg>
<arg>json=${dados}</arg>
<arg>headers=${headers}</arg>
<arg>expected_status=any</arg>
<doc>Sends a POST request on a previously created HTTP Session.</doc>
<status status="PASS" start="2025-09-12T14:29:51.275511" elapsed="0.005673"/>
</kw>
<status status="PASS" start="2025-09-12T14:29:51.275342" elapsed="0.005900"/>
</branch>
<branch type="ELSE IF" condition="'${metodo}' == 'PUT'">
<kw name="PUT On Session" owner="RequestsLibrary">
<var>${response}</var>
<arg>serverest</arg>
<arg>${endpoint}</arg>
<arg>json=${dados}</arg>
<arg>headers=${headers}</arg>
<arg>expected_status=any</arg>
<doc>Sends a PUT request on a previously created HTTP Session.</doc>
<status status="NOT RUN" start="2025-09-12T14:29:51.281442" elapsed="0.000035"/>
</kw>
<status status="NOT RUN" start="2025-09-12T14:29:51.281276" elapsed="0.000261"/>
</branch>
<branch type="ELSE IF" condition="'${metodo}' == 'DELETE'">
<kw name="DELETE On Session" owner="RequestsLibrary">
<var>${response}</var>
<arg>serverest</arg>
<arg>${endpoint}</arg>
<arg>headers=${headers}</arg>
<arg>expected_status=any</arg>
<doc>Sends a DELETE request on a previously created HTTP Session.</doc>
<status status="NOT RUN" start="2025-09-12T14:29:51.281744" elapsed="0.000024"/>
</kw>
<status status="NOT RUN" start="2025-09-12T14:29:51.281568" elapsed="0.000247"/>
</branch>
<status status="PASS" start="2025-09-12T14:29:51.275060" elapsed="0.006781"/>
</if>
<return>
<value>${response}</value>
<status status="PASS" start="2025-09-12T14:29:51.281886" elapsed="0.000035"/>
</return>
<msg time="2025-09-12T14:29:51.282272" level="INFO">${response} = &lt;Response [401]&gt;</msg>
<var>${response}</var>
<arg>POST</arg>
<arg>/carrinhos</arg>
<arg>${dados}</arg>
<doc>Keyword reutilizável para fazer requisições HTTP na API</doc>
<status status="PASS" start="2025-09-12T14:29:51.274126" elapsed="0.008188"/>
</kw>
<kw name="Should Be Equal As Numbers" owner="BuiltIn">
<msg time="2025-09-12T14:29:51.283074" level="INFO">Argument types are:
&lt;class 'int'&gt;
&lt;class 'str'&gt;</msg>
<arg>${response.status_code}</arg>
<arg>401</arg>
<doc>Fails if objects are unequal after converting them to real numbers.</doc>
<status status="PASS" start="2025-09-12T14:29:51.282615" elapsed="0.000552"/>
</kw>
<kw name="Should Be Equal" owner="BuiltIn">
<arg>${response.json()}[message]</arg>
<arg>Token de acesso ausente, inválido, expirado ou usuário do token não existe mais</arg>
<doc>Fails if the given objects are unequal.</doc>
<status status="PASS" start="2025-09-12T14:29:51.283510" elapsed="0.000479"/>
</kw>
<status status="PASS" start="2025-09-12T14:29:51.272438" elapsed="0.011734"/>
</test>
<test id="s1-s1-t5" name="Teste POST Carrinho Duplicado" line="57">
<kw name="Create Dictionary" owner="BuiltIn">
<msg time="2025-09-12T14:29:51.285232" level="INFO">${headers} = {'Authorization': 'Bearer eyJhbGciOiJIUzI1NiIsInR5cCI6IkpXVCJ9.eyJlbWFpbCI6ImNhcnJpbmhvMjAyNTA5MTIxNDI5NTFAZW1wcmVzYS5jb20iLCJwYXNzd29yZCI6IjEyMzQ1IiwiaWF0IjoxNzU3Njk4MTkxLCJleHAiOjE3NTc2OTg3OTF9.Vii7...</msg>
<var>${headers}</var>
<arg>Authorization=${TOKEN_AUTH}</arg>
<doc>Creates and returns a dictionary based on the given ``items``.</doc>
<status status="PASS" start="2025-09-12T14:29:51.284994" elapsed="0.000266"/>
</kw>
<kw name="Create Dictionary" owner="BuiltIn">
<msg time="2025-09-12T14:29:51.285634" level="INFO">${produto} = {'idProduto': 'w3q1YhXhDC9eELbv', 'quantidade': '1'}</msg>
<var>${produto}</var>
<arg>idProduto=${ID_PRODUTO}</arg>
<arg>quantidade=1</arg>
<doc>Creates and returns a dictionary based on the given ``items``.</doc>
<status status="PASS" start="2025-09-12T14:29:51.285442" elapsed="0.000215"/>
</kw>
<kw name="Create List" owner="BuiltIn">
<msg time="2025-09-12T14:29:51.285957" level="INFO">${produtos} = [{'idProduto': 'w3q1YhXhDC9eELbv', 'quantidade': '1'}]</msg>
<var>${produtos}</var>
<arg>${produto}</arg>
<doc>Returns a list containing given items.</doc>
<status status="PASS" start="2025-09-12T14:29:51.285824" elapsed="0.000155"/>
</kw>
<kw name="Create Dictionary" owner="BuiltIn">
<msg time="2025-09-12T14:29:51.286321" level="INFO">${dados} = {'produtos': [{'idProduto': 'w3q1YhXhDC9eELbv', 'quantidade': '1'}]}</msg>
<var>${dados}</var>
<arg>produtos=${produtos}</arg>
<doc>Creates and returns a dictionary based on the given ``items``.</doc>
<status status="PASS" start="2025-09-12T14:29:51.286147" elapsed="0.000197"/>
</kw>
<kw name="Fazer Requisicao API" owner="api">
<kw name="Create Session" owner="RequestsLibrary">
<msg time="2025-09-12T14:29:51.287169" level="INFO">Creating Session using : alias=serverest, url=http://localhost:3000, headers={},                     cookies={}, auth=None, timeout=None, proxies=None, verify=False,                     debug=0 </msg>
<arg>serverest</arg>
<arg>${BASE_URL}</arg>
<doc>Create Session: create a HTTP session to a server</doc>
<status status="PASS" start="2025-09-12T14:29:51.287015" elapsed="0.000289"/>
</kw>
<if>
<branch type="IF" condition="'${metodo}' == 'GET'">
<kw name="GET On Session" owner="RequestsLibrary">
<var>${response}</var>
<arg>serverest</arg>
<arg>${endpoint}</arg>
<arg>headers=${headers}</arg>
<arg>expected_status=any</arg>
<doc>Sends a GET request on a previously created HTTP Session.</doc>
<status status="NOT RUN" start="2025-09-12T14:29:51.287608" elapsed="0.000023"/>
</kw>
<status status="NOT RUN" start="2025-09-12T14:29:51.287389" elapsed="0.000291"/>
</branch>
<branch type="ELSE IF" condition="'${metodo}' == 'POST'">
<kw name="POST On Session" owner="RequestsLibrary">
<msg time="2025-09-12T14:29:51.294958" level="INFO">POST Request : url=http://localhost:3000/carrinhos 
 path_url=/carrinhos 
 headers={'User-Agent': 'python-requests/2.32.5', 'Accept-Encoding': 'gzip, deflate', 'Accept': '*/*', 'Connection': 'keep-alive', 'Authorization': 'Bearer eyJhbGciOiJIUzI1NiIsInR5cCI6IkpXVCJ9.eyJlbWFpbCI6ImNhcnJpbmhvMjAyNTA5MTIxNDI5NTFAZW1wcmVzYS5jb20iLCJwYXNzd29yZCI6IjEyMzQ1IiwiaWF0IjoxNzU3Njk4MTkxLCJleHAiOjE3NTc2OTg3OTF9.Vii7tA_8zj-zI7pwD0iYUnz-kYu1X0Ty5FmO4pQNBF8', 'Content-Length': '68', 'Content-Type': 'application/json'} 
 body=b'{"produtos": [{"idProduto": "w3q1YhXhDC9eELbv", "quantidade": "1"}]}' 
 </msg>
<msg time="2025-09-12T14:29:51.295043" level="INFO">POST Response : url=http://localhost:3000/carrinhos 
 status=400, reason=Bad Request 
 headers={'Access-Control-Allow-Origin': '*', 'x-dns-prefetch-control': 'off', 'x-frame-options': 'SAMEORIGIN', 'strict-transport-security': 'max-age=15552000; includeSubDomains', 'x-download-options': 'noopen', 'x-content-type-options': 'nosniff', 'x-xss-protection': '1; mode=block', 'Content-Type': 'application/json; charset=utf-8', 'Content-Length': '61', 'Date': 'Fri, 12 Sep 2025 17:29:51 GMT', 'Connection': 'keep-alive', 'Keep-Alive': 'timeout=5'} 
 body={
    "message": "Não é permitido ter mais de 1 carrinho"
} 
 </msg>
<msg time="2025-09-12T14:29:51.295166" level="INFO">${response} = &lt;Response [400]&gt;</msg>
<var>${response}</var>
<arg>serverest</arg>
<arg>${endpoint}</arg>
<arg>json=${dados}</arg>
<arg>headers=${headers}</arg>
<arg>expected_status=any</arg>
<doc>Sends a POST request on a previously created HTTP Session.</doc>
<status status="PASS" start="2025-09-12T14:29:51.287869" elapsed="0.007323"/>
</kw>
<status status="PASS" start="2025-09-12T14:29:51.287705" elapsed="0.007542"/>
</branch>
<branch type="ELSE IF" condition="'${metodo}' == 'PUT'">
<kw name="PUT On Session" owner="RequestsLibrary">
<var>${response}</var>
<arg>serverest</arg>
<arg>${endpoint}</arg>
<arg>json=${dados}</arg>
<arg>headers=${headers}</arg>
<arg>expected_status=any</arg>
<doc>Sends a PUT request on a previously created HTTP Session.</doc>
<status status="NOT RUN" start="2025-09-12T14:29:51.295411" elapsed="0.000022"/>
</kw>
<status status="NOT RUN" start="2025-09-12T14:29:51.295277" elapsed="0.000200"/>
</branch>
<branch type="ELSE IF" condition="'${metodo}' == 'DELETE'">
<kw name="DELETE On Session" owner="RequestsLibrary">
<var>${response}</var>
<arg>serverest</arg>
<arg>${endpoint}</arg>
<arg>headers=${headers}</arg>
<arg>expected_status=any</arg>
<doc>Sends a DELETE request on a previously created HTTP Session.</doc>
<status status="NOT RUN" start="2025-09-12T14:29:51.295596" elapsed="0.000019"/>
</kw>
<status status="NOT RUN" start="2025-09-12T14:29:51.295500" elapsed="0.000150"/>
</branch>
<status status="PASS" start="2025-09-12T14:29:51.287366" elapsed="0.008308"/>
</if>
<return>
<value>${response}</value>
<status status="PASS" start="2025-09-12T14:29:51.295730" elapsed="0.000034"/>
</return>
<msg time="2025-09-12T14:29:51.295952" level="INFO">${response} = &lt;Response [400]&gt;</msg>
<var>${response}</var>
<arg>POST</arg>
<arg>/carrinhos</arg>
<arg>${dados}</arg>
<arg>${headers}</arg>
<doc>Keyword reutilizável para fazer requisições HTTP na API</doc>
<status status="PASS" start="2025-09-12T14:29:51.286632" elapsed="0.009349"/>
</kw>
<kw name="Should Be Equal As Numbers" owner="BuiltIn">
<msg time="2025-09-12T14:29:51.296668" level="INFO">Argument types are:
&lt;class 'int'&gt;
&lt;class 'str'&gt;</msg>
<arg>${response.status_code}</arg>
<arg>400</arg>
<doc>Fails if objects are unequal after converting them to real numbers.</doc>
<status status="PASS" start="2025-09-12T14:29:51.296244" elapsed="0.000487"/>
</kw>
<kw name="Should Be Equal" owner="BuiltIn">
<arg>${response.json()}[message]</arg>
<arg>Não é permitido ter mais de 1 carrinho</arg>
<doc>Fails if the given objects are unequal.</doc>
<status status="PASS" start="2025-09-12T14:29:51.296943" elapsed="0.000441"/>
</kw>
<status status="PASS" start="2025-09-12T14:29:51.284645" elapsed="0.012932"/>
</test>
<test id="s1-s1-t6" name="Teste GET Carrinho Por ID Sucesso" line="67">
<kw name="Fazer Requisicao API" owner="api">
<kw name="Create Session" owner="RequestsLibrary">
<msg time="2025-09-12T14:29:51.299701" level="INFO">Creating Session using : alias=serverest, url=http://localhost:3000, headers={},                     cookies={}, auth=None, timeout=None, proxies=None, verify=False,                     debug=0 </msg>
<arg>serverest</arg>
<arg>${BASE_URL}</arg>
<doc>Create Session: create a HTTP session to a server</doc>
<status status="PASS" start="2025-09-12T14:29:51.299569" elapsed="0.000258"/>
</kw>
<if>
<branch type="IF" condition="'${metodo}' == 'GET'">
<kw name="GET On Session" owner="RequestsLibrary">
<msg time="2025-09-12T14:29:51.305947" level="INFO">GET Request : url=http://localhost:3000/carrinhos/6gOtEWk16WnCxwoL 
 path_url=/carrinhos/6gOtEWk16WnCxwoL 
 headers={} 
 body=None 
 </msg>
<msg time="2025-09-12T14:29:51.306061" level="INFO">GET Response : url=http://localhost:3000/carrinhos/6gOtEWk16WnCxwoL 
 status=200, reason=OK 
 headers={'Access-Control-Allow-Origin': '*', 'x-dns-prefetch-control': 'off', 'x-frame-options': 'SAMEORIGIN', 'strict-transport-security': 'max-age=15552000; includeSubDomains', 'x-download-options': 'noopen', 'x-content-type-options': 'nosniff', 'x-xss-protection': '1; mode=block', 'Content-Type': 'application/json; charset=utf-8', 'Content-Length': '276', 'Date': 'Fri, 12 Sep 2025 17:29:51 GMT', 'Connection': 'keep-alive', 'Keep-Alive': 'timeout=5'} 
 body={
    "produtos": [
        {
            "idProduto": "w3q1YhXhDC9eELbv",
            "quantidade": "1",
            "precoUnitario": 100
        }
    ],
    "precoTotal": 100,
    "quantidadeTotal": "01",
    "idUsuario": "eQqHblz1CifK9aaA",
    "_id": "6gOtEWk16WnCxwoL"
} 
 </msg>
<msg time="2025-09-12T14:29:51.306201" level="INFO">${response} = &lt;Response [200]&gt;</msg>
<var>${response}</var>
<arg>serverest</arg>
<arg>${endpoint}</arg>
<arg>headers=${headers}</arg>
<arg>expected_status=any</arg>
<doc>Sends a GET request on a previously created HTTP Session.</doc>
<status status="PASS" start="2025-09-12T14:29:51.300181" elapsed="0.006046"/>
</kw>
<status status="PASS" start="2025-09-12T14:29:51.299983" elapsed="0.006302"/>
</branch>
<branch type="ELSE IF" condition="'${metodo}' == 'POST'">
<kw name="POST On Session" owner="RequestsLibrary">
<var>${response}</var>
<arg>serverest</arg>
<arg>${endpoint}</arg>
<arg>json=${dados}</arg>
<arg>headers=${headers}</arg>
<arg>expected_status=any</arg>
<doc>Sends a POST request on a previously created HTTP Session.</doc>
<status status="NOT RUN" start="2025-09-12T14:29:51.306479" elapsed="0.000070"/>
</kw>
<status status="NOT RUN" start="2025-09-12T14:29:51.306317" elapsed="0.000306"/>
</branch>
<branch type="ELSE IF" condition="'${metodo}' == 'PUT'">
<kw name="PUT On Session" owner="RequestsLibrary">
<var>${response}</var>
<arg>serverest</arg>
<arg>${endpoint}</arg>
<arg>json=${dados}</arg>
<arg>headers=${headers}</arg>
<arg>expected_status=any</arg>
<doc>Sends a PUT request on a previously created HTTP Session.</doc>
<status status="NOT RUN" start="2025-09-12T14:29:51.306809" elapsed="0.000025"/>
</kw>
<status status="NOT RUN" start="2025-09-12T14:29:51.306673" elapsed="0.000210"/>
</branch>
<branch type="ELSE IF" condition="'${metodo}' == 'DELETE'">
<kw name="DELETE On Session" owner="RequestsLibrary">
<var>${response}</var>
<arg>serverest</arg>
<arg>${endpoint}</arg>
<arg>headers=${headers}</arg>
<arg>expected_status=any</arg>
<doc>Sends a DELETE request on a previously created HTTP Session.</doc>
<status status="NOT RUN" start="2025-09-12T14:29:51.307021" elapsed="0.000021"/>
</kw>
<status status="NOT RUN" start="2025-09-12T14:29:51.306908" elapsed="0.000179"/>
</branch>
<status status="PASS" start="2025-09-12T14:29:51.299948" elapsed="0.007162"/>
</if>
<return>
<value>${response}</value>
<status status="PASS" start="2025-09-12T14:29:51.307155" elapsed="0.000039"/>
</return>
<msg time="2025-09-12T14:29:51.307367" level="INFO">${response} = &lt;Response [200]&gt;</msg>
<var>${response}</var>
<arg>GET</arg>
<arg>/carrinhos/${ID_CARRINHO}</arg>
<doc>Keyword reutilizável para fazer requisições HTTP na API</doc>
<status status="PASS" start="2025-09-12T14:29:51.298668" elapsed="0.008727"/>
</kw>
<kw name="Should Be Equal As Numbers" owner="BuiltIn">
<msg time="2025-09-12T14:29:51.308097" level="INFO">Argument types are:
&lt;class 'int'&gt;
&lt;class 'str'&gt;</msg>
<arg>${response.status_code}</arg>
<arg>200</arg>
<doc>Fails if objects are unequal after converting them to real numbers.</doc>
<status status="PASS" start="2025-09-12T14:29:51.307660" elapsed="0.000506"/>
</kw>
<kw name="Should Be Equal" owner="BuiltIn">
<arg>${response.json()}[_id]</arg>
<arg>${ID_CARRINHO}</arg>
<doc>Fails if the given objects are unequal.</doc>
<status status="PASS" start="2025-09-12T14:29:51.308403" elapsed="0.000463"/>
</kw>
<kw name="Should Contain" owner="BuiltIn">
<arg>${response.json()}</arg>
<arg>produtos</arg>
<doc>Fails if ``container`` does not contain ``item`` one or more times.</doc>
<status status="PASS" start="2025-09-12T14:29:51.309091" elapsed="0.000518"/>
</kw>
<kw name="Should Contain" owner="BuiltIn">
<arg>${response.json()}</arg>
<arg>precoTotal</arg>
<doc>Fails if ``container`` does not contain ``item`` one or more times.</doc>
<status status="PASS" start="2025-09-12T14:29:51.309918" elapsed="0.000610"/>
</kw>
<kw name="Should Contain" owner="BuiltIn">
<arg>${response.json()}</arg>
<arg>quantidadeTotal</arg>
<doc>Fails if ``container`` does not contain ``item`` one or more times.</doc>
<status status="PASS" start="2025-09-12T14:29:51.310797" elapsed="0.000450"/>
</kw>
<kw name="Should Contain" owner="BuiltIn">
<arg>${response.json()}</arg>
<arg>idUsuario</arg>
<doc>Fails if ``container`` does not contain ``item`` one or more times.</doc>
<status status="PASS" start="2025-09-12T14:29:51.311481" elapsed="0.000390"/>
</kw>
<status status="PASS" start="2025-09-12T14:29:51.297975" elapsed="0.014076"/>
</test>
<test id="s1-s1-t7" name="Teste GET Carrinho ID Inexistente" line="77">
<kw name="Fazer Requisicao API" owner="api">
<kw name="Create Session" owner="RequestsLibrary">
<msg time="2025-09-12T14:29:51.313724" level="INFO">Creating Session using : alias=serverest, url=http://localhost:3000, headers={},                     cookies={}, auth=None, timeout=None, proxies=None, verify=False,                     debug=0 </msg>
<arg>serverest</arg>
<arg>${BASE_URL}</arg>
<doc>Create Session: create a HTTP session to a server</doc>
<status status="PASS" start="2025-09-12T14:29:51.313591" elapsed="0.000258"/>
</kw>
<if>
<branch type="IF" condition="'${metodo}' == 'GET'">
<kw name="GET On Session" owner="RequestsLibrary">
<msg time="2025-09-12T14:29:51.319300" level="INFO">GET Request : url=http://localhost:3000/carrinhos/123456789012345678901234 
 path_url=/carrinhos/123456789012345678901234 
 headers={} 
 body=None 
 </msg>
<msg time="2025-09-12T14:29:51.319383" level="INFO">GET Response : url=http://localhost:3000/carrinhos/123456789012345678901234 
 status=400, reason=Bad Request 
 headers={'Access-Control-Allow-Origin': '*', 'x-dns-prefetch-control': 'off', 'x-frame-options': 'SAMEORIGIN', 'strict-transport-security': 'max-age=15552000; includeSubDomains', 'x-download-options': 'noopen', 'x-content-type-options': 'nosniff', 'x-xss-protection': '1; mode=block', 'Content-Type': 'application/json; charset=utf-8', 'Content-Length': '67', 'Date': 'Fri, 12 Sep 2025 17:29:51 GMT', 'Connection': 'keep-alive', 'Keep-Alive': 'timeout=5'} 
 body={
    "id": "id deve ter exatamente 16 caracteres alfanuméricos"
} 
 </msg>
<msg time="2025-09-12T14:29:51.319518" level="INFO">${response} = &lt;Response [400]&gt;</msg>
<var>${response}</var>
<arg>serverest</arg>
<arg>${endpoint}</arg>
<arg>headers=${headers}</arg>
<arg>expected_status=any</arg>
<doc>Sends a GET request on a previously created HTTP Session.</doc>
<status status="PASS" start="2025-09-12T14:29:51.314089" elapsed="0.005455"/>
</kw>
<status status="PASS" start="2025-09-12T14:29:51.313925" elapsed="0.005678"/>
</branch>
<branch type="ELSE IF" condition="'${metodo}' == 'POST'">
<kw name="POST On Session" owner="RequestsLibrary">
<var>${response}</var>
<arg>serverest</arg>
<arg>${endpoint}</arg>
<arg>json=${dados}</arg>
<arg>headers=${headers}</arg>
<arg>expected_status=any</arg>
<doc>Sends a POST request on a previously created HTTP Session.</doc>
<status status="NOT RUN" start="2025-09-12T14:29:51.319760" elapsed="0.000021"/>
</kw>
<status status="NOT RUN" start="2025-09-12T14:29:51.319633" elapsed="0.000185"/>
</branch>
<branch type="ELSE IF" condition="'${metodo}' == 'PUT'">
<kw name="PUT On Session" owner="RequestsLibrary">
<var>${response}</var>
<arg>serverest</arg>
<arg>${endpoint}</arg>
<arg>json=${dados}</arg>
<arg>headers=${headers}</arg>
<arg>expected_status=any</arg>
<doc>Sends a PUT request on a previously created HTTP Session.</doc>
<status status="NOT RUN" start="2025-09-12T14:29:51.320098" elapsed="0.000034"/>
</kw>
<status status="NOT RUN" start="2025-09-12T14:29:51.319966" elapsed="0.000247"/>
</branch>
<branch type="ELSE IF" condition="'${metodo}' == 'DELETE'">
<kw name="DELETE On Session" owner="RequestsLibrary">
<var>${response}</var>
<arg>serverest</arg>
<arg>${endpoint}</arg>
<arg>headers=${headers}</arg>
<arg>expected_status=any</arg>
<doc>Sends a DELETE request on a previously created HTTP Session.</doc>
<status status="NOT RUN" start="2025-09-12T14:29:51.320360" elapsed="0.000020"/>
</kw>
<status status="NOT RUN" start="2025-09-12T14:29:51.320249" elapsed="0.000171"/>
</branch>
<status status="PASS" start="2025-09-12T14:29:51.313906" elapsed="0.006538"/>
</if>
<return>
<value>${response}</value>
<status status="PASS" start="2025-09-12T14:29:51.320486" elapsed="0.000035"/>
</return>
<msg time="2025-09-12T14:29:51.320701" level="INFO">${response} = &lt;Response [400]&gt;</msg>
<var>${response}</var>
<arg>GET</arg>
<arg>/carrinhos/123456789012345678901234</arg>
<doc>Keyword reutilizável para fazer requisições HTTP na API</doc>
<status status="PASS" start="2025-09-12T14:29:51.312872" elapsed="0.007857"/>
</kw>
<kw name="Should Be Equal As Numbers" owner="BuiltIn">
<msg time="2025-09-12T14:29:51.321453" level="INFO">Argument types are:
&lt;class 'int'&gt;
&lt;class 'str'&gt;</msg>
<arg>${response.status_code}</arg>
<arg>400</arg>
<doc>Fails if objects are unequal after converting them to real numbers.</doc>
<status status="PASS" start="2025-09-12T14:29:51.321039" elapsed="0.000471"/>
</kw>
<status status="PASS" start="2025-09-12T14:29:51.312423" elapsed="0.009288"/>
</test>
<test id="s1-s1-t8" name="Teste GET Listar Todos Carrinhos" line="82">
<kw name="Fazer Requisicao API" owner="api">
<kw name="Create Session" owner="RequestsLibrary">
<msg time="2025-09-12T14:29:51.325284" level="INFO">Creating Session using : alias=serverest, url=http://localhost:3000, headers={},                     cookies={}, auth=None, timeout=None, proxies=None, verify=False,                     debug=0 </msg>
<arg>serverest</arg>
<arg>${BASE_URL}</arg>
<doc>Create Session: create a HTTP session to a server</doc>
<status status="PASS" start="2025-09-12T14:29:51.325045" elapsed="0.000469"/>
</kw>
<if>
<branch type="IF" condition="'${metodo}' == 'GET'">
<kw name="GET On Session" owner="RequestsLibrary">
<msg time="2025-09-12T14:29:51.335862" level="INFO">GET Request : url=http://localhost:3000/carrinhos 
 path_url=/carrinhos 
 headers={} 
 body=None 
 </msg>
<msg time="2025-09-12T14:29:51.335949" level="INFO">GET Response : url=http://localhost:3000/carrinhos 
 status=200, reason=OK 
 headers={'Access-Control-Allow-Origin': '*', 'x-dns-prefetch-control': 'off', 'x-frame-options': 'SAMEORIGIN', 'strict-transport-security': 'max-age=15552000; includeSubDomains', 'x-download-options': 'noopen', 'x-content-type-options': 'nosniff', 'x-xss-protection': '1; mode=block', 'Content-Type': 'application/json; charset=utf-8', 'Content-Length': '977', 'Date': 'Fri, 12 Sep 2025 17:29:51 GMT', 'Connection': 'keep-alive', 'Keep-Alive': 'timeout=5'} 
 body={
    "quantidade": 2,
    "carrinhos": [
        {
            "produtos": [
                {
                    "idProduto": "w3q1YhXhDC9eELbv",
                    "quantidade": "1",
                    "precoUnitario": 100
                }
            ],
            "precoTotal": 100,
            "quantidadeTotal": "01",
            "idUsuario": "eQqHblz1CifK9aaA",
            "_id": "6gOtEWk16WnCxwoL"
        },
        {
            "produtos": [
                {
                    "idProduto": "BeeJh5lz3k6kSIzA",
                    "quantidade": 2,
                    "precoUnitario": 470
                },
                {
                    "idProduto": "K6leHdftCeOJj8BJ",
                    "quantidade": 1,
                    "precoUnitario": 5240
                }
            ],
            "precoTotal": 6180,
            "quantidadeTotal": 3,
            "idUsuario": "0uxuPY0cbmQhpEz1",
            "_id": "qbMqntef4iTOwWfg"
        }
    ]
} 
 </msg>
<msg time="2025-09-12T14:29:51.336100" level="INFO">${response} = &lt;Response [200]&gt;</msg>
<var>${response}</var>
<arg>serverest</arg>
<arg>${endpoint}</arg>
<arg>headers=${headers}</arg>
<arg>expected_status=any</arg>
<doc>Sends a GET request on a previously created HTTP Session.</doc>
<status status="PASS" start="2025-09-12T14:29:51.326056" elapsed="0.010069"/>
</kw>
<status status="PASS" start="2025-09-12T14:29:51.325650" elapsed="0.010527"/>
</branch>
<branch type="ELSE IF" condition="'${metodo}' == 'POST'">
<kw name="POST On Session" owner="RequestsLibrary">
<var>${response}</var>
<arg>serverest</arg>
<arg>${endpoint}</arg>
<arg>json=${dados}</arg>
<arg>headers=${headers}</arg>
<arg>expected_status=any</arg>
<doc>Sends a POST request on a previously created HTTP Session.</doc>
<status status="NOT RUN" start="2025-09-12T14:29:51.336345" elapsed="0.000020"/>
</kw>
<status status="NOT RUN" start="2025-09-12T14:29:51.336204" elapsed="0.000207"/>
</branch>
<branch type="ELSE IF" condition="'${metodo}' == 'PUT'">
<kw name="PUT On Session" owner="RequestsLibrary">
<var>${response}</var>
<arg>serverest</arg>
<arg>${endpoint}</arg>
<arg>json=${dados}</arg>
<arg>headers=${headers}</arg>
<arg>expected_status=any</arg>
<doc>Sends a PUT request on a previously created HTTP Session.</doc>
<status status="NOT RUN" start="2025-09-12T14:29:51.336513" elapsed="0.000015"/>
</kw>
<status status="NOT RUN" start="2025-09-12T14:29:51.336431" elapsed="0.000135"/>
</branch>
<branch type="ELSE IF" condition="'${metodo}' == 'DELETE'">
<kw name="DELETE On Session" owner="RequestsLibrary">
<var>${response}</var>
<arg>serverest</arg>
<arg>${endpoint}</arg>
<arg>headers=${headers}</arg>
<arg>expected_status=any</arg>
<doc>Sends a DELETE request on a previously created HTTP Session.</doc>
<status status="NOT RUN" start="2025-09-12T14:29:51.336665" elapsed="0.000016"/>
</kw>
<status status="NOT RUN" start="2025-09-12T14:29:51.336584" elapsed="0.000132"/>
</branch>
<status status="PASS" start="2025-09-12T14:29:51.325618" elapsed="0.011116"/>
</if>
<return>
<value>${response}</value>
<status status="PASS" start="2025-09-12T14:29:51.336768" elapsed="0.000029"/>
</return>
<msg time="2025-09-12T14:29:51.336928" level="INFO">${response} = &lt;Response [200]&gt;</msg>
<var>${response}</var>
<arg>GET</arg>
<arg>/carrinhos</arg>
<doc>Keyword reutilizável para fazer requisições HTTP na API</doc>
<status status="PASS" start="2025-09-12T14:29:51.323427" elapsed="0.013536"/>
</kw>
<kw name="Should Be Equal As Numbers" owner="BuiltIn">
<msg time="2025-09-12T14:29:51.337734" level="INFO">Argument types are:
&lt;class 'int'&gt;
&lt;class 'str'&gt;</msg>
<arg>${response.status_code}</arg>
<arg>200</arg>
<doc>Fails if objects are unequal after converting them to real numbers.</doc>
<status status="PASS" start="2025-09-12T14:29:51.337215" elapsed="0.000606"/>
</kw>
<kw name="Should Contain" owner="BuiltIn">
<arg>${response.json()}</arg>
<arg>carrinhos</arg>
<doc>Fails if ``container`` does not contain ``item`` one or more times.</doc>
<status status="PASS" start="2025-09-12T14:29:51.338200" elapsed="0.000487"/>
</kw>
<kw name="Should Contain" owner="BuiltIn">
<arg>${response.json()}</arg>
<arg>quantidade</arg>
<doc>Fails if ``container`` does not contain ``item`` one or more times.</doc>
<status status="PASS" start="2025-09-12T14:29:51.338911" elapsed="0.000401"/>
</kw>
<status status="PASS" start="2025-09-12T14:29:51.322135" elapsed="0.017369"/>
</test>
<test id="s1-s1-t9" name="Teste DELETE Cancelar Compra Sucesso" line="89">
<kw name="Create Dictionary" owner="BuiltIn">
<msg time="2025-09-12T14:29:51.340547" level="INFO">${headers} = {'Authorization': 'Bearer eyJhbGciOiJIUzI1NiIsInR5cCI6IkpXVCJ9.eyJlbWFpbCI6ImNhcnJpbmhvMjAyNTA5MTIxNDI5NTFAZW1wcmVzYS5jb20iLCJwYXNzd29yZCI6IjEyMzQ1IiwiaWF0IjoxNzU3Njk4MTkxLCJleHAiOjE3NTc2OTg3OTF9.Vii7...</msg>
<var>${headers}</var>
<arg>Authorization=${TOKEN_AUTH}</arg>
<doc>Creates and returns a dictionary based on the given ``items``.</doc>
<status status="PASS" start="2025-09-12T14:29:51.340319" elapsed="0.000257"/>
</kw>
<kw name="Fazer Requisicao API" owner="api">
<kw name="Create Session" owner="RequestsLibrary">
<msg time="2025-09-12T14:29:51.341558" level="INFO">Creating Session using : alias=serverest, url=http://localhost:3000, headers={},                     cookies={}, auth=None, timeout=None, proxies=None, verify=False,                     debug=0 </msg>
<arg>serverest</arg>
<arg>${BASE_URL}</arg>
<doc>Create Session: create a HTTP session to a server</doc>
<status status="PASS" start="2025-09-12T14:29:51.341433" elapsed="0.000786"/>
</kw>
<if>
<branch type="IF" condition="'${metodo}' == 'GET'">
<kw name="GET On Session" owner="RequestsLibrary">
<var>${response}</var>
<arg>serverest</arg>
<arg>${endpoint}</arg>
<arg>headers=${headers}</arg>
<arg>expected_status=any</arg>
<doc>Sends a GET request on a previously created HTTP Session.</doc>
<status status="NOT RUN" start="2025-09-12T14:29:51.342523" elapsed="0.000021"/>
</kw>
<status status="NOT RUN" start="2025-09-12T14:29:51.342310" elapsed="0.000277"/>
</branch>
<branch type="ELSE IF" condition="'${metodo}' == 'POST'">
<kw name="POST On Session" owner="RequestsLibrary">
<var>${response}</var>
<arg>serverest</arg>
<arg>${endpoint}</arg>
<arg>json=${dados}</arg>
<arg>headers=${headers}</arg>
<arg>expected_status=any</arg>
<doc>Sends a POST request on a previously created HTTP Session.</doc>
<status status="NOT RUN" start="2025-09-12T14:29:51.342883" elapsed="0.000038"/>
</kw>
<status status="NOT RUN" start="2025-09-12T14:29:51.342611" elapsed="0.000376"/>
</branch>
<branch type="ELSE IF" condition="'${metodo}' == 'PUT'">
<kw name="PUT On Session" owner="RequestsLibrary">
<var>${response}</var>
<arg>serverest</arg>
<arg>${endpoint}</arg>
<arg>json=${dados}</arg>
<arg>headers=${headers}</arg>
<arg>expected_status=any</arg>
<doc>Sends a PUT request on a previously created HTTP Session.</doc>
<status status="NOT RUN" start="2025-09-12T14:29:51.343248" elapsed="0.000022"/>
</kw>
<status status="NOT RUN" start="2025-09-12T14:29:51.343015" elapsed="0.000306"/>
</branch>
<branch type="ELSE IF" condition="'${metodo}' == 'DELETE'">
<kw name="DELETE On Session" owner="RequestsLibrary">
<msg time="2025-09-12T14:29:51.349824" level="INFO">DELETE Request : url=http://localhost:3000/carrinhos/cancelar-compra 
 path_url=/carrinhos/cancelar-compra 
 headers={'User-Agent': 'python-requests/2.32.5', 'Accept-Encoding': 'gzip, deflate', 'Accept': '*/*', 'Connection': 'keep-alive', 'Authorization': 'Bearer eyJhbGciOiJIUzI1NiIsInR5cCI6IkpXVCJ9.eyJlbWFpbCI6ImNhcnJpbmhvMjAyNTA5MTIxNDI5NTFAZW1wcmVzYS5jb20iLCJwYXNzd29yZCI6IjEyMzQ1IiwiaWF0IjoxNzU3Njk4MTkxLCJleHAiOjE3NTc2OTg3OTF9.Vii7tA_8zj-zI7pwD0iYUnz-kYu1X0Ty5FmO4pQNBF8', 'Content-Length': '0'} 
 body=None 
 </msg>
<msg time="2025-09-12T14:29:51.349943" level="INFO">DELETE Response : url=http://localhost:3000/carrinhos/cancelar-compra 
 status=200, reason=OK 
 headers={'Access-Control-Allow-Origin': '*', 'x-dns-prefetch-control': 'off', 'x-frame-options': 'SAMEORIGIN', 'strict-transport-security': 'max-age=15552000; includeSubDomains', 'x-download-options': 'noopen', 'x-content-type-options': 'nosniff', 'x-xss-protection': '1; mode=block', 'Content-Type': 'application/json; charset=utf-8', 'Content-Length': '86', 'Date': 'Fri, 12 Sep 2025 17:29:51 GMT', 'Connection': 'keep-alive', 'Keep-Alive': 'timeout=5'} 
 body={
    "message": "Registro excluído com sucesso. Estoque dos produtos reabastecido"
} 
 </msg>
<msg time="2025-09-12T14:29:51.350281" level="INFO">${response} = &lt;Response [200]&gt;</msg>
<var>${response}</var>
<arg>serverest</arg>
<arg>${endpoint}</arg>
<arg>headers=${headers}</arg>
<arg>expected_status=any</arg>
<doc>Sends a DELETE request on a previously created HTTP Session.</doc>
<status status="PASS" start="2025-09-12T14:29:51.343514" elapsed="0.006799"/>
</kw>
<status status="PASS" start="2025-09-12T14:29:51.343346" elapsed="0.007043"/>
</branch>
<status status="PASS" start="2025-09-12T14:29:51.342288" elapsed="0.008131"/>
</if>
<return>
<value>${response}</value>
<status status="PASS" start="2025-09-12T14:29:51.350463" elapsed="0.000035"/>
</return>
<msg time="2025-09-12T14:29:51.350640" level="INFO">${response} = &lt;Response [200]&gt;</msg>
<var>${response}</var>
<arg>DELETE</arg>
<arg>/carrinhos/cancelar-compra</arg>
<arg>${EMPTY}</arg>
<arg>${headers}</arg>
<doc>Keyword reutilizável para fazer requisições HTTP na API</doc>
<status status="PASS" start="2025-09-12T14:29:51.340879" elapsed="0.009785"/>
</kw>
<kw name="Should Be Equal As Numbers" owner="BuiltIn">
<msg time="2025-09-12T14:29:51.351319" level="INFO">Argument types are:
&lt;class 'int'&gt;
&lt;class 'str'&gt;</msg>
<arg>${response.status_code}</arg>
<arg>200</arg>
<doc>Fails if objects are unequal after converting them to real numbers.</doc>
<status status="PASS" start="2025-09-12T14:29:51.350940" elapsed="0.000435"/>
</kw>
<kw name="Should Be Equal" owner="BuiltIn">
<arg>${response.json()}[message]</arg>
<arg>Registro excluído com sucesso. Estoque dos produtos reabastecido</arg>
<doc>Fails if the given objects are unequal.</doc>
<status status="PASS" start="2025-09-12T14:29:51.351558" elapsed="0.000383"/>
</kw>
<status status="PASS" start="2025-09-12T14:29:51.339927" elapsed="0.012182"/>
</test>
<test id="s1-s1-t10" name="Teste DELETE Cancelar Compra Sem Token" line="96">
<kw name="Fazer Requisicao API" owner="api">
<kw name="Create Session" owner="RequestsLibrary">
<msg time="2025-09-12T14:29:51.354614" level="INFO">Creating Session using : alias=serverest, url=http://localhost:3000, headers={},                     cookies={}, auth=None, timeout=None, proxies=None, verify=False,                     debug=0 </msg>
<arg>serverest</arg>
<arg>${BASE_URL}</arg>
<doc>Create Session: create a HTTP session to a server</doc>
<status status="PASS" start="2025-09-12T14:29:51.354391" elapsed="0.000408"/>
</kw>
<if>
<branch type="IF" condition="'${metodo}' == 'GET'">
<kw name="GET On Session" owner="RequestsLibrary">
<var>${response}</var>
<arg>serverest</arg>
<arg>${endpoint}</arg>
<arg>headers=${headers}</arg>
<arg>expected_status=any</arg>
<doc>Sends a GET request on a previously created HTTP Session.</doc>
<status status="NOT RUN" start="2025-09-12T14:29:51.355176" elapsed="0.000039"/>
</kw>
<status status="NOT RUN" start="2025-09-12T14:29:51.354932" elapsed="0.000338"/>
</branch>
<branch type="ELSE IF" condition="'${metodo}' == 'POST'">
<kw name="POST On Session" owner="RequestsLibrary">
<var>${response}</var>
<arg>serverest</arg>
<arg>${endpoint}</arg>
<arg>json=${dados}</arg>
<arg>headers=${headers}</arg>
<arg>expected_status=any</arg>
<doc>Sends a POST request on a previously created HTTP Session.</doc>
<status status="NOT RUN" start="2025-09-12T14:29:51.355541" elapsed="0.000023"/>
</kw>
<status status="NOT RUN" start="2025-09-12T14:29:51.355299" elapsed="0.000319"/>
</branch>
<branch type="ELSE IF" condition="'${metodo}' == 'PUT'">
<kw name="PUT On Session" owner="RequestsLibrary">
<var>${response}</var>
<arg>serverest</arg>
<arg>${endpoint}</arg>
<arg>json=${dados}</arg>
<arg>headers=${headers}</arg>
<arg>expected_status=any</arg>
<doc>Sends a PUT request on a previously created HTTP Session.</doc>
<status status="NOT RUN" start="2025-09-12T14:29:51.355836" elapsed="0.000041"/>
</kw>
<status status="NOT RUN" start="2025-09-12T14:29:51.355643" elapsed="0.000281"/>
</branch>
<branch type="ELSE IF" condition="'${metodo}' == 'DELETE'">
<kw name="DELETE On Session" owner="RequestsLibrary">
<msg time="2025-09-12T14:29:51.361604" level="INFO">DELETE Request : url=http://localhost:3000/carrinhos/cancelar-compra 
 path_url=/carrinhos/cancelar-compra 
 headers={'Content-Length': '0'} 
 body=None 
 </msg>
<msg time="2025-09-12T14:29:51.361761" level="INFO">DELETE Response : url=http://localhost:3000/carrinhos/cancelar-compra 
 status=401, reason=Unauthorized 
 headers={'Access-Control-Allow-Origin': '*', 'x-dns-prefetch-control': 'off', 'x-frame-options': 'SAMEORIGIN', 'strict-transport-security': 'max-age=15552000; includeSubDomains', 'x-download-options': 'noopen', 'x-content-type-options': 'nosniff', 'x-xss-protection': '1; mode=block', 'Content-Type': 'application/json; charset=utf-8', 'Content-Length': '103', 'Date': 'Fri, 12 Sep 2025 17:29:51 GMT', 'Connection': 'keep-alive', 'Keep-Alive': 'timeout=5'} 
 body={
    "message": "Token de acesso ausente, inválido, expirado ou usuário do token não existe mais"
} 
 </msg>
<msg time="2025-09-12T14:29:51.361887" level="INFO">${response} = &lt;Response [401]&gt;</msg>
<var>${response}</var>
<arg>serverest</arg>
<arg>${endpoint}</arg>
<arg>headers=${headers}</arg>
<arg>expected_status=any</arg>
<doc>Sends a DELETE request on a previously created HTTP Session.</doc>
<status status="PASS" start="2025-09-12T14:29:51.356129" elapsed="0.005784"/>
</kw>
<status status="PASS" start="2025-09-12T14:29:51.355947" elapsed="0.006019"/>
</branch>
<status status="PASS" start="2025-09-12T14:29:51.354902" elapsed="0.007095"/>
</if>
<return>
<value>${response}</value>
<status status="PASS" start="2025-09-12T14:29:51.362039" elapsed="0.000038"/>
</return>
<msg time="2025-09-12T14:29:51.362306" level="INFO">${response} = &lt;Response [401]&gt;</msg>
<var>${response}</var>
<arg>DELETE</arg>
<arg>/carrinhos/cancelar-compra</arg>
<doc>Keyword reutilizável para fazer requisições HTTP na API</doc>
<status status="PASS" start="2025-09-12T14:29:51.353229" elapsed="0.009108"/>
</kw>
<kw name="Should Be Equal As Numbers" owner="BuiltIn">
<msg time="2025-09-12T14:29:51.362970" level="INFO">Argument types are:
&lt;class 'int'&gt;
&lt;class 'str'&gt;</msg>
<arg>${response.status_code}</arg>
<arg>401</arg>
<doc>Fails if objects are unequal after converting them to real numbers.</doc>
<status status="PASS" start="2025-09-12T14:29:51.362584" elapsed="0.000444"/>
</kw>
<kw name="Should Be Equal" owner="BuiltIn">
<arg>${response.json()}[message]</arg>
<arg>Token de acesso ausente, inválido, expirado ou usuário do token não existe mais</arg>
<doc>Fails if the given objects are unequal.</doc>
<status status="PASS" start="2025-09-12T14:29:51.363212" elapsed="0.000392"/>
</kw>
<status status="PASS" start="2025-09-12T14:29:51.352508" elapsed="0.011266"/>
</test>
<test id="s1-s1-t11" name="Teste DELETE Cancelar Compra Sem Carrinho" line="102">
<kw name="Create Dictionary" owner="BuiltIn">
<msg time="2025-09-12T14:29:51.364803" level="INFO">${headers} = {'Authorization': 'Bearer eyJhbGciOiJIUzI1NiIsInR5cCI6IkpXVCJ9.eyJlbWFpbCI6ImNhcnJpbmhvMjAyNTA5MTIxNDI5NTFAZW1wcmVzYS5jb20iLCJwYXNzd29yZCI6IjEyMzQ1IiwiaWF0IjoxNzU3Njk4MTkxLCJleHAiOjE3NTc2OTg3OTF9.Vii7...</msg>
<var>${headers}</var>
<arg>Authorization=${TOKEN_AUTH}</arg>
<doc>Creates and returns a dictionary based on the given ``items``.</doc>
<status status="PASS" start="2025-09-12T14:29:51.364479" elapsed="0.000362"/>
</kw>
<kw name="Fazer Requisicao API" owner="api">
<kw name="Create Session" owner="RequestsLibrary">
<msg time="2025-09-12T14:29:51.366050" level="INFO">Creating Session using : alias=serverest, url=http://localhost:3000, headers={},                     cookies={}, auth=None, timeout=None, proxies=None, verify=False,                     debug=0 </msg>
<arg>serverest</arg>
<arg>${BASE_URL}</arg>
<doc>Create Session: create a HTTP session to a server</doc>
<status status="PASS" start="2025-09-12T14:29:51.365924" elapsed="0.000336"/>
</kw>
<if>
<branch type="IF" condition="'${metodo}' == 'GET'">
<kw name="GET On Session" owner="RequestsLibrary">
<var>${response}</var>
<arg>serverest</arg>
<arg>${endpoint}</arg>
<arg>headers=${headers}</arg>
<arg>expected_status=any</arg>
<doc>Sends a GET request on a previously created HTTP Session.</doc>
<status status="NOT RUN" start="2025-09-12T14:29:51.366551" elapsed="0.000021"/>
</kw>
<status status="NOT RUN" start="2025-09-12T14:29:51.366355" elapsed="0.000259"/>
</branch>
<branch type="ELSE IF" condition="'${metodo}' == 'POST'">
<kw name="POST On Session" owner="RequestsLibrary">
<var>${response}</var>
<arg>serverest</arg>
<arg>${endpoint}</arg>
<arg>json=${dados}</arg>
<arg>headers=${headers}</arg>
<arg>expected_status=any</arg>
<doc>Sends a POST request on a previously created HTTP Session.</doc>
<status status="NOT RUN" start="2025-09-12T14:29:51.366803" elapsed="0.000018"/>
</kw>
<status status="NOT RUN" start="2025-09-12T14:29:51.366638" elapsed="0.000224"/>
</branch>
<branch type="ELSE IF" condition="'${metodo}' == 'PUT'">
<kw name="PUT On Session" owner="RequestsLibrary">
<var>${response}</var>
<arg>serverest</arg>
<arg>${endpoint}</arg>
<arg>json=${dados}</arg>
<arg>headers=${headers}</arg>
<arg>expected_status=any</arg>
<doc>Sends a PUT request on a previously created HTTP Session.</doc>
<status status="NOT RUN" start="2025-09-12T14:29:51.367024" elapsed="0.000017"/>
</kw>
<status status="NOT RUN" start="2025-09-12T14:29:51.366884" elapsed="0.000198"/>
</branch>
<branch type="ELSE IF" condition="'${metodo}' == 'DELETE'">
<kw name="DELETE On Session" owner="RequestsLibrary">
<msg time="2025-09-12T14:29:51.374157" level="INFO">DELETE Request : url=http://localhost:3000/carrinhos/cancelar-compra 
 path_url=/carrinhos/cancelar-compra 
 headers={'User-Agent': 'python-requests/2.32.5', 'Accept-Encoding': 'gzip, deflate', 'Accept': '*/*', 'Connection': 'keep-alive', 'Authorization': 'Bearer eyJhbGciOiJIUzI1NiIsInR5cCI6IkpXVCJ9.eyJlbWFpbCI6ImNhcnJpbmhvMjAyNTA5MTIxNDI5NTFAZW1wcmVzYS5jb20iLCJwYXNzd29yZCI6IjEyMzQ1IiwiaWF0IjoxNzU3Njk4MTkxLCJleHAiOjE3NTc2OTg3OTF9.Vii7tA_8zj-zI7pwD0iYUnz-kYu1X0Ty5FmO4pQNBF8', 'Content-Length': '0'} 
 body=None 
 </msg>
<msg time="2025-09-12T14:29:51.374272" level="INFO">DELETE Response : url=http://localhost:3000/carrinhos/cancelar-compra 
 status=200, reason=OK 
 headers={'Access-Control-Allow-Origin': '*', 'x-dns-prefetch-control': 'off', 'x-frame-options': 'SAMEORIGIN', 'strict-transport-security': 'max-age=15552000; includeSubDomains', 'x-download-options': 'noopen', 'x-content-type-options': 'nosniff', 'x-xss-protection': '1; mode=block', 'Content-Type': 'application/json; charset=utf-8', 'Content-Length': '68', 'Date': 'Fri, 12 Sep 2025 17:29:51 GMT', 'Connection': 'keep-alive', 'Keep-Alive': 'timeout=5'} 
 body={
    "message": "Não foi encontrado carrinho para esse usuário"
} 
 </msg>
<msg time="2025-09-12T14:29:51.374425" level="INFO">${response} = &lt;Response [200]&gt;</msg>
<var>${response}</var>
<arg>serverest</arg>
<arg>${endpoint}</arg>
<arg>headers=${headers}</arg>
<arg>expected_status=any</arg>
<doc>Sends a DELETE request on a previously created HTTP Session.</doc>
<status status="PASS" start="2025-09-12T14:29:51.367256" elapsed="0.007231"/>
</kw>
<status status="PASS" start="2025-09-12T14:29:51.367115" elapsed="0.007467"/>
</branch>
<status status="PASS" start="2025-09-12T14:29:51.366332" elapsed="0.008295"/>
</if>
<return>
<value>${response}</value>
<status status="PASS" start="2025-09-12T14:29:51.374702" elapsed="0.000046"/>
</return>
<msg time="2025-09-12T14:29:51.374926" level="INFO">${response} = &lt;Response [200]&gt;</msg>
<var>${response}</var>
<arg>DELETE</arg>
<arg>/carrinhos/cancelar-compra</arg>
<arg>${EMPTY}</arg>
<arg>${headers}</arg>
<doc>Keyword reutilizável para fazer requisições HTTP na API</doc>
<status status="PASS" start="2025-09-12T14:29:51.365271" elapsed="0.009682"/>
</kw>
<kw name="Should Be Equal As Numbers" owner="BuiltIn">
<msg time="2025-09-12T14:29:51.375882" level="INFO">Argument types are:
&lt;class 'int'&gt;
&lt;class 'str'&gt;</msg>
<arg>${response.status_code}</arg>
<arg>200</arg>
<doc>Fails if objects are unequal after converting them to real numbers.</doc>
<status status="PASS" start="2025-09-12T14:29:51.375247" elapsed="0.000735"/>
</kw>
<kw name="Should Be Equal" owner="BuiltIn">
<arg>${response.json()}[message]</arg>
<arg>Não foi encontrado carrinho para esse usuário</arg>
<doc>Fails if the given objects are unequal.</doc>
<status status="PASS" start="2025-09-12T14:29:51.376312" elapsed="0.000490"/>
</kw>
<status status="PASS" start="2025-09-12T14:29:51.364147" elapsed="0.012841"/>
</test>
<test id="s1-s1-t12" name="Criar Novo Carrinho Para Concluir" line="109">
<kw name="Create Dictionary" owner="BuiltIn">
<msg time="2025-09-12T14:29:51.377950" level="INFO">${headers} = {'Authorization': 'Bearer eyJhbGciOiJIUzI1NiIsInR5cCI6IkpXVCJ9.eyJlbWFpbCI6ImNhcnJpbmhvMjAyNTA5MTIxNDI5NTFAZW1wcmVzYS5jb20iLCJwYXNzd29yZCI6IjEyMzQ1IiwiaWF0IjoxNzU3Njk4MTkxLCJleHAiOjE3NTc2OTg3OTF9.Vii7...</msg>
<var>${headers}</var>
<arg>Authorization=${TOKEN_AUTH}</arg>
<doc>Creates and returns a dictionary based on the given ``items``.</doc>
<status status="PASS" start="2025-09-12T14:29:51.377718" elapsed="0.000260"/>
</kw>
<kw name="Create Dictionary" owner="BuiltIn">
<msg time="2025-09-12T14:29:51.378381" level="INFO">${produto} = {'idProduto': 'w3q1YhXhDC9eELbv', 'quantidade': '1'}</msg>
<var>${produto}</var>
<arg>idProduto=${ID_PRODUTO}</arg>
<arg>quantidade=1</arg>
<doc>Creates and returns a dictionary based on the given ``items``.</doc>
<status status="PASS" start="2025-09-12T14:29:51.378176" elapsed="0.000229"/>
</kw>
<kw name="Create List" owner="BuiltIn">
<msg time="2025-09-12T14:29:51.378716" level="INFO">${produtos} = [{'idProduto': 'w3q1YhXhDC9eELbv', 'quantidade': '1'}]</msg>
<var>${produtos}</var>
<arg>${produto}</arg>
<doc>Returns a list containing given items.</doc>
<status status="PASS" start="2025-09-12T14:29:51.378567" elapsed="0.000172"/>
</kw>
<kw name="Create Dictionary" owner="BuiltIn">
<msg time="2025-09-12T14:29:51.379088" level="INFO">${dados} = {'produtos': [{'idProduto': 'w3q1YhXhDC9eELbv', 'quantidade': '1'}]}</msg>
<var>${dados}</var>
<arg>produtos=${produtos}</arg>
<doc>Creates and returns a dictionary based on the given ``items``.</doc>
<status status="PASS" start="2025-09-12T14:29:51.378901" elapsed="0.000210"/>
</kw>
<kw name="Fazer Requisicao API" owner="api">
<kw name="Create Session" owner="RequestsLibrary">
<msg time="2025-09-12T14:29:51.379829" level="INFO">Creating Session using : alias=serverest, url=http://localhost:3000, headers={},                     cookies={}, auth=None, timeout=None, proxies=None, verify=False,                     debug=0 </msg>
<arg>serverest</arg>
<arg>${BASE_URL}</arg>
<doc>Create Session: create a HTTP session to a server</doc>
<status status="PASS" start="2025-09-12T14:29:51.379723" elapsed="0.000240"/>
</kw>
<if>
<branch type="IF" condition="'${metodo}' == 'GET'">
<kw name="GET On Session" owner="RequestsLibrary">
<var>${response}</var>
<arg>serverest</arg>
<arg>${endpoint}</arg>
<arg>headers=${headers}</arg>
<arg>expected_status=any</arg>
<doc>Sends a GET request on a previously created HTTP Session.</doc>
<status status="NOT RUN" start="2025-09-12T14:29:51.380197" elapsed="0.000018"/>
</kw>
<status status="NOT RUN" start="2025-09-12T14:29:51.380037" elapsed="0.000217"/>
</branch>
<branch type="ELSE IF" condition="'${metodo}' == 'POST'">
<kw name="POST On Session" owner="RequestsLibrary">
<msg time="2025-09-12T14:29:51.391025" level="INFO">POST Request : url=http://localhost:3000/carrinhos 
 path_url=/carrinhos 
 headers={'User-Agent': 'python-requests/2.32.5', 'Accept-Encoding': 'gzip, deflate', 'Accept': '*/*', 'Connection': 'keep-alive', 'Authorization': 'Bearer eyJhbGciOiJIUzI1NiIsInR5cCI6IkpXVCJ9.eyJlbWFpbCI6ImNhcnJpbmhvMjAyNTA5MTIxNDI5NTFAZW1wcmVzYS5jb20iLCJwYXNzd29yZCI6IjEyMzQ1IiwiaWF0IjoxNzU3Njk4MTkxLCJleHAiOjE3NTc2OTg3OTF9.Vii7tA_8zj-zI7pwD0iYUnz-kYu1X0Ty5FmO4pQNBF8', 'Content-Length': '68', 'Content-Type': 'application/json'} 
 body=b'{"produtos": [{"idProduto": "w3q1YhXhDC9eELbv", "quantidade": "1"}]}' 
 </msg>
<msg time="2025-09-12T14:29:51.391150" level="INFO">POST Response : url=http://localhost:3000/carrinhos 
 status=201, reason=Created 
 headers={'Access-Control-Allow-Origin': '*', 'x-dns-prefetch-control': 'off', 'x-frame-options': 'SAMEORIGIN', 'strict-transport-security': 'max-age=15552000; includeSubDomains', 'x-download-options': 'noopen', 'x-content-type-options': 'nosniff', 'x-xss-protection': '1; mode=block', 'Content-Type': 'application/json; charset=utf-8', 'Content-Length': '82', 'Date': 'Fri, 12 Sep 2025 17:29:51 GMT', 'Connection': 'keep-alive', 'Keep-Alive': 'timeout=5'} 
 body={
    "message": "Cadastro realizado com sucesso",
    "_id": "BOiN1ep52z3dcRla"
} 
 </msg>
<msg time="2025-09-12T14:29:51.391275" level="INFO">${response} = &lt;Response [201]&gt;</msg>
<var>${response}</var>
<arg>serverest</arg>
<arg>${endpoint}</arg>
<arg>json=${dados}</arg>
<arg>headers=${headers}</arg>
<arg>expected_status=any</arg>
<doc>Sends a POST request on a previously created HTTP Session.</doc>
<status status="PASS" start="2025-09-12T14:29:51.380426" elapsed="0.010875"/>
</kw>
<status status="PASS" start="2025-09-12T14:29:51.380289" elapsed="0.011080"/>
</branch>
<branch type="ELSE IF" condition="'${metodo}' == 'PUT'">
<kw name="PUT On Session" owner="RequestsLibrary">
<var>${response}</var>
<arg>serverest</arg>
<arg>${endpoint}</arg>
<arg>json=${dados}</arg>
<arg>headers=${headers}</arg>
<arg>expected_status=any</arg>
<doc>Sends a PUT request on a previously created HTTP Session.</doc>
<status status="NOT RUN" start="2025-09-12T14:29:51.391608" elapsed="0.000040"/>
</kw>
<status status="NOT RUN" start="2025-09-12T14:29:51.391419" elapsed="0.000397"/>
</branch>
<branch type="ELSE IF" condition="'${metodo}' == 'DELETE'">
<kw name="DELETE On Session" owner="RequestsLibrary">
<var>${response}</var>
<arg>serverest</arg>
<arg>${endpoint}</arg>
<arg>headers=${headers}</arg>
<arg>expected_status=any</arg>
<doc>Sends a DELETE request on a previously created HTTP Session.</doc>
<status status="NOT RUN" start="2025-09-12T14:29:51.392047" elapsed="0.000023"/>
</kw>
<status status="NOT RUN" start="2025-09-12T14:29:51.391871" elapsed="0.000245"/>
</branch>
<status status="PASS" start="2025-09-12T14:29:51.380018" elapsed="0.012124"/>
</if>
<return>
<value>${response}</value>
<status status="PASS" start="2025-09-12T14:29:51.392183" elapsed="0.000161"/>
</return>
<msg time="2025-09-12T14:29:51.392561" level="INFO">${response} = &lt;Response [201]&gt;</msg>
<var>${response}</var>
<arg>POST</arg>
<arg>/carrinhos</arg>
<arg>${dados}</arg>
<arg>${headers}</arg>
<doc>Keyword reutilizável para fazer requisições HTTP na API</doc>
<status status="PASS" start="2025-09-12T14:29:51.379408" elapsed="0.013183"/>
</kw>
<kw name="Should Be Equal As Numbers" owner="BuiltIn">
<msg time="2025-09-12T14:29:51.393258" level="INFO">Argument types are:
&lt;class 'int'&gt;
&lt;class 'str'&gt;</msg>
<arg>${response.status_code}</arg>
<arg>201</arg>
<doc>Fails if objects are unequal after converting them to real numbers.</doc>
<status status="PASS" start="2025-09-12T14:29:51.392841" elapsed="0.000476"/>
</kw>
[...]
</kw>
<status status="PASS" start="2025-09-12T14:29:52.152299" elapsed="0.038718"/>
</test>
<test id="s1-s4-t10" name="Teste GET Listar Todos Usuarios" line="97">
<kw name="Fazer Requisicao API" owner="api">
<kw name="Create Session" owner="RequestsLibrary">
<msg time="2025-09-12T14:29:52.192917" level="INFO">Creating Session using : alias=serverest, url=http://localhost:3000, headers={},                     cookies={}, auth=None, timeout=None, proxies=None, verify=False,                     debug=0 </msg>
<arg>serverest</arg>
<arg>${BASE_URL}</arg>
<doc>Create Session: create a HTTP session to a server</doc>
<status status="PASS" start="2025-09-12T14:29:52.192702" elapsed="0.000364"/>
</kw>
<if>
<branch type="IF" condition="'${metodo}' == 'GET'">
<kw name="GET On Session" owner="RequestsLibrary">
<msg time="2025-09-12T14:29:52.198717" level="INFO">GET Request : url=http://localhost:3000/usuarios 
 path_url=/usuarios 
 headers={} 
 body=None 
 </msg>
<msg time="2025-09-12T14:29:52.198806" level="INFO">GET Response : url=http://localhost:3000/usuarios 
 status=200, reason=OK 
 headers={'Access-Control-Allow-Origin': '*', 'x-dns-prefetch-control': 'off', 'x-frame-options': 'SAMEORIGIN', 'strict-transport-security': 'max-age=15552000; includeSubDomains', 'x-download-options': 'noopen', 'x-content-type-options': 'nosniff', 'x-xss-protection': '1; mode=block', 'Content-Type': 'application/json; charset=utf-8', 'Content-Length': '4474', 'Date': 'Fri, 12 Sep 2025 17:29:52 GMT', 'Connection': 'keep-alive', 'Keep-Alive': 'timeout=5'} 
 body={
    "quantidade": 20,
    "usuarios": [
        {
            "nome": "Fulano da Silva",
            "email": "fulano@qa.com",
            "password": "teste",
            "administrador": "true",
            "_id": "0uxuPY0cbmQhpEz1"
        },
        {
            "nome": "Admin Produtos",
            "email": "admin20250912142716@empresa.com",
            "password": "12345",
            "administrador": "true",
            "_id": "FnvbK25nqvgc1I6N"
        },
        {
            "nome": "Admin Carrinho",
            "email": "carrinho20250912140416@empresa.com",
            "password": "12345",
            "administrador": "true",
            "_id": "G9deZqVXHaRxmUnG"
        },
        {
            "nome": "Usuario 2",
            "email": "user220250912142952@empresa.com",
            "password": "12345",
            "administrador": "true",
            "_id": "JnMe0V31VaTKyiGZ"
        },
        {
            "nome": "Usuario 1",
            "email": "user120250912140417@empresa.com",
            "password": "12345",
            "administrador": "true",
            "_id": "M35Q5Sz1NzD6WKiy"
        },
        {
            "nome": "Usuario Atualizado",
            "email": "atualizado20250912142952@empresa.com",
            "password": "54321",
            "administrador": "false",
            "_id": "MMpWzg7cMwT2tzP6"
        },
        {
            "nome": "Admin Produtos",
            "email": "admin20250912142951@empresa.com",
            "password": "12345",
            "administrador": "true",
            "_id": "SfOuZlliQkwZT0Sg"
        },
        {
            "nome": "Usuario Teste",
            "email": "teste20250912142716@empresa.com",
            "password": "12345",
            "administrador": "true",
            "_id": "T6TpTN2RXqg0iFZ2"
        },
        {
            "nome": "Usuario Teste",
            "email": "teste20250912140417@empresa.com",
            "password": "12345",
            "administrador": "true",
            "_id": "VL7Ux83JqlO6uKuR"
        },
        {
            "nome": "Usuario 1",
            "email": "user120250912142716@empresa.com",
            "password": "12345",
            "administrador": "true",
            "_id": "Z3KGVgpiea7HAVVZ"
        },
        {
            "nome": "Admin Carrinho",
            "email": "carrinho20250912142951@empresa.com",
            "password": "12345",
            "administrador": "true",
            "_id": "eQqHblz1CifK9aaA"
        },
        {
            "nome": "Usuario Login",
            "email": "login20250912140416@empresa.com",
            "password": "12345",
            "administrador": "true",
            "_id": "h1XFXlzBpVErIQGU"
        },
        {
            "nome": "Usuario Teste",
            "email": "teste20250912142952@empresa.com",
            "password": "12345",
            "administrador": "true",
            "_id": "hakRP2XT3TaKuRwq"
        },
        {
            "nome": "Admin Produtos",
            "email": "admin20250912140416@empresa.com",
            "password": "12345",
            "administrador": "true",
            "_id": "iwC7ifzLS8l7M7MW"
        },
        {
            "nome": "Usuario 2",
            "email": "user220250912140417@empresa.com",
            "password": "12345",
            "administrador": "true",
            "_id": "oFU8dEH4zHe96HW0"
        },
        {
            "nome": "Admin Carrinho",
            "email": "carrinho20250912142715@empresa.com",
            "password": "12345",
            "administrador": "true",
            "_id": "odYmd8aSQ17j5orw"
        },
        {
            "nome": "Usuario 2",
            "email": "user220250912142716@empresa.com",
            "password": "12345",
            "administrador": "true",
            "_id": "psuyBd7u48ncoDKe"
        },
        {
            "nome": "Usuario 1",
            "email": "user120250912142952@empresa.com",
            "password": "12345",
            "administrador": "true",
            "_id": "qoUYbaf3pjEF0TgK"
        },
        {
            "nome": "Usuario Login",
            "email": "login20250912142716@empresa.com",
            "password": "12345",
            "administrador": "true",
            "_id": "uhSpWWfHFNkbOcZh"
        },
        {
            "nome": "Usuario Login",
            "email": "login20250912142951@empresa.com",
            "password": "12345",
            "administrador": "true",
            "_id": "vV6IEmRM3TC9XC4W"
        }
    ]
} 
 </msg>
<msg time="2025-09-12T14:29:52.199058" level="INFO">${response} = &lt;Response [200]&gt;</msg>
<var>${response}</var>
<arg>serverest</arg>
<arg>${endpoint}</arg>
<arg>headers=${headers}</arg>
<arg>expected_status=any</arg>
<doc>Sends a GET request on a previously created HTTP Session.</doc>
<status status="PASS" start="2025-09-12T14:29:52.193337" elapsed="0.005750"/>
</kw>
<status status="PASS" start="2025-09-12T14:29:52.193154" elapsed="0.005985"/>
</branch>
<branch type="ELSE IF" condition="'${metodo}' == 'POST'">
<kw name="POST On Session" owner="RequestsLibrary">
<var>${response}</var>
<arg>serverest</arg>
<arg>${endpoint}</arg>
<arg>json=${dados}</arg>
<arg>headers=${headers}</arg>
<arg>expected_status=any</arg>
<doc>Sends a POST request on a previously created HTTP Session.</doc>
<status status="NOT RUN" start="2025-09-12T14:29:52.199329" elapsed="0.000033"/>
</kw>
<status status="NOT RUN" start="2025-09-12T14:29:52.199170" elapsed="0.000252"/>
</branch>
<branch type="ELSE IF" condition="'${metodo}' == 'PUT'">
<kw name="PUT On Session" owner="RequestsLibrary">
<var>${response}</var>
<arg>serverest</arg>
<arg>${endpoint}</arg>
<arg>json=${dados}</arg>
<arg>headers=${headers}</arg>
<arg>expected_status=any</arg>
<doc>Sends a PUT request on a previously created HTTP Session.</doc>
<status status="NOT RUN" start="2025-09-12T14:29:52.199601" elapsed="0.000020"/>
</kw>
<status status="NOT RUN" start="2025-09-12T14:29:52.199451" elapsed="0.000219"/>
</branch>
<branch type="ELSE IF" condition="'${metodo}' == 'DELETE'">
<kw name="DELETE On Session" owner="RequestsLibrary">
<var>${response}</var>
<arg>serverest</arg>
<arg>${endpoint}</arg>
<arg>headers=${headers}</arg>
<arg>expected_status=any</arg>
<doc>Sends a DELETE request on a previously created HTTP Session.</doc>
<status status="NOT RUN" start="2025-09-12T14:29:52.199783" elapsed="0.000017"/>
</kw>
<status status="NOT RUN" start="2025-09-12T14:29:52.199693" elapsed="0.000149"/>
</branch>
<status status="PASS" start="2025-09-12T14:29:52.193133" elapsed="0.006730"/>
</if>
<return>
<value>${response}</value>
<status status="PASS" start="2025-09-12T14:29:52.199900" elapsed="0.000032"/>
</return>
<msg time="2025-09-12T14:29:52.200100" level="INFO">${response} = &lt;Response [200]&gt;</msg>
<var>${response}</var>
<arg>GET</arg>
<arg>/usuarios</arg>
<doc>Keyword reutilizável para fazer requisições HTTP na API</doc>
<status status="PASS" start="2025-09-12T14:29:52.191889" elapsed="0.008237"/>
</kw>
<kw name="Should Be Equal As Numbers" owner="BuiltIn">
<msg time="2025-09-12T14:29:52.200744" level="INFO">Argument types are:
&lt;class 'int'&gt;
&lt;class 'str'&gt;</msg>
<arg>${response.status_code}</arg>
<arg>200</arg>
<doc>Fails if objects are unequal after converting them to real numbers.</doc>
<status status="PASS" start="2025-09-12T14:29:52.200342" elapsed="0.000460"/>
</kw>
<kw name="Should Contain" owner="BuiltIn">
<arg>${response.json()}</arg>
<arg>usuarios</arg>
<doc>Fails if ``container`` does not contain ``item`` one or more times.</doc>
<status status="PASS" start="2025-09-12T14:29:52.200970" elapsed="0.000411"/>
</kw>
<kw name="Should Contain" owner="BuiltIn">
<arg>${response.json()}</arg>
<arg>quantidade</arg>
<doc>Fails if ``container`` does not contain ``item`` one or more times.</doc>
<status status="PASS" start="2025-09-12T14:29:52.201569" elapsed="0.000595"/>
</kw>
<status status="PASS" start="2025-09-12T14:29:52.191420" elapsed="0.011024"/>
</test>
<test id="s1-s4-t11" name="Teste DELETE Usuario Sucesso" line="104">
<kw name="Fazer Requisicao API" owner="api">
<kw name="Create Session" owner="RequestsLibrary">
<msg time="2025-09-12T14:29:52.205199" level="INFO">Creating Session using : alias=serverest, url=http://localhost:3000, headers={},                     cookies={}, auth=None, timeout=None, proxies=None, verify=False,                     debug=0 </msg>
<arg>serverest</arg>
<arg>${BASE_URL}</arg>
<doc>Create Session: create a HTTP session to a server</doc>
<status status="PASS" start="2025-09-12T14:29:52.204977" elapsed="0.000445"/>
</kw>
<if>
<branch type="IF" condition="'${metodo}' == 'GET'">
<kw name="GET On Session" owner="RequestsLibrary">
<var>${response}</var>
<arg>serverest</arg>
<arg>${endpoint}</arg>
<arg>headers=${headers}</arg>
<arg>expected_status=any</arg>
<doc>Sends a GET request on a previously created HTTP Session.</doc>
<status status="NOT RUN" start="2025-09-12T14:29:52.205871" elapsed="0.000034"/>
</kw>
<status status="NOT RUN" start="2025-09-12T14:29:52.205553" elapsed="0.000459"/>
</branch>
<branch type="ELSE IF" condition="'${metodo}' == 'POST'">
<kw name="POST On Session" owner="RequestsLibrary">
<var>${response}</var>
<arg>serverest</arg>
<arg>${endpoint}</arg>
<arg>json=${dados}</arg>
<arg>headers=${headers}</arg>
<arg>expected_status=any</arg>
<doc>Sends a POST request on a previously created HTTP Session.</doc>
<status status="NOT RUN" start="2025-09-12T14:29:52.206362" elapsed="0.000025"/>
</kw>
<status status="NOT RUN" start="2025-09-12T14:29:52.206113" elapsed="0.000330"/>
</branch>
<branch type="ELSE IF" condition="'${metodo}' == 'PUT'">
<kw name="PUT On Session" owner="RequestsLibrary">
<var>${response}</var>
<arg>serverest</arg>
<arg>${endpoint}</arg>
<arg>json=${dados}</arg>
<arg>headers=${headers}</arg>
<arg>expected_status=any</arg>
<doc>Sends a PUT request on a previously created HTTP Session.</doc>
<status status="NOT RUN" start="2025-09-12T14:29:52.206661" elapsed="0.000020"/>
</kw>
<status status="NOT RUN" start="2025-09-12T14:29:52.206472" elapsed="0.000256"/>
</branch>
<branch type="ELSE IF" condition="'${metodo}' == 'DELETE'">
<kw name="DELETE On Session" owner="RequestsLibrary">
<msg time="2025-09-12T14:29:52.214078" level="INFO">DELETE Request : url=http://localhost:3000/usuarios/MMpWzg7cMwT2tzP6 
 path_url=/usuarios/MMpWzg7cMwT2tzP6 
 headers={'Content-Length': '0'} 
 body=None 
 </msg>
<msg time="2025-09-12T14:29:52.214162" level="INFO">DELETE Response : url=http://localhost:3000/usuarios/MMpWzg7cMwT2tzP6 
 status=200, reason=OK 
 headers={'Access-Control-Allow-Origin': '*', 'x-dns-prefetch-control': 'off', 'x-frame-options': 'SAMEORIGIN', 'strict-transport-security': 'max-age=15552000; includeSubDomains', 'x-download-options': 'noopen', 'x-content-type-options': 'nosniff', 'x-xss-protection': '1; mode=block', 'Content-Type': 'application/json; charset=utf-8', 'Content-Length': '51', 'Date': 'Fri, 12 Sep 2025 17:29:52 GMT', 'Connection': 'keep-alive', 'Keep-Alive': 'timeout=5'} 
 body={
    "message": "Registro excluído com sucesso"
} 
 </msg>
<msg time="2025-09-12T14:29:52.214313" level="INFO">${response} = &lt;Response [200]&gt;</msg>
<var>${response}</var>
<arg>serverest</arg>
<arg>${endpoint}</arg>
<arg>headers=${headers}</arg>
<arg>expected_status=any</arg>
<doc>Sends a DELETE request on a previously created HTTP Session.</doc>
<status status="PASS" start="2025-09-12T14:29:52.206949" elapsed="0.007397"/>
</kw>
<status status="PASS" start="2025-09-12T14:29:52.206750" elapsed="0.007657"/>
</branch>
<status status="PASS" start="2025-09-12T14:29:52.205525" elapsed="0.008911"/>
</if>
<return>
<value>${response}</value>
<status status="PASS" start="2025-09-12T14:29:52.214482" elapsed="0.000041"/>
</return>
<msg time="2025-09-12T14:29:52.214699" level="INFO">${response} = &lt;Response [200]&gt;</msg>
<var>${response}</var>
<arg>DELETE</arg>
<arg>/usuarios/${ID_USUARIO}</arg>
<doc>Keyword reutilizável para fazer requisições HTTP na API</doc>
<status status="PASS" start="2025-09-12T14:29:52.203680" elapsed="0.011044"/>
</kw>
<kw name="Should Be Equal As Numbers" owner="BuiltIn">
<msg time="2025-09-12T14:29:52.215479" level="INFO">Argument types are:
&lt;class 'int'&gt;
&lt;class 'str'&gt;</msg>
<arg>${response.status_code}</arg>
<arg>200</arg>
<doc>Fails if objects are unequal after converting them to real numbers.</doc>
<status status="PASS" start="2025-09-12T14:29:52.215032" elapsed="0.000508"/>
</kw>
<kw name="Should Be Equal" owner="BuiltIn">
<arg>${response.json()}[message]</arg>
<arg>Registro excluído com sucesso</arg>
<doc>Fails if the given objects are unequal.</doc>
<status status="PASS" start="2025-09-12T14:29:52.215752" elapsed="0.000487"/>
</kw>
<status status="PASS" start="2025-09-12T14:29:52.203069" elapsed="0.013347"/>
</test>
<test id="s1-s4-t12" name="Teste DELETE Usuario ID Inexistente" line="110">
<kw name="Fazer Requisicao API" owner="api">
<kw name="Create Session" owner="RequestsLibrary">
<msg time="2025-09-12T14:29:52.218586" level="INFO">Creating Session using : alias=serverest, url=http://localhost:3000, headers={},                     cookies={}, auth=None, timeout=None, proxies=None, verify=False,                     debug=0 </msg>
<arg>serverest</arg>
<arg>${BASE_URL}</arg>
<doc>Create Session: create a HTTP session to a server</doc>
<status status="PASS" start="2025-09-12T14:29:52.218352" elapsed="0.000405"/>
</kw>
<if>
<branch type="IF" condition="'${metodo}' == 'GET'">
<kw name="GET On Session" owner="RequestsLibrary">
<var>${response}</var>
<arg>serverest</arg>
<arg>${endpoint}</arg>
<arg>headers=${headers}</arg>
<arg>expected_status=any</arg>
<doc>Sends a GET request on a previously created HTTP Session.</doc>
<status status="NOT RUN" start="2025-09-12T14:29:52.219079" elapsed="0.000032"/>
</kw>
<status status="NOT RUN" start="2025-09-12T14:29:52.218856" elapsed="0.000328"/>
</branch>
<branch type="ELSE IF" condition="'${metodo}' == 'POST'">
<kw name="POST On Session" owner="RequestsLibrary">
<var>${response}</var>
<arg>serverest</arg>
<arg>${endpoint}</arg>
<arg>json=${dados}</arg>
<arg>headers=${headers}</arg>
<arg>expected_status=any</arg>
<doc>Sends a POST request on a previously created HTTP Session.</doc>
<status status="NOT RUN" start="2025-09-12T14:29:52.219662" elapsed="0.000029"/>
</kw>
<status status="NOT RUN" start="2025-09-12T14:29:52.219247" elapsed="0.000504"/>
</branch>
<branch type="ELSE IF" condition="'${metodo}' == 'PUT'">
<kw name="PUT On Session" owner="RequestsLibrary">
<var>${response}</var>
<arg>serverest</arg>
<arg>${endpoint}</arg>
<arg>json=${dados}</arg>
<arg>headers=${headers}</arg>
<arg>expected_status=any</arg>
<doc>Sends a PUT request on a previously created HTTP Session.</doc>
<status status="NOT RUN" start="2025-09-12T14:29:52.219980" elapsed="0.000022"/>
</kw>
<status status="NOT RUN" start="2025-09-12T14:29:52.219781" elapsed="0.000270"/>
</branch>
<branch type="ELSE IF" condition="'${metodo}' == 'DELETE'">
<kw name="DELETE On Session" owner="RequestsLibrary">
<msg time="2025-09-12T14:29:52.226888" level="INFO">DELETE Request : url=http://localhost:3000/usuarios/123456789012345678901234 
 path_url=/usuarios/123456789012345678901234 
 headers={'Content-Length': '0'} 
 body=None 
 </msg>
<msg time="2025-09-12T14:29:52.226969" level="INFO">DELETE Response : url=http://localhost:3000/usuarios/123456789012345678901234 
 status=200, reason=OK 
 headers={'Access-Control-Allow-Origin': '*', 'x-dns-prefetch-control': 'off', 'x-frame-options': 'SAMEORIGIN', 'strict-transport-security': 'max-age=15552000; includeSubDomains', 'x-download-options': 'noopen', 'x-content-type-options': 'nosniff', 'x-xss-protection': '1; mode=block', 'Content-Type': 'application/json; charset=utf-8', 'Content-Length': '46', 'Date': 'Fri, 12 Sep 2025 17:29:52 GMT', 'Connection': 'keep-alive', 'Keep-Alive': 'timeout=5'} 
 body={
    "message": "Nenhum registro excluído"
} 
 </msg>
<msg time="2025-09-12T14:29:52.227108" level="INFO">${response} = &lt;Response [200]&gt;</msg>
<var>${response}</var>
<arg>serverest</arg>
<arg>${endpoint}</arg>
<arg>headers=${headers}</arg>
<arg>expected_status=any</arg>
<doc>Sends a DELETE request on a previously created HTTP Session.</doc>
<status status="PASS" start="2025-09-12T14:29:52.220270" elapsed="0.006866"/>
</kw>
<status status="PASS" start="2025-09-12T14:29:52.220074" elapsed="0.007117"/>
</branch>
<status status="PASS" start="2025-09-12T14:29:52.218833" elapsed="0.008386"/>
</if>
<return>
<value>${response}</value>
<status status="PASS" start="2025-09-12T14:29:52.227279" elapsed="0.000047"/>
</return>
<msg time="2025-09-12T14:29:52.227536" level="INFO">${response} = &lt;Response [200]&gt;</msg>
<var>${response}</var>
<arg>DELETE</arg>
<arg>/usuarios/123456789012345678901234</arg>
<doc>Keyword reutilizável para fazer requisições HTTP na API</doc>
<status status="PASS" start="2025-09-12T14:29:52.217329" elapsed="0.010253"/>
</kw>
<kw name="Should Be Equal As Numbers" owner="BuiltIn">
<msg time="2025-09-12T14:29:52.228238" level="INFO">Argument types are:
&lt;class 'int'&gt;
&lt;class 'str'&gt;</msg>
<arg>${response.status_code}</arg>
<arg>200</arg>
<doc>Fails if objects are unequal after converting them to real numbers.</doc>
<status status="PASS" start="2025-09-12T14:29:52.227826" elapsed="0.000468"/>
</kw>
<kw name="Should Be Equal" owner="BuiltIn">
<arg>${response.json()}[message]</arg>
<arg>Nenhum registro excluído</arg>
<doc>Fails if the given objects are unequal.</doc>
<status status="PASS" start="2025-09-12T14:29:52.228489" elapsed="0.000412"/>
</kw>
<status status="PASS" start="2025-09-12T14:29:52.216786" elapsed="0.012279"/>
</test>
<status status="PASS" start="2025-09-12T14:29:51.918487" elapsed="0.311118"/>
</suite>
<status status="PASS" start="2025-09-12T14:29:51.055415" elapsed="1.174953"/>
</suite>
<statistics>
<total>
<stat pass="45" fail="0" skip="0">All Tests</stat>
</total>
<tag>
</tag>
<suite>
<stat name="Tests" id="s1" pass="45" fail="0" skip="0">Tests</stat>
<stat name="Carrinhos" id="s1-s1" pass="15" fail="0" skip="0">Tests.Carrinhos</stat>
<stat name="Login" id="s1-s2" pass="4" fail="0" skip="0">Tests.Login</stat>
<stat name="Produtos" id="s1-s3" pass="14" fail="0" skip="0">Tests.Produtos</stat>
<stat name="Usuarios" id="s1-s4" pass="12" fail="0" skip="0">Tests.Usuarios</stat>
</suite>
</statistics>
<errors>
</errors>
</robot>
