<?xml version="1.0" encoding="UTF-8"?>
<robot generator="Robot 7.3.2 (Python 3.13.5 on win32)" generated="2025-09-12T15:57:57.444750" rpa="false" schemaversion="5">
<suite id="s1" name="Tests" source="C:\Users\Bruno Calazans\Documents\Compass\Testes Robot\Sprint 6\Semana 12\Challenge 03\testes automatizados serverest com robot\tests">
<suite id="s1-s1" name="Carrinhos" source="C:\Users\Bruno Calazans\Documents\Compass\Testes Robot\Sprint 6\Semana 12\Challenge 03\testes automatizados serverest com robot\tests\carrinhos.robot">
<kw name="Create Session" owner="RequestsLibrary" type="SETUP">
<msg time="2025-09-12T15:57:57.584439" level="INFO">Creating Session using : alias=serverest, url=http://localhost:3000, headers={},                     cookies={}, auth=None, timeout=None, proxies=None, verify=False,                     debug=0 </msg>
<arg>serverest</arg>
<arg>http://localhost:3000</arg>
<doc>Create Session: create a HTTP session to a server</doc>
<status status="PASS" start="2025-09-12T15:57:57.584217" elapsed="0.000431"/>
</kw>
<test id="s1-s1-t1" name="Criar Usuario Admin Para Carrinho" line="13">
<kw name="Get Current Date" owner="DateTime">
<msg time="2025-09-12T15:57:57.585483" level="INFO">${timestamp} = 20250912155757</msg>
<var>${timestamp}</var>
<arg>result_format=%Y%m%d%H%M%S</arg>
<doc>Returns current local or UTC time with an optional increment.</doc>
<status status="PASS" start="2025-09-12T15:57:57.585245" elapsed="0.000267"/>
</kw>
<kw name="Create Dictionary" owner="BuiltIn">
<msg time="2025-09-12T15:57:57.586072" level="INFO">${dados_user} = {'nome': 'Admin Carrinho', 'email': 'carrinho20250912155757@empresa.com', 'password': '12345', 'administrador': 'true'}</msg>
<var>${dados_user}</var>
<arg>nome=Admin Carrinho</arg>
<arg>email=carrinho${timestamp}@empresa.com</arg>
<arg>password=12345</arg>
<arg>administrador=true</arg>
<doc>Creates and returns a dictionary based on the given ``items``.</doc>
<status status="PASS" start="2025-09-12T15:57:57.585730" elapsed="0.000369"/>
</kw>
<kw name="Fazer Requisicao API" owner="api">
<kw name="Create Session" owner="RequestsLibrary">
<msg time="2025-09-12T15:57:57.587171" level="INFO">Creating Session using : alias=serverest, url=http://localhost:3000, headers={},                     cookies={}, auth=None, timeout=None, proxies=None, verify=False,                     debug=0 </msg>
<arg>serverest</arg>
<arg>${BASE_URL}</arg>
<doc>Create Session: create a HTTP session to a server</doc>
<status status="PASS" start="2025-09-12T15:57:57.587060" elapsed="0.000229"/>
</kw>
<if>
<branch type="IF" condition="'${metodo}' == 'GET'">
<kw name="GET On Session" owner="RequestsLibrary">
<var>${response}</var>
<arg>serverest</arg>
<arg>${endpoint}</arg>
<arg>headers=${headers}</arg>
<arg>expected_status=any</arg>
<doc>Sends a GET request on a previously created HTTP Session.</doc>
<status status="NOT RUN" start="2025-09-12T15:57:57.587553" elapsed="0.000019"/>
</kw>
<status status="NOT RUN" start="2025-09-12T15:57:57.587372" elapsed="0.000238"/>
</branch>
<branch type="ELSE IF" condition="'${metodo}' == 'POST'">
<kw name="POST On Session" owner="RequestsLibrary">
<msg time="2025-09-12T15:57:57.603065" level="INFO">POST Request : url=http://localhost:3000/usuarios 
 path_url=/usuarios 
 headers={'Content-Length': '119', 'Content-Type': 'application/json'} 
 body=b'{"nome": "Admin Carrinho", "email": "carrinho20250912155757@empresa.com", "password": "12345", "administrador": "true"}' 
 </msg>
<msg time="2025-09-12T15:57:57.603233" level="INFO">POST Response : url=http://localhost:3000/usuarios 
 status=201, reason=Created 
 headers={'Access-Control-Allow-Origin': '*', 'x-dns-prefetch-control': 'off', 'x-frame-options': 'SAMEORIGIN', 'strict-transport-security': 'max-age=15552000; includeSubDomains', 'x-download-options': 'noopen', 'x-content-type-options': 'nosniff', 'x-xss-protection': '1; mode=block', 'Content-Type': 'application/json; charset=utf-8', 'Content-Length': '82', 'Date': 'Fri, 12 Sep 2025 18:57:57 GMT', 'Connection': 'keep-alive', 'Keep-Alive': 'timeout=5'} 
 body={
    "message": "Cadastro realizado com sucesso",
    "_id": "CRziCavlPsBXacZW"
} 
 </msg>
<msg time="2025-09-12T15:57:57.603364" level="INFO">${response} = &lt;Response [201]&gt;</msg>
<var>${response}</var>
<arg>serverest</arg>
<arg>${endpoint}</arg>
<arg>json=${dados}</arg>
<arg>headers=${headers}</arg>
<arg>expected_status=any</arg>
<doc>Sends a POST request on a previously created HTTP Session.</doc>
<status status="PASS" start="2025-09-12T15:57:57.587790" elapsed="0.015652"/>
</kw>
<status status="PASS" start="2025-09-12T15:57:57.587644" elapsed="0.015916"/>
</branch>
<branch type="ELSE IF" condition="'${metodo}' == 'PUT'">
<kw name="PUT On Session" owner="RequestsLibrary">
<var>${response}</var>
<arg>serverest</arg>
<arg>${endpoint}</arg>
<arg>json=${dados}</arg>
<arg>headers=${headers}</arg>
<arg>expected_status=any</arg>
<doc>Sends a PUT request on a previously created HTTP Session.</doc>
<status status="NOT RUN" start="2025-09-12T15:57:57.603761" elapsed="0.000024"/>
</kw>
<status status="NOT RUN" start="2025-09-12T15:57:57.603612" elapsed="0.000216"/>
</branch>
<branch type="ELSE IF" condition="'${metodo}' == 'DELETE'">
<kw name="DELETE On Session" owner="RequestsLibrary">
<var>${response}</var>
<arg>serverest</arg>
<arg>${endpoint}</arg>
<arg>headers=${headers}</arg>
<arg>expected_status=any</arg>
<doc>Sends a DELETE request on a previously created HTTP Session.</doc>
<status status="NOT RUN" start="2025-09-12T15:57:57.603939" elapsed="0.000041"/>
</kw>
<status status="NOT RUN" start="2025-09-12T15:57:57.603852" elapsed="0.000175"/>
</branch>
<status status="PASS" start="2025-09-12T15:57:57.587349" elapsed="0.016701"/>
</if>
<return>
<value>${response}</value>
<status status="PASS" start="2025-09-12T15:57:57.604096" elapsed="0.000044"/>
</return>
<msg time="2025-09-12T15:57:57.604286" level="INFO">${response} = &lt;Response [201]&gt;</msg>
<var>${response}</var>
<arg>POST</arg>
<arg>/usuarios</arg>
<arg>${dados_user}</arg>
<doc>Keyword reutilizável para fazer requisições HTTP na API</doc>
<status status="PASS" start="2025-09-12T15:57:57.586476" elapsed="0.017834"/>
</kw>
<kw name="Should Be Equal As Numbers" owner="BuiltIn">
<msg time="2025-09-12T15:57:57.604980" level="INFO">Argument types are:
&lt;class 'int'&gt;
&lt;class 'str'&gt;</msg>
<arg>${response.status_code}</arg>
<arg>201</arg>
<doc>Fails if objects are unequal after converting them to real numbers.</doc>
<status status="PASS" start="2025-09-12T15:57:57.604570" elapsed="0.000475"/>
</kw>
<kw name="Create Dictionary" owner="BuiltIn">
<msg time="2025-09-12T15:57:57.605557" level="INFO">${dados_login} = {'email': 'carrinho20250912155757@empresa.com', 'password': '12345'}</msg>
<var>${dados_login}</var>
<arg>email=${dados_user}[email]</arg>
<arg>password=${dados_user}[password]</arg>
<doc>Creates and returns a dictionary based on the given ``items``.</doc>
<status status="PASS" start="2025-09-12T15:57:57.605263" elapsed="0.000321"/>
</kw>
<kw name="Fazer Requisicao API" owner="api">
<kw name="Create Session" owner="RequestsLibrary">
<msg time="2025-09-12T15:57:57.606581" level="INFO">Creating Session using : alias=serverest, url=http://localhost:3000, headers={},                     cookies={}, auth=None, timeout=None, proxies=None, verify=False,                     debug=0 </msg>
<arg>serverest</arg>
<arg>${BASE_URL}</arg>
<doc>Create Session: create a HTTP session to a server</doc>
<status status="PASS" start="2025-09-12T15:57:57.606466" elapsed="0.000245"/>
</kw>
<if>
<branch type="IF" condition="'${metodo}' == 'GET'">
<kw name="GET On Session" owner="RequestsLibrary">
<var>${response}</var>
<arg>serverest</arg>
<arg>${endpoint}</arg>
<arg>headers=${headers}</arg>
<arg>expected_status=any</arg>
<doc>Sends a GET request on a previously created HTTP Session.</doc>
<status status="NOT RUN" start="2025-09-12T15:57:57.606964" elapsed="0.000018"/>
</kw>
<status status="NOT RUN" start="2025-09-12T15:57:57.606789" elapsed="0.000231"/>
</branch>
<branch type="ELSE IF" condition="'${metodo}' == 'POST'">
<kw name="POST On Session" owner="RequestsLibrary">
<msg time="2025-09-12T15:57:57.616928" level="INFO">POST Request : url=http://localhost:3000/login 
 path_url=/login 
 headers={'Content-Length': '68', 'Content-Type': 'application/json'} 
 body=b'{"email": "carrinho20250912155757@empresa.com", "password": "12345"}' 
 </msg>
<msg time="2025-09-12T15:57:57.617026" level="INFO">POST Response : url=http://localhost:3000/login 
 status=200, reason=OK 
 headers={'Access-Control-Allow-Origin': '*', 'x-dns-prefetch-control': 'off', 'x-frame-options': 'SAMEORIGIN', 'strict-transport-security': 'max-age=15552000; includeSubDomains', 'x-download-options': 'noopen', 'x-content-type-options': 'nosniff', 'x-xss-protection': '1; mode=block', 'Content-Type': 'application/json; charset=utf-8', 'Content-Length': '293', 'Date': 'Fri, 12 Sep 2025 18:57:57 GMT', 'Connection': 'keep-alive', 'Keep-Alive': 'timeout=5'} 
 body={
    "message": "Login realizado com sucesso",
    "authorization": "Bearer eyJhbGciOiJIUzI1NiIsInR5cCI6IkpXVCJ9.eyJlbWFpbCI6ImNhcnJpbmhvMjAyNTA5MTIxNTU3NTdAZW1wcmVzYS5jb20iLCJwYXNzd29yZCI6IjEyMzQ1IiwiaWF0IjoxNzU3NzAzNDc3LCJleHAiOjE3NTc3MDQwNzd9.h1fSldEeq_Y12HgF0_886AWv5eW7RTjCouGcrG0cT38"
} 
 </msg>
<msg time="2025-09-12T15:57:57.617153" level="INFO">${response} = &lt;Response [200]&gt;</msg>
<var>${response}</var>
<arg>serverest</arg>
<arg>${endpoint}</arg>
<arg>json=${dados}</arg>
<arg>headers=${headers}</arg>
<arg>expected_status=any</arg>
<doc>Sends a POST request on a previously created HTTP Session.</doc>
<status status="PASS" start="2025-09-12T15:57:57.607328" elapsed="0.009851"/>
</kw>
<status status="PASS" start="2025-09-12T15:57:57.607158" elapsed="0.010125"/>
</branch>
<branch type="ELSE IF" condition="'${metodo}' == 'PUT'">
<kw name="PUT On Session" owner="RequestsLibrary">
<var>${response}</var>
<arg>serverest</arg>
<arg>${endpoint}</arg>
<arg>json=${dados}</arg>
<arg>headers=${headers}</arg>
<arg>expected_status=any</arg>
<doc>Sends a PUT request on a previously created HTTP Session.</doc>
<status status="NOT RUN" start="2025-09-12T15:57:57.617473" elapsed="0.000026"/>
</kw>
<status status="NOT RUN" start="2025-09-12T15:57:57.617321" elapsed="0.000223"/>
</branch>
<branch type="ELSE IF" condition="'${metodo}' == 'DELETE'">
<kw name="DELETE On Session" owner="RequestsLibrary">
<var>${response}</var>
<arg>serverest</arg>
<arg>${endpoint}</arg>
<arg>headers=${headers}</arg>
<arg>expected_status=any</arg>
<doc>Sends a DELETE request on a previously created HTTP Session.</doc>
<status status="NOT RUN" start="2025-09-12T15:57:57.617671" elapsed="0.000019"/>
</kw>
<status status="NOT RUN" start="2025-09-12T15:57:57.617572" elapsed="0.000183"/>
</branch>
<status status="PASS" start="2025-09-12T15:57:57.606769" elapsed="0.011011"/>
</if>
<return>
<value>${response}</value>
<status status="PASS" start="2025-09-12T15:57:57.617833" elapsed="0.000049"/>
</return>
<msg time="2025-09-12T15:57:57.618104" level="INFO">${response_login} = &lt;Response [200]&gt;</msg>
<var>${response_login}</var>
<arg>POST</arg>
<arg>/login</arg>
<arg>${dados_login}</arg>
<doc>Keyword reutilizável para fazer requisições HTTP na API</doc>
<status status="PASS" start="2025-09-12T15:57:57.605923" elapsed="0.012215"/>
</kw>
<kw name="Should Be Equal As Numbers" owner="BuiltIn">
<msg time="2025-09-12T15:57:57.618850" level="INFO">Argument types are:
&lt;class 'int'&gt;
&lt;class 'str'&gt;</msg>
<arg>${response_login.status_code}</arg>
<arg>200</arg>
<doc>Fails if objects are unequal after converting them to real numbers.</doc>
<status status="PASS" start="2025-09-12T15:57:57.618442" elapsed="0.000474"/>
</kw>
<kw name="Set Global Variable" owner="BuiltIn">
<msg time="2025-09-12T15:57:57.619573" level="INFO">${TOKEN_AUTH} = Bearer eyJhbGciOiJIUzI1NiIsInR5cCI6IkpXVCJ9.eyJlbWFpbCI6ImNhcnJpbmhvMjAyNTA5MTIxNTU3NTdAZW1wcmVzYS5jb20iLCJwYXNzd29yZCI6IjEyMzQ1IiwiaWF0IjoxNzU3NzAzNDc3LCJleHAiOjE3NTc3MDQwNzd9.h1fSldEeq_Y12HgF0_886AW...</msg>
<arg>${TOKEN_AUTH}</arg>
<arg>${response_login.json()}[authorization]</arg>
<doc>Makes a variable available globally in all tests and suites.</doc>
<status status="PASS" start="2025-09-12T15:57:57.619116" elapsed="0.000504"/>
</kw>
<status status="PASS" start="2025-09-12T15:57:57.584800" elapsed="0.035078"/>
</test>
<test id="s1-s1-t2" name="Criar Produto Para Carrinho" line="26">
<kw name="Get Current Date" owner="DateTime">
<msg time="2025-09-12T15:57:57.620985" level="INFO">${timestamp} = 20250912155757</msg>
<var>${timestamp}</var>
<arg>result_format=%Y%m%d%H%M%S</arg>
<doc>Returns current local or UTC time with an optional increment.</doc>
<status status="PASS" start="2025-09-12T15:57:57.620774" elapsed="0.000237"/>
</kw>
<kw name="Create Dictionary" owner="BuiltIn">
<msg time="2025-09-12T15:57:57.621453" level="INFO">${headers} = {'Authorization': 'Bearer eyJhbGciOiJIUzI1NiIsInR5cCI6IkpXVCJ9.eyJlbWFpbCI6ImNhcnJpbmhvMjAyNTA5MTIxNTU3NTdAZW1wcmVzYS5jb20iLCJwYXNzd29yZCI6IjEyMzQ1IiwiaWF0IjoxNzU3NzAzNDc3LCJleHAiOjE3NTc3MDQwNzd9.h1fS...</msg>
<var>${headers}</var>
<arg>Authorization=${TOKEN_AUTH}</arg>
<doc>Creates and returns a dictionary based on the given ``items``.</doc>
<status status="PASS" start="2025-09-12T15:57:57.621220" elapsed="0.000259"/>
</kw>
<kw name="Create Dictionary" owner="BuiltIn">
<msg time="2025-09-12T15:57:57.621880" level="INFO">${dados} = {'nome': 'ProdutoCarrinho20250912155757', 'preco': '100', 'descricao': 'Produto para carrinho', 'quantidade': '10'}</msg>
<var>${dados}</var>
<arg>nome=ProdutoCarrinho${timestamp}</arg>
<arg>preco=100</arg>
<arg>descricao=Produto para carrinho</arg>
<arg>quantidade=10</arg>
<doc>Creates and returns a dictionary based on the given ``items``.</doc>
<status status="PASS" start="2025-09-12T15:57:57.621665" elapsed="0.000238"/>
</kw>
<kw name="Fazer Requisicao API" owner="api">
<kw name="Create Session" owner="RequestsLibrary">
<msg time="2025-09-12T15:57:57.622646" level="INFO">Creating Session using : alias=serverest, url=http://localhost:3000, headers={},                     cookies={}, auth=None, timeout=None, proxies=None, verify=False,                     debug=0 </msg>
<arg>serverest</arg>
<arg>${BASE_URL}</arg>
<doc>Create Session: create a HTTP session to a server</doc>
<status status="PASS" start="2025-09-12T15:57:57.622538" elapsed="0.000247"/>
</kw>
<if>
<branch type="IF" condition="'${metodo}' == 'GET'">
<kw name="GET On Session" owner="RequestsLibrary">
<var>${response}</var>
<arg>serverest</arg>
<arg>${endpoint}</arg>
<arg>headers=${headers}</arg>
<arg>expected_status=any</arg>
<doc>Sends a GET request on a previously created HTTP Session.</doc>
<status status="NOT RUN" start="2025-09-12T15:57:57.623021" elapsed="0.000018"/>
</kw>
<status status="NOT RUN" start="2025-09-12T15:57:57.622860" elapsed="0.000227"/>
</branch>
<branch type="ELSE IF" condition="'${metodo}' == 'POST'">
<kw name="POST On Session" owner="RequestsLibrary">
<msg time="2025-09-12T15:57:57.635927" level="INFO">POST Request : url=http://localhost:3000/produtos 
 path_url=/produtos 
 headers={'User-Agent': 'python-requests/2.32.5', 'Accept-Encoding': 'gzip, deflate', 'Accept': '*/*', 'Connection': 'keep-alive', 'Authorization': 'Bearer eyJhbGciOiJIUzI1NiIsInR5cCI6IkpXVCJ9.eyJlbWFpbCI6ImNhcnJpbmhvMjAyNTA5MTIxNTU3NTdAZW1wcmVzYS5jb20iLCJwYXNzd29yZCI6IjEyMzQ1IiwiaWF0IjoxNzU3NzAzNDc3LCJleHAiOjE3NTc3MDQwNzd9.h1fSldEeq_Y12HgF0_886AWv5eW7RTjCouGcrG0cT38', 'Content-Length': '115', 'Content-Type': 'application/json'} 
 body=b'{"nome": "ProdutoCarrinho20250912155757", "preco": "100", "descricao": "Produto para carrinho", "quantidade": "10"}' 
 </msg>
<msg time="2025-09-12T15:57:57.636143" level="INFO">POST Response : url=http://localhost:3000/produtos 
 status=201, reason=Created 
 headers={'Access-Control-Allow-Origin': '*', 'x-dns-prefetch-control': 'off', 'x-frame-options': 'SAMEORIGIN', 'strict-transport-security': 'max-age=15552000; includeSubDomains', 'x-download-options': 'noopen', 'x-content-type-options': 'nosniff', 'x-xss-protection': '1; mode=block', 'Content-Type': 'application/json; charset=utf-8', 'Content-Length': '82', 'Date': 'Fri, 12 Sep 2025 18:57:57 GMT', 'Connection': 'keep-alive', 'Keep-Alive': 'timeout=5'} 
 body={
    "message": "Cadastro realizado com sucesso",
    "_id": "C2BJLLWotHZTzFEj"
} 
 </msg>
<msg time="2025-09-12T15:57:57.636710" level="INFO">${response} = &lt;Response [201]&gt;</msg>
<var>${response}</var>
<arg>serverest</arg>
<arg>${endpoint}</arg>
<arg>json=${dados}</arg>
<arg>headers=${headers}</arg>
<arg>expected_status=any</arg>
<doc>Sends a POST request on a previously created HTTP Session.</doc>
<status status="PASS" start="2025-09-12T15:57:57.623252" elapsed="0.013489"/>
</kw>
<status status="PASS" start="2025-09-12T15:57:57.623110" elapsed="0.013694"/>
</branch>
<branch type="ELSE IF" condition="'${metodo}' == 'PUT'">
<kw name="PUT On Session" owner="RequestsLibrary">
<var>${response}</var>
<arg>serverest</arg>
<arg>${endpoint}</arg>
<arg>json=${dados}</arg>
<arg>headers=${headers}</arg>
<arg>expected_status=any</arg>
<doc>Sends a PUT request on a previously created HTTP Session.</doc>
<status status="NOT RUN" start="2025-09-12T15:57:57.637002" elapsed="0.000021"/>
</kw>
<status status="NOT RUN" start="2025-09-12T15:57:57.636861" elapsed="0.000207"/>
</branch>
<branch type="ELSE IF" condition="'${metodo}' == 'DELETE'">
<kw name="DELETE On Session" owner="RequestsLibrary">
<var>${response}</var>
<arg>serverest</arg>
<arg>${endpoint}</arg>
<arg>headers=${headers}</arg>
<arg>expected_status=any</arg>
<doc>Sends a DELETE request on a previously created HTTP Session.</doc>
<status status="NOT RUN" start="2025-09-12T15:57:57.637240" elapsed="0.000022"/>
</kw>
<status status="NOT RUN" start="2025-09-12T15:57:57.637117" elapsed="0.000192"/>
</branch>
<status status="PASS" start="2025-09-12T15:57:57.622841" elapsed="0.014493"/>
</if>
<return>
<value>${response}</value>
<status status="PASS" start="2025-09-12T15:57:57.637374" elapsed="0.000036"/>
</return>
<msg time="2025-09-12T15:57:57.637573" level="INFO">${response} = &lt;Response [201]&gt;</msg>
<var>${response}</var>
<arg>POST</arg>
<arg>/produtos</arg>
<arg>${dados}</arg>
<arg>${headers}</arg>
<doc>Keyword reutilizável para fazer requisições HTTP na API</doc>
<status status="PASS" start="2025-09-12T15:57:57.622223" elapsed="0.015378"/>
</kw>
<kw name="Should Be Equal As Numbers" owner="BuiltIn">
<msg time="2025-09-12T15:57:57.638280" level="INFO">Argument types are:
&lt;class 'int'&gt;
&lt;class 'str'&gt;</msg>
<arg>${response.status_code}</arg>
<arg>201</arg>
<doc>Fails if objects are unequal after converting them to real numbers.</doc>
<status status="PASS" start="2025-09-12T15:57:57.637832" elapsed="0.000511"/>
</kw>
<kw name="Set Global Variable" owner="BuiltIn">
<msg time="2025-09-12T15:57:57.639033" level="INFO">${ID_PRODUTO} = C2BJLLWotHZTzFEj</msg>
<arg>${ID_PRODUTO}</arg>
<arg>${response.json()}[_id]</arg>
<doc>Makes a variable available globally in all tests and suites.</doc>
<status status="PASS" start="2025-09-12T15:57:57.638534" elapsed="0.000544"/>
</kw>
<status status="PASS" start="2025-09-12T15:57:57.620381" elapsed="0.018872"/>
</test>
<test id="s1-s1-t3" name="Teste POST Carrinho Sucesso" line="35">
<kw name="Create Dictionary" owner="BuiltIn">
<msg time="2025-09-12T15:57:57.640585" level="INFO">${headers} = {'Authorization': 'Bearer eyJhbGciOiJIUzI1NiIsInR5cCI6IkpXVCJ9.eyJlbWFpbCI6ImNhcnJpbmhvMjAyNTA5MTIxNTU3NTdAZW1wcmVzYS5jb20iLCJwYXNzd29yZCI6IjEyMzQ1IiwiaWF0IjoxNzU3NzAzNDc3LCJleHAiOjE3NTc3MDQwNzd9.h1fS...</msg>
<var>${headers}</var>
<arg>Authorization=${TOKEN_AUTH}</arg>
<doc>Creates and returns a dictionary based on the given ``items``.</doc>
<status status="PASS" start="2025-09-12T15:57:57.640262" elapsed="0.000364"/>
</kw>
<kw name="Create Dictionary" owner="BuiltIn">
<msg time="2025-09-12T15:57:57.641548" level="INFO">${produto} = {'idProduto': 'C2BJLLWotHZTzFEj', 'quantidade': '1'}</msg>
<var>${produto}</var>
<arg>idProduto=${ID_PRODUTO}</arg>
<arg>quantidade=1</arg>
<doc>Creates and returns a dictionary based on the given ``items``.</doc>
<status status="PASS" start="2025-09-12T15:57:57.641226" elapsed="0.000355"/>
</kw>
<kw name="Create List" owner="BuiltIn">
<msg time="2025-09-12T15:57:57.642234" level="INFO">${produtos} = [{'idProduto': 'C2BJLLWotHZTzFEj', 'quantidade': '1'}]</msg>
<var>${produtos}</var>
<arg>${produto}</arg>
<doc>Returns a list containing given items.</doc>
<status status="PASS" start="2025-09-12T15:57:57.641898" elapsed="0.000376"/>
</kw>
<kw name="Create Dictionary" owner="BuiltIn">
<msg time="2025-09-12T15:57:57.642943" level="INFO">${dados} = {'produtos': [{'idProduto': 'C2BJLLWotHZTzFEj', 'quantidade': '1'}]}</msg>
<var>${dados}</var>
<arg>produtos=${produtos}</arg>
<doc>Creates and returns a dictionary based on the given ``items``.</doc>
<status status="PASS" start="2025-09-12T15:57:57.642613" elapsed="0.000362"/>
</kw>
<kw name="Fazer Requisicao API" owner="api">
<kw name="Create Session" owner="RequestsLibrary">
<msg time="2025-09-12T15:57:57.644166" level="INFO">Creating Session using : alias=serverest, url=http://localhost:3000, headers={},                     cookies={}, auth=None, timeout=None, proxies=None, verify=False,                     debug=0 </msg>
<arg>serverest</arg>
<arg>${BASE_URL}</arg>
<doc>Create Session: create a HTTP session to a server</doc>
<status status="PASS" start="2025-09-12T15:57:57.644030" elapsed="0.000278"/>
</kw>
<if>
<branch type="IF" condition="'${metodo}' == 'GET'">
<kw name="GET On Session" owner="RequestsLibrary">
<var>${response}</var>
<arg>serverest</arg>
<arg>${endpoint}</arg>
<arg>headers=${headers}</arg>
<arg>expected_status=any</arg>
<doc>Sends a GET request on a previously created HTTP Session.</doc>
<status status="NOT RUN" start="2025-09-12T15:57:57.644630" elapsed="0.000021"/>
</kw>
<status status="NOT RUN" start="2025-09-12T15:57:57.644425" elapsed="0.000269"/>
</branch>
<branch type="ELSE IF" condition="'${metodo}' == 'POST'">
<kw name="POST On Session" owner="RequestsLibrary">
<msg time="2025-09-12T15:57:57.655867" level="INFO">POST Request : url=http://localhost:3000/carrinhos 
 path_url=/carrinhos 
 headers={'User-Agent': 'python-requests/2.32.5', 'Accept-Encoding': 'gzip, deflate', 'Accept': '*/*', 'Connection': 'keep-alive', 'Authorization': 'Bearer eyJhbGciOiJIUzI1NiIsInR5cCI6IkpXVCJ9.eyJlbWFpbCI6ImNhcnJpbmhvMjAyNTA5MTIxNTU3NTdAZW1wcmVzYS5jb20iLCJwYXNzd29yZCI6IjEyMzQ1IiwiaWF0IjoxNzU3NzAzNDc3LCJleHAiOjE3NTc3MDQwNzd9.h1fSldEeq_Y12HgF0_886AWv5eW7RTjCouGcrG0cT38', 'Content-Length': '68', 'Content-Type': 'application/json'} 
 body=b'{"produtos": [{"idProduto": "C2BJLLWotHZTzFEj", "quantidade": "1"}]}' 
 </msg>
<msg time="2025-09-12T15:57:57.655998" level="INFO">POST Response : url=http://localhost:3000/carrinhos 
 status=201, reason=Created 
 headers={'Access-Control-Allow-Origin': '*', 'x-dns-prefetch-control': 'off', 'x-frame-options': 'SAMEORIGIN', 'strict-transport-security': 'max-age=15552000; includeSubDomains', 'x-download-options': 'noopen', 'x-content-type-options': 'nosniff', 'x-xss-protection': '1; mode=block', 'Content-Type': 'application/json; charset=utf-8', 'Content-Length': '82', 'Date': 'Fri, 12 Sep 2025 18:57:57 GMT', 'Connection': 'keep-alive', 'Keep-Alive': 'timeout=5'} 
 body={
    "message": "Cadastro realizado com sucesso",
    "_id": "aYW0t4PAKEZh6rZ8"
} 
 </msg>
<msg time="2025-09-12T15:57:57.656156" level="INFO">${response} = &lt;Response [201]&gt;</msg>
<var>${response}</var>
<arg>serverest</arg>
<arg>${endpoint}</arg>
<arg>json=${dados}</arg>
<arg>headers=${headers}</arg>
<arg>expected_status=any</arg>
<doc>Sends a POST request on a previously created HTTP Session.</doc>
<status status="PASS" start="2025-09-12T15:57:57.644907" elapsed="0.011295"/>
</kw>
<status status="PASS" start="2025-09-12T15:57:57.644720" elapsed="0.011572"/>
</branch>
<branch type="ELSE IF" condition="'${metodo}' == 'PUT'">
<kw name="PUT On Session" owner="RequestsLibrary">
<var>${response}</var>
<arg>serverest</arg>
<arg>${endpoint}</arg>
<arg>json=${dados}</arg>
<arg>headers=${headers}</arg>
<arg>expected_status=any</arg>
<doc>Sends a PUT request on a previously created HTTP Session.</doc>
<status status="NOT RUN" start="2025-09-12T15:57:57.656569" elapsed="0.000029"/>
</kw>
<status status="NOT RUN" start="2025-09-12T15:57:57.656369" elapsed="0.000279"/>
</branch>
<branch type="ELSE IF" condition="'${metodo}' == 'DELETE'">
<kw name="DELETE On Session" owner="RequestsLibrary">
<var>${response}</var>
<arg>serverest</arg>
<arg>${endpoint}</arg>
<arg>headers=${headers}</arg>
<arg>expected_status=any</arg>
<doc>Sends a DELETE request on a previously created HTTP Session.</doc>
<status status="NOT RUN" start="2025-09-12T15:57:57.656863" elapsed="0.000042"/>
</kw>
<status status="NOT RUN" start="2025-09-12T15:57:57.656740" elapsed="0.000209"/>
</branch>
<status status="PASS" start="2025-09-12T15:57:57.644379" elapsed="0.012595"/>
</if>
<return>
<value>${response}</value>
<status status="PASS" start="2025-09-12T15:57:57.657017" elapsed="0.000062"/>
</return>
<msg time="2025-09-12T15:57:57.657277" level="INFO">${response} = &lt;Response [201]&gt;</msg>
<var>${response}</var>
<arg>POST</arg>
<arg>/carrinhos</arg>
<arg>${dados}</arg>
<arg>${headers}</arg>
<doc>Keyword reutilizável para fazer requisições HTTP na API</doc>
<status status="PASS" start="2025-09-12T15:57:57.643634" elapsed="0.013672"/>
</kw>
<kw name="Should Be Equal As Numbers" owner="BuiltIn">
<msg time="2025-09-12T15:57:57.658058" level="INFO">Argument types are:
&lt;class 'int'&gt;
&lt;class 'str'&gt;</msg>
<arg>${response.status_code}</arg>
<arg>201</arg>
<doc>Fails if objects are unequal after converting them to real numbers.</doc>
<status status="PASS" start="2025-09-12T15:57:57.657557" elapsed="0.000583"/>
</kw>
<kw name="Should Be Equal" owner="BuiltIn">
<arg>${response.json()}[message]</arg>
<arg>Cadastro realizado com sucesso</arg>
<doc>Fails if the given objects are unequal.</doc>
<status status="PASS" start="2025-09-12T15:57:57.658409" elapsed="0.000499"/>
</kw>
<kw name="Should Contain" owner="BuiltIn">
<arg>${response.json()}</arg>
<arg>_id</arg>
<doc>Fails if ``container`` does not contain ``item`` one or more times.</doc>
<status status="PASS" start="2025-09-12T15:57:57.659184" elapsed="0.001063"/>
</kw>
<kw name="Set Global Variable" owner="BuiltIn">
<msg time="2025-09-12T15:57:57.660979" level="INFO">${ID_CARRINHO} = aYW0t4PAKEZh6rZ8</msg>
<arg>${ID_CARRINHO}</arg>
<arg>${response.json()}[_id]</arg>
<doc>Makes a variable available globally in all tests and suites.</doc>
<status status="PASS" start="2025-09-12T15:57:57.660512" elapsed="0.000518"/>
</kw>
<status status="PASS" start="2025-09-12T15:57:57.639841" elapsed="0.021475"/>
</test>
<test id="s1-s1-t4" name="Teste POST Carrinho Sem Token" line="48">
<kw name="Create Dictionary" owner="BuiltIn">
<msg time="2025-09-12T15:57:57.662369" level="INFO">${produto} = {'idProduto': 'C2BJLLWotHZTzFEj', 'quantidade': '1'}</msg>
<var>${produto}</var>
<arg>idProduto=${ID_PRODUTO}</arg>
<arg>quantidade=1</arg>
<doc>Creates and returns a dictionary based on the given ``items``.</doc>
<status status="PASS" start="2025-09-12T15:57:57.662105" elapsed="0.000294"/>
</kw>
<kw name="Create List" owner="BuiltIn">
<msg time="2025-09-12T15:57:57.662750" level="INFO">${produtos} = [{'idProduto': 'C2BJLLWotHZTzFEj', 'quantidade': '1'}]</msg>
<var>${produtos}</var>
<arg>${produto}</arg>
<doc>Returns a list containing given items.</doc>
<status status="PASS" start="2025-09-12T15:57:57.662589" elapsed="0.000185"/>
</kw>
<kw name="Create Dictionary" owner="BuiltIn">
<msg time="2025-09-12T15:57:57.663124" level="INFO">${dados} = {'produtos': [{'idProduto': 'C2BJLLWotHZTzFEj', 'quantidade': '1'}]}</msg>
<var>${dados}</var>
<arg>produtos=${produtos}</arg>
<doc>Creates and returns a dictionary based on the given ``items``.</doc>
<status status="PASS" start="2025-09-12T15:57:57.662931" elapsed="0.000216"/>
</kw>
<kw name="Fazer Requisicao API" owner="api">
<kw name="Create Session" owner="RequestsLibrary">
<msg time="2025-09-12T15:57:57.664176" level="INFO">Creating Session using : alias=serverest, url=http://localhost:3000, headers={},                     cookies={}, auth=None, timeout=None, proxies=None, verify=False,                     debug=0 </msg>
<arg>serverest</arg>
<arg>${BASE_URL}</arg>
<doc>Create Session: create a HTTP session to a server</doc>
<status status="PASS" start="2025-09-12T15:57:57.664042" elapsed="0.000336"/>
</kw>
<if>
<branch type="IF" condition="'${metodo}' == 'GET'">
<kw name="GET On Session" owner="RequestsLibrary">
<var>${response}</var>
<arg>serverest</arg>
<arg>${endpoint}</arg>
<arg>headers=${headers}</arg>
<arg>expected_status=any</arg>
<doc>Sends a GET request on a previously created HTTP Session.</doc>
<status status="NOT RUN" start="2025-09-12T15:57:57.664672" elapsed="0.000020"/>
</kw>
<status status="NOT RUN" start="2025-09-12T15:57:57.664470" elapsed="0.000266"/>
</branch>
<branch type="ELSE IF" condition="'${metodo}' == 'POST'">
<kw name="POST On Session" owner="RequestsLibrary">
<msg time="2025-09-12T15:57:57.670244" level="INFO">POST Request : url=http://localhost:3000/carrinhos 
 path_url=/carrinhos 
 headers={'Content-Length': '68', 'Content-Type': 'application/json'} 
 body=b'{"produtos": [{"idProduto": "C2BJLLWotHZTzFEj", "quantidade": "1"}]}' 
 </msg>
<msg time="2025-09-12T15:57:57.670325" level="INFO">POST Response : url=http://localhost:3000/carrinhos 
 status=401, reason=Unauthorized 
 headers={'Access-Control-Allow-Origin': '*', 'x-dns-prefetch-control': 'off', 'x-frame-options': 'SAMEORIGIN', 'strict-transport-security': 'max-age=15552000; includeSubDomains', 'x-download-options': 'noopen', 'x-content-type-options': 'nosniff', 'x-xss-protection': '1; mode=block', 'Content-Type': 'application/json; charset=utf-8', 'Content-Length': '103', 'Date': 'Fri, 12 Sep 2025 18:57:57 GMT', 'Connection': 'keep-alive', 'Keep-Alive': 'timeout=5'} 
 body={
    "message": "Token de acesso ausente, inválido, expirado ou usuário do token não existe mais"
} 
 </msg>
<msg time="2025-09-12T15:57:57.670442" level="INFO">${response} = &lt;Response [401]&gt;</msg>
<var>${response}</var>
<arg>serverest</arg>
<arg>${endpoint}</arg>
<arg>json=${dados}</arg>
<arg>headers=${headers}</arg>
<arg>expected_status=any</arg>
<doc>Sends a POST request on a previously created HTTP Session.</doc>
<status status="PASS" start="2025-09-12T15:57:57.664910" elapsed="0.005556"/>
</kw>
<status status="PASS" start="2025-09-12T15:57:57.664761" elapsed="0.005756"/>
</branch>
<branch type="ELSE IF" condition="'${metodo}' == 'PUT'">
<kw name="PUT On Session" owner="RequestsLibrary">
<var>${response}</var>
<arg>serverest</arg>
<arg>${endpoint}</arg>
<arg>json=${dados}</arg>
<arg>headers=${headers}</arg>
<arg>expected_status=any</arg>
<doc>Sends a PUT request on a previously created HTTP Session.</doc>
<status status="NOT RUN" start="2025-09-12T15:57:57.670684" elapsed="0.000021"/>
</kw>
<status status="NOT RUN" start="2025-09-12T15:57:57.670559" elapsed="0.000183"/>
</branch>
<branch type="ELSE IF" condition="'${metodo}' == 'DELETE'">
<kw name="DELETE On Session" owner="RequestsLibrary">
<var>${response}</var>
<arg>serverest</arg>
<arg>${endpoint}</arg>
<arg>headers=${headers}</arg>
<arg>expected_status=any</arg>
<doc>Sends a DELETE request on a previously created HTTP Session.</doc>
<status status="NOT RUN" start="2025-09-12T15:57:57.670874" elapsed="0.000018"/>
</kw>
<status status="NOT RUN" start="2025-09-12T15:57:57.670764" elapsed="0.000164"/>
</branch>
<status status="PASS" start="2025-09-12T15:57:57.664447" elapsed="0.006501"/>
</if>
<return>
<value>${response}</value>
<status status="PASS" start="2025-09-12T15:57:57.670985" elapsed="0.000051"/>
</return>
<msg time="2025-09-12T15:57:57.671197" level="INFO">${response} = &lt;Response [401]&gt;</msg>
<var>${response}</var>
<arg>POST</arg>
<arg>/carrinhos</arg>
<arg>${dados}</arg>
<doc>Keyword reutilizável para fazer requisições HTTP na API</doc>
<status status="PASS" start="2025-09-12T15:57:57.663449" elapsed="0.007774"/>
</kw>
<kw name="Should Be Equal As Numbers" owner="BuiltIn">
<msg time="2025-09-12T15:57:57.672100" level="INFO">Argument types are:
&lt;class 'int'&gt;
&lt;class 'str'&gt;</msg>
<arg>${response.status_code}</arg>
<arg>401</arg>
<doc>Fails if objects are unequal after converting them to real numbers.</doc>
<status status="PASS" start="2025-09-12T15:57:57.671526" elapsed="0.000682"/>
</kw>
<kw name="Should Be Equal" owner="BuiltIn">
<arg>${response.json()}[message]</arg>
<arg>Token de acesso ausente, inválido, expirado ou usuário do token não existe mais</arg>
<doc>Fails if the given objects are unequal.</doc>
<status status="PASS" start="2025-09-12T15:57:57.672707" elapsed="0.000612"/>
</kw>
<status status="PASS" start="2025-09-12T15:57:57.661700" elapsed="0.011958"/>
</test>
<test id="s1-s1-t5" name="Teste POST Carrinho Duplicado" line="57">
<kw name="Create Dictionary" owner="BuiltIn">
<msg time="2025-09-12T15:57:57.674897" level="INFO">${headers} = {'Authorization': 'Bearer eyJhbGciOiJIUzI1NiIsInR5cCI6IkpXVCJ9.eyJlbWFpbCI6ImNhcnJpbmhvMjAyNTA5MTIxNTU3NTdAZW1wcmVzYS5jb20iLCJwYXNzd29yZCI6IjEyMzQ1IiwiaWF0IjoxNzU3NzAzNDc3LCJleHAiOjE3NTc3MDQwNzd9.h1fS...</msg>
<var>${headers}</var>
<arg>Authorization=${TOKEN_AUTH}</arg>
<doc>Creates and returns a dictionary based on the given ``items``.</doc>
<status status="PASS" start="2025-09-12T15:57:57.674628" elapsed="0.000303"/>
</kw>
<kw name="Create Dictionary" owner="BuiltIn">
<msg time="2025-09-12T15:57:57.675467" level="INFO">${produto} = {'idProduto': 'C2BJLLWotHZTzFEj', 'quantidade': '1'}</msg>
<var>${produto}</var>
<arg>idProduto=${ID_PRODUTO}</arg>
<arg>quantidade=1</arg>
<doc>Creates and returns a dictionary based on the given ``items``.</doc>
<status status="PASS" start="2025-09-12T15:57:57.675188" elapsed="0.000323"/>
</kw>
<kw name="Create List" owner="BuiltIn">
<msg time="2025-09-12T15:57:57.675967" level="INFO">${produtos} = [{'idProduto': 'C2BJLLWotHZTzFEj', 'quantidade': '1'}]</msg>
<var>${produtos}</var>
<arg>${produto}</arg>
<doc>Returns a list containing given items.</doc>
<status status="PASS" start="2025-09-12T15:57:57.675759" elapsed="0.000239"/>
</kw>
<kw name="Create Dictionary" owner="BuiltIn">
<msg time="2025-09-12T15:57:57.676535" level="INFO">${dados} = {'produtos': [{'idProduto': 'C2BJLLWotHZTzFEj', 'quantidade': '1'}]}</msg>
<var>${dados}</var>
<arg>produtos=${produtos}</arg>
<doc>Creates and returns a dictionary based on the given ``items``.</doc>
<status status="PASS" start="2025-09-12T15:57:57.676255" elapsed="0.000308"/>
</kw>
<kw name="Fazer Requisicao API" owner="api">
<kw name="Create Session" owner="RequestsLibrary">
<msg time="2025-09-12T15:57:57.677413" level="INFO">Creating Session using : alias=serverest, url=http://localhost:3000, headers={},                     cookies={}, auth=None, timeout=None, proxies=None, verify=False,                     debug=0 </msg>
<arg>serverest</arg>
<arg>${BASE_URL}</arg>
<doc>Create Session: create a HTTP session to a server</doc>
<status status="PASS" start="2025-09-12T15:57:57.677292" elapsed="0.000250"/>
</kw>
<if>
<branch type="IF" condition="'${metodo}' == 'GET'">
<kw name="GET On Session" owner="RequestsLibrary">
<var>${response}</var>
<arg>serverest</arg>
<arg>${endpoint}</arg>
<arg>headers=${headers}</arg>
<arg>expected_status=any</arg>
<doc>Sends a GET request on a previously created HTTP Session.</doc>
<status status="NOT RUN" start="2025-09-12T15:57:57.677799" elapsed="0.000018"/>
</kw>
<status status="NOT RUN" start="2025-09-12T15:57:57.677618" elapsed="0.000238"/>
</branch>
<branch type="ELSE IF" condition="'${metodo}' == 'POST'">
<kw name="POST On Session" owner="RequestsLibrary">
<msg time="2025-09-12T15:57:57.684068" level="INFO">POST Request : url=http://localhost:3000/carrinhos 
 path_url=/carrinhos 
 headers={'User-Agent': 'python-requests/2.32.5', 'Accept-Encoding': 'gzip, deflate', 'Accept': '*/*', 'Connection': 'keep-alive', 'Authorization': 'Bearer eyJhbGciOiJIUzI1NiIsInR5cCI6IkpXVCJ9.eyJlbWFpbCI6ImNhcnJpbmhvMjAyNTA5MTIxNTU3NTdAZW1wcmVzYS5jb20iLCJwYXNzd29yZCI6IjEyMzQ1IiwiaWF0IjoxNzU3NzAzNDc3LCJleHAiOjE3NTc3MDQwNzd9.h1fSldEeq_Y12HgF0_886AWv5eW7RTjCouGcrG0cT38', 'Content-Length': '68', 'Content-Type': 'application/json'} 
 body=b'{"produtos": [{"idProduto": "C2BJLLWotHZTzFEj", "quantidade": "1"}]}' 
 </msg>
<msg time="2025-09-12T15:57:57.684159" level="INFO">POST Response : url=http://localhost:3000/carrinhos 
 status=400, reason=Bad Request 
 headers={'Access-Control-Allow-Origin': '*', 'x-dns-prefetch-control': 'off', 'x-frame-options': 'SAMEORIGIN', 'strict-transport-security': 'max-age=15552000; includeSubDomains', 'x-download-options': 'noopen', 'x-content-type-options': 'nosniff', 'x-xss-protection': '1; mode=block', 'Content-Type': 'application/json; charset=utf-8', 'Content-Length': '61', 'Date': 'Fri, 12 Sep 2025 18:57:57 GMT', 'Connection': 'keep-alive', 'Keep-Alive': 'timeout=5'} 
 body={
    "message": "Não é permitido ter mais de 1 carrinho"
} 
 </msg>
<msg time="2025-09-12T15:57:57.684282" level="INFO">${response} = &lt;Response [400]&gt;</msg>
<var>${response}</var>
<arg>serverest</arg>
<arg>${endpoint}</arg>
<arg>json=${dados}</arg>
<arg>headers=${headers}</arg>
<arg>expected_status=any</arg>
<doc>Sends a POST request on a previously created HTTP Session.</doc>
<status status="PASS" start="2025-09-12T15:57:57.678134" elapsed="0.006312"/>
</kw>
<status status="PASS" start="2025-09-12T15:57:57.677942" elapsed="0.006608"/>
</branch>
<branch type="ELSE IF" condition="'${metodo}' == 'PUT'">
<kw name="PUT On Session" owner="RequestsLibrary">
<var>${response}</var>
<arg>serverest</arg>
<arg>${endpoint}</arg>
<arg>json=${dados}</arg>
<arg>headers=${headers}</arg>
<arg>expected_status=any</arg>
<doc>Sends a PUT request on a previously created HTTP Session.</doc>
<status status="NOT RUN" start="2025-09-12T15:57:57.684755" elapsed="0.000024"/>
</kw>
<status status="NOT RUN" start="2025-09-12T15:57:57.684595" elapsed="0.000235"/>
</branch>
<branch type="ELSE IF" condition="'${metodo}' == 'DELETE'">
<kw name="DELETE On Session" owner="RequestsLibrary">
<var>${response}</var>
<arg>serverest</arg>
<arg>${endpoint}</arg>
<arg>headers=${headers}</arg>
<arg>expected_status=any</arg>
<doc>Sends a DELETE request on a previously created HTTP Session.</doc>
<status status="NOT RUN" start="2025-09-12T15:57:57.685012" elapsed="0.000021"/>
</kw>
<status status="NOT RUN" start="2025-09-12T15:57:57.684892" elapsed="0.000183"/>
</branch>
<status status="PASS" start="2025-09-12T15:57:57.677599" elapsed="0.007504"/>
</if>
<return>
<value>${response}</value>
<status status="PASS" start="2025-09-12T15:57:57.685150" elapsed="0.000036"/>
</return>
<msg time="2025-09-12T15:57:57.685343" level="INFO">${response} = &lt;Response [400]&gt;</msg>
<var>${response}</var>
<arg>POST</arg>
<arg>/carrinhos</arg>
<arg>${dados}</arg>
<arg>${headers}</arg>
<doc>Keyword reutilizável para fazer requisições HTTP na API</doc>
<status status="PASS" start="2025-09-12T15:57:57.676955" elapsed="0.008415"/>
</kw>
<kw name="Should Be Equal As Numbers" owner="BuiltIn">
<msg time="2025-09-12T15:57:57.686137" level="INFO">Argument types are:
&lt;class 'int'&gt;
&lt;class 'str'&gt;</msg>
<arg>${response.status_code}</arg>
<arg>400</arg>
<doc>Fails if objects are unequal after converting them to real numbers.</doc>
<status status="PASS" start="2025-09-12T15:57:57.685652" elapsed="0.000551"/>
</kw>
<kw name="Should Be Equal" owner="BuiltIn">
<arg>${response.json()}[message]</arg>
<arg>Não é permitido ter mais de 1 carrinho</arg>
<doc>Fails if the given objects are unequal.</doc>
<status status="PASS" start="2025-09-12T15:57:57.686429" elapsed="0.000494"/>
</kw>
<status status="PASS" start="2025-09-12T15:57:57.674223" elapsed="0.012910"/>
</test>
<test id="s1-s1-t6" name="Teste GET Carrinho Por ID Sucesso" line="67">
<kw name="Fazer Requisicao API" owner="api">
<kw name="Create Session" owner="RequestsLibrary">
<msg time="2025-09-12T15:57:57.688932" level="INFO">Creating Session using : alias=serverest, url=http://localhost:3000, headers={},                     cookies={}, auth=None, timeout=None, proxies=None, verify=False,                     debug=0 </msg>
<arg>serverest</arg>
<arg>${BASE_URL}</arg>
<doc>Create Session: create a HTTP session to a server</doc>
<status status="PASS" start="2025-09-12T15:57:57.688797" elapsed="0.000283"/>
</kw>
<if>
<branch type="IF" condition="'${metodo}' == 'GET'">
<kw name="GET On Session" owner="RequestsLibrary">
<msg time="2025-09-12T15:57:57.694941" level="INFO">GET Request : url=http://localhost:3000/carrinhos/aYW0t4PAKEZh6rZ8 
 path_url=/carrinhos/aYW0t4PAKEZh6rZ8 
 headers={} 
 body=None 
 </msg>
<msg time="2025-09-12T15:57:57.695028" level="INFO">GET Response : url=http://localhost:3000/carrinhos/aYW0t4PAKEZh6rZ8 
 status=200, reason=OK 
 headers={'Access-Control-Allow-Origin': '*', 'x-dns-prefetch-control': 'off', 'x-frame-options': 'SAMEORIGIN', 'strict-transport-security': 'max-age=15552000; includeSubDomains', 'x-download-options': 'noopen', 'x-content-type-options': 'nosniff', 'x-xss-protection': '1; mode=block', 'Content-Type': 'application/json; charset=utf-8', 'Content-Length': '276', 'Date': 'Fri, 12 Sep 2025 18:57:57 GMT', 'Connection': 'keep-alive', 'Keep-Alive': 'timeout=5'} 
 body={
    "produtos": [
        {
            "idProduto": "C2BJLLWotHZTzFEj",
            "quantidade": "1",
            "precoUnitario": 100
        }
    ],
    "precoTotal": 100,
    "quantidadeTotal": "01",
    "idUsuario": "CRziCavlPsBXacZW",
    "_id": "aYW0t4PAKEZh6rZ8"
} 
 </msg>
<msg time="2025-09-12T15:57:57.695144" level="INFO">${response} = &lt;Response [200]&gt;</msg>
<var>${response}</var>
<arg>serverest</arg>
<arg>${endpoint}</arg>
<arg>headers=${headers}</arg>
<arg>expected_status=any</arg>
<doc>Sends a GET request on a previously created HTTP Session.</doc>
<status status="PASS" start="2025-09-12T15:57:57.689492" elapsed="0.005677"/>
</kw>
<status status="PASS" start="2025-09-12T15:57:57.689287" elapsed="0.005933"/>
</branch>
<branch type="ELSE IF" condition="'${metodo}' == 'POST'">
<kw name="POST On Session" owner="RequestsLibrary">
<var>${response}</var>
<arg>serverest</arg>
<arg>${endpoint}</arg>
<arg>json=${dados}</arg>
<arg>headers=${headers}</arg>
<arg>expected_status=any</arg>
<doc>Sends a POST request on a previously created HTTP Session.</doc>
<status status="NOT RUN" start="2025-09-12T15:57:57.695375" elapsed="0.000021"/>
</kw>
<status status="NOT RUN" start="2025-09-12T15:57:57.695250" elapsed="0.000186"/>
</branch>
<branch type="ELSE IF" condition="'${metodo}' == 'PUT'">
<kw name="PUT On Session" owner="RequestsLibrary">
<var>${response}</var>
<arg>serverest</arg>
<arg>${endpoint}</arg>
<arg>json=${dados}</arg>
<arg>headers=${headers}</arg>
<arg>expected_status=any</arg>
<doc>Sends a PUT request on a previously created HTTP Session.</doc>
<status status="NOT RUN" start="2025-09-12T15:57:57.695541" elapsed="0.000016"/>
</kw>
<status status="NOT RUN" start="2025-09-12T15:57:57.695458" elapsed="0.000136"/>
</branch>
<branch type="ELSE IF" condition="'${metodo}' == 'DELETE'">
<kw name="DELETE On Session" owner="RequestsLibrary">
<var>${response}</var>
<arg>serverest</arg>
<arg>${endpoint}</arg>
<arg>headers=${headers}</arg>
<arg>expected_status=any</arg>
<doc>Sends a DELETE request on a previously created HTTP Session.</doc>
<status status="NOT RUN" start="2025-09-12T15:57:57.695684" elapsed="0.000014"/>
</kw>
<status status="NOT RUN" start="2025-09-12T15:57:57.695613" elapsed="0.000119"/>
</branch>
<status status="PASS" start="2025-09-12T15:57:57.689256" elapsed="0.006495"/>
</if>
<return>
<value>${response}</value>
<status status="PASS" start="2025-09-12T15:57:57.695787" elapsed="0.000031"/>
</return>
<msg time="2025-09-12T15:57:57.695953" level="INFO">${response} = &lt;Response [200]&gt;</msg>
<var>${response}</var>
<arg>GET</arg>
<arg>/carrinhos/${ID_CARRINHO}</arg>
<doc>Keyword reutilizável para fazer requisições HTTP na API</doc>
<status status="PASS" start="2025-09-12T15:57:57.688006" elapsed="0.007972"/>
</kw>
<kw name="Should Be Equal As Numbers" owner="BuiltIn">
<msg time="2025-09-12T15:57:57.696620" level="INFO">Argument types are:
&lt;class 'int'&gt;
&lt;class 'str'&gt;</msg>
<arg>${response.status_code}</arg>
<arg>200</arg>
<doc>Fails if objects are unequal after converting them to real numbers.</doc>
<status status="PASS" start="2025-09-12T15:57:57.696210" elapsed="0.000471"/>
</kw>
<kw name="Should Be Equal" owner="BuiltIn">
<arg>${response.json()}[_id]</arg>
<arg>${ID_CARRINHO}</arg>
<doc>Fails if the given objects are unequal.</doc>
<status status="PASS" start="2025-09-12T15:57:57.696864" elapsed="0.000413"/>
</kw>
<kw name="Should Contain" owner="BuiltIn">
<arg>${response.json()}</arg>
<arg>produtos</arg>
<doc>Fails if ``container`` does not contain ``item`` one or more times.</doc>
<status status="PASS" start="2025-09-12T15:57:57.697444" elapsed="0.000392"/>
</kw>
<kw name="Should Contain" owner="BuiltIn">
<arg>${response.json()}</arg>
<arg>precoTotal</arg>
<doc>Fails if ``container`` does not contain ``item`` one or more times.</doc>
<status status="PASS" start="2025-09-12T15:57:57.698031" elapsed="0.000378"/>
</kw>
<kw name="Should Contain" owner="BuiltIn">
<arg>${response.json()}</arg>
<arg>quantidadeTotal</arg>
<doc>Fails if ``container`` does not contain ``item`` one or more times.</doc>
<status status="PASS" start="2025-09-12T15:57:57.698585" elapsed="0.000346"/>
</kw>
<kw name="Should Contain" owner="BuiltIn">
<arg>${response.json()}</arg>
<arg>idUsuario</arg>
<doc>Fails if ``container`` does not contain ``item`` one or more times.</doc>
<status status="PASS" start="2025-09-12T15:57:57.699103" elapsed="0.000348"/>
</kw>
<status status="PASS" start="2025-09-12T15:57:57.687543" elapsed="0.012080"/>
</test>
<test id="s1-s1-t7" name="Teste GET Carrinho ID Inexistente" line="77">
<kw name="Fazer Requisicao API" owner="api">
<kw name="Create Session" owner="RequestsLibrary">
<msg time="2025-09-12T15:57:57.701667" level="INFO">Creating Session using : alias=serverest, url=http://localhost:3000, headers={},                     cookies={}, auth=None, timeout=None, proxies=None, verify=False,                     debug=0 </msg>
<arg>serverest</arg>
<arg>${BASE_URL}</arg>
<doc>Create Session: create a HTTP session to a server</doc>
<status status="PASS" start="2025-09-12T15:57:57.701533" elapsed="0.000265"/>
</kw>
<if>
<branch type="IF" condition="'${metodo}' == 'GET'">
<kw name="GET On Session" owner="RequestsLibrary">
<msg time="2025-09-12T15:57:57.708034" level="INFO">GET Request : url=http://localhost:3000/carrinhos/123456789012345678901234 
 path_url=/carrinhos/123456789012345678901234 
 headers={} 
 body=None 
 </msg>
<msg time="2025-09-12T15:57:57.708212" level="INFO">GET Response : url=http://localhost:3000/carrinhos/123456789012345678901234 
 status=400, reason=Bad Request 
 headers={'Access-Control-Allow-Origin': '*', 'x-dns-prefetch-control': 'off', 'x-frame-options': 'SAMEORIGIN', 'strict-transport-security': 'max-age=15552000; includeSubDomains', 'x-download-options': 'noopen', 'x-content-type-options': 'nosniff', 'x-xss-protection': '1; mode=block', 'Content-Type': 'application/json; charset=utf-8', 'Content-Length': '67', 'Date': 'Fri, 12 Sep 2025 18:57:57 GMT', 'Connection': 'keep-alive', 'Keep-Alive': 'timeout=5'} 
 body={
    "id": "id deve ter exatamente 16 caracteres alfanuméricos"
} 
 </msg>
<msg time="2025-09-12T15:57:57.708393" level="INFO">${response} = &lt;Response [400]&gt;</msg>
<var>${response}</var>
<arg>serverest</arg>
<arg>${endpoint}</arg>
<arg>headers=${headers}</arg>
<arg>expected_status=any</arg>
<doc>Sends a GET request on a previously created HTTP Session.</doc>
<status status="PASS" start="2025-09-12T15:57:57.702125" elapsed="0.006297"/>
</kw>
<status status="PASS" start="2025-09-12T15:57:57.701934" elapsed="0.006547"/>
</branch>
<branch type="ELSE IF" condition="'${metodo}' == 'POST'">
<kw name="POST On Session" owner="RequestsLibrary">
<var>${response}</var>
<arg>serverest</arg>
<arg>${endpoint}</arg>
<arg>json=${dados}</arg>
<arg>headers=${headers}</arg>
<arg>expected_status=any</arg>
<doc>Sends a POST request on a previously created HTTP Session.</doc>
<status status="NOT RUN" start="2025-09-12T15:57:57.708767" elapsed="0.000030"/>
</kw>
<status status="NOT RUN" start="2025-09-12T15:57:57.708517" elapsed="0.000337"/>
</branch>
<branch type="ELSE IF" condition="'${metodo}' == 'PUT'">
<kw name="PUT On Session" owner="RequestsLibrary">
<var>${response}</var>
<arg>serverest</arg>
<arg>${endpoint}</arg>
<arg>json=${dados}</arg>
<arg>headers=${headers}</arg>
<arg>expected_status=any</arg>
<doc>Sends a PUT request on a previously created HTTP Session.</doc>
<status status="NOT RUN" start="2025-09-12T15:57:57.709348" elapsed="0.000031"/>
</kw>
<status status="NOT RUN" start="2025-09-12T15:57:57.709140" elapsed="0.000336"/>
</branch>
<branch type="ELSE IF" condition="'${metodo}' == 'DELETE'">
<kw name="DELETE On Session" owner="RequestsLibrary">
<var>${response}</var>
<arg>serverest</arg>
<arg>${endpoint}</arg>
<arg>headers=${headers}</arg>
<arg>expected_status=any</arg>
<doc>Sends a DELETE request on a previously created HTTP Session.</doc>
<status status="NOT RUN" start="2025-09-12T15:57:57.709640" elapsed="0.000021"/>
</kw>
<status status="NOT RUN" start="2025-09-12T15:57:57.709519" elapsed="0.000184"/>
</branch>
<status status="PASS" start="2025-09-12T15:57:57.701908" elapsed="0.007827"/>
</if>
<return>
<value>${response}</value>
<status status="PASS" start="2025-09-12T15:57:57.709775" elapsed="0.000039"/>
</return>
<msg time="2025-09-12T15:57:57.709998" level="INFO">${response} = &lt;Response [400]&gt;</msg>
<var>${response}</var>
<arg>GET</arg>
<arg>/carrinhos/123456789012345678901234</arg>
<doc>Keyword reutilizável para fazer requisições HTTP na API</doc>
<status status="PASS" start="2025-09-12T15:57:57.700698" elapsed="0.009326"/>
</kw>
<kw name="Should Be Equal As Numbers" owner="BuiltIn">
<msg time="2025-09-12T15:57:57.710630" level="INFO">Argument types are:
&lt;class 'int'&gt;
&lt;class 'str'&gt;</msg>
<arg>${response.status_code}</arg>
<arg>400</arg>
<doc>Fails if objects are unequal after converting them to real numbers.</doc>
<status status="PASS" start="2025-09-12T15:57:57.710243" elapsed="0.000445"/>
</kw>
<status status="PASS" start="2025-09-12T15:57:57.700008" elapsed="0.010854"/>
</test>
<test id="s1-s1-t8" name="Teste GET Listar Todos Carrinhos" line="82">
<kw name="Fazer Requisicao API" owner="api">
<kw name="Create Session" owner="RequestsLibrary">
<msg time="2025-09-12T15:57:57.712854" level="INFO">Creating Session using : alias=serverest, url=http://localhost:3000, headers={},                     cookies={}, auth=None, timeout=None, proxies=None, verify=False,                     debug=0 </msg>
<arg>serverest</arg>
<arg>${BASE_URL}</arg>
<doc>Create Session: create a HTTP session to a server</doc>
<status status="PASS" start="2025-09-12T15:57:57.712676" elapsed="0.000374"/>
</kw>
<if>
<branch type="IF" condition="'${metodo}' == 'GET'">
<kw name="GET On Session" owner="RequestsLibrary">
<msg time="2025-09-12T15:57:57.720285" level="INFO">GET Request : url=http://localhost:3000/carrinhos 
 path_url=/carrinhos 
 headers={} 
 body=None 
 </msg>
<msg time="2025-09-12T15:57:57.720490" level="INFO">GET Response : url=http://localhost:3000/carrinhos 
 status=200, reason=OK 
 headers={'Access-Control-Allow-Origin': '*', 'x-dns-prefetch-control': 'off', 'x-frame-options': 'SAMEORIGIN', 'strict-transport-security': 'max-age=15552000; includeSubDomains', 'x-download-options': 'noopen', 'x-content-type-options': 'nosniff', 'x-xss-protection': '1; mode=block', 'Content-Type': 'application/json; charset=utf-8', 'Content-Length': '977', 'Date': 'Fri, 12 Sep 2025 18:57:57 GMT', 'Connection': 'keep-alive', 'Keep-Alive': 'timeout=5'} 
 body={
    "quantidade": 2,
    "carrinhos": [
        {
            "produtos": [
                {
                    "idProduto": "C2BJLLWotHZTzFEj",
                    "quantidade": "1",
                    "precoUnitario": 100
                }
            ],
            "precoTotal": 100,
            "quantidadeTotal": "01",
            "idUsuario": "CRziCavlPsBXacZW",
            "_id": "aYW0t4PAKEZh6rZ8"
        },
        {
            "produtos": [
                {
                    "idProduto": "BeeJh5lz3k6kSIzA",
                    "quantidade": 2,
                    "precoUnitario": 470
                },
                {
                    "idProduto": "K6leHdftCeOJj8BJ",
                    "quantidade": 1,
                    "precoUnitario": 5240
                }
            ],
            "precoTotal": 6180,
            "quantidadeTotal": 3,
            "idUsuario": "0uxuPY0cbmQhpEz1",
            "_id": "qbMqntef4iTOwWfg"
        }
    ]
} 
 </msg>
<msg time="2025-09-12T15:57:57.720660" level="INFO">${response} = &lt;Response [200]&gt;</msg>
<var>${response}</var>
<arg>serverest</arg>
<arg>${endpoint}</arg>
<arg>headers=${headers}</arg>
<arg>expected_status=any</arg>
<doc>Sends a GET request on a previously created HTTP Session.</doc>
<status status="PASS" start="2025-09-12T15:57:57.713382" elapsed="0.007306"/>
</kw>
<status status="PASS" start="2025-09-12T15:57:57.713149" elapsed="0.007600"/>
</branch>
<branch type="ELSE IF" condition="'${metodo}' == 'POST'">
<kw name="POST On Session" owner="RequestsLibrary">
<var>${response}</var>
<arg>serverest</arg>
<arg>${endpoint}</arg>
<arg>json=${dados}</arg>
<arg>headers=${headers}</arg>
<arg>expected_status=any</arg>
<doc>Sends a POST request on a previously created HTTP Session.</doc>
<status status="NOT RUN" start="2025-09-12T15:57:57.720954" elapsed="0.000021"/>
</kw>
<status status="NOT RUN" start="2025-09-12T15:57:57.720800" elapsed="0.000220"/>
</branch>
<branch type="ELSE IF" condition="'${metodo}' == 'PUT'">
<kw name="PUT On Session" owner="RequestsLibrary">
<var>${response}</var>
<arg>serverest</arg>
<arg>${endpoint}</arg>
<arg>json=${dados}</arg>
<arg>headers=${headers}</arg>
<arg>expected_status=any</arg>
<doc>Sends a PUT request on a previously created HTTP Session.</doc>
<status status="NOT RUN" start="2025-09-12T15:57:57.721210" elapsed="0.000019"/>
</kw>
<status status="NOT RUN" start="2025-09-12T15:57:57.721042" elapsed="0.000226"/>
</branch>
<branch type="ELSE IF" condition="'${metodo}' == 'DELETE'">
<kw name="DELETE On Session" owner="RequestsLibrary">
<var>${response}</var>
<arg>serverest</arg>
<arg>${endpoint}</arg>
<arg>headers=${headers}</arg>
<arg>expected_status=any</arg>
<doc>Sends a DELETE request on a previously created HTTP Session.</doc>
<status status="NOT RUN" start="2025-09-12T15:57:57.721366" elapsed="0.000016"/>
</kw>
<status status="NOT RUN" start="2025-09-12T15:57:57.721288" elapsed="0.000129"/>
</branch>
<status status="PASS" start="2025-09-12T15:57:57.713127" elapsed="0.008310"/>
</if>
<return>
<value>${response}</value>
<status status="PASS" start="2025-09-12T15:57:57.721473" elapsed="0.000032"/>
</return>
<msg time="2025-09-12T15:57:57.721666" level="INFO">${response} = &lt;Response [200]&gt;</msg>
<var>${response}</var>
<arg>GET</arg>
<arg>/carrinhos</arg>
<doc>Keyword reutilizável para fazer requisições HTTP na API</doc>
<status status="PASS" start="2025-09-12T15:57:57.711830" elapsed="0.009863"/>
</kw>
<kw name="Should Be Equal As Numbers" owner="BuiltIn">
<msg time="2025-09-12T15:57:57.722425" level="INFO">Argument types are:
&lt;class 'int'&gt;
&lt;class 'str'&gt;</msg>
<arg>${response.status_code}</arg>
<arg>200</arg>
<doc>Fails if objects are unequal after converting them to real numbers.</doc>
<status status="PASS" start="2025-09-12T15:57:57.721993" elapsed="0.000499"/>
</kw>
<kw name="Should Contain" owner="BuiltIn">
<arg>${response.json()}</arg>
<arg>carrinhos</arg>
<doc>Fails if ``container`` does not contain ``item`` one or more times.</doc>
<status status="PASS" start="2025-09-12T15:57:57.722741" elapsed="0.000458"/>
</kw>
<kw name="Should Contain" owner="BuiltIn">
<arg>${response.json()}</arg>
<arg>quantidade</arg>
<doc>Fails if ``container`` does not contain ``item`` one or more times.</doc>
<status status="PASS" start="2025-09-12T15:57:57.723434" elapsed="0.000478"/>
</kw>
<status status="PASS" start="2025-09-12T15:57:57.711325" elapsed="0.012794"/>
</test>
<test id="s1-s1-t9" name="Teste DELETE Cancelar Compra Sucesso" line="89">
<kw name="Create Dictionary" owner="BuiltIn">
<msg time="2025-09-12T15:57:57.725197" level="INFO">${headers} = {'Authorization': 'Bearer eyJhbGciOiJIUzI1NiIsInR5cCI6IkpXVCJ9.eyJlbWFpbCI6ImNhcnJpbmhvMjAyNTA5MTIxNTU3NTdAZW1wcmVzYS5jb20iLCJwYXNzd29yZCI6IjEyMzQ1IiwiaWF0IjoxNzU3NzAzNDc3LCJleHAiOjE3NTc3MDQwNzd9.h1fS...</msg>
<var>${headers}</var>
<arg>Authorization=${TOKEN_AUTH}</arg>
<doc>Creates and returns a dictionary based on the given ``items``.</doc>
<status status="PASS" start="2025-09-12T15:57:57.724949" elapsed="0.000287"/>
</kw>
<kw name="Fazer Requisicao API" owner="api">
<kw name="Create Session" owner="RequestsLibrary">
<msg time="2025-09-12T15:57:57.726410" level="INFO">Creating Session using : alias=serverest, url=http://localhost:3000, headers={},                     cookies={}, auth=None, timeout=None, proxies=None, verify=False,                     debug=0 </msg>
<arg>serverest</arg>
<arg>${BASE_URL}</arg>
<doc>Create Session: create a HTTP session to a server</doc>
<status status="PASS" start="2025-09-12T15:57:57.726264" elapsed="0.000805"/>
</kw>
<if>
<branch type="IF" condition="'${metodo}' == 'GET'">
<kw name="GET On Session" owner="RequestsLibrary">
<var>${response}</var>
<arg>serverest</arg>
<arg>${endpoint}</arg>
<arg>headers=${headers}</arg>
<arg>expected_status=any</arg>
<doc>Sends a GET request on a previously created HTTP Session.</doc>
<status status="NOT RUN" start="2025-09-12T15:57:57.727377" elapsed="0.000021"/>
</kw>
<status status="NOT RUN" start="2025-09-12T15:57:57.727172" elapsed="0.000269"/>
</branch>
<branch type="ELSE IF" condition="'${metodo}' == 'POST'">
<kw name="POST On Session" owner="RequestsLibrary">
<var>${response}</var>
<arg>serverest</arg>
<arg>${endpoint}</arg>
<arg>json=${dados}</arg>
<arg>headers=${headers}</arg>
<arg>expected_status=any</arg>
<doc>Sends a POST request on a previously created HTTP Session.</doc>
<status status="NOT RUN" start="2025-09-12T15:57:57.727620" elapsed="0.000036"/>
</kw>
<status status="NOT RUN" start="2025-09-12T15:57:57.727465" elapsed="0.000234"/>
</branch>
<branch type="ELSE IF" condition="'${metodo}' == 'PUT'">
<kw name="PUT On Session" owner="RequestsLibrary">
<var>${response}</var>
<arg>serverest</arg>
<arg>${endpoint}</arg>
<arg>json=${dados}</arg>
<arg>headers=${headers}</arg>
<arg>expected_status=any</arg>
<doc>Sends a PUT request on a previously created HTTP Session.</doc>
<status status="NOT RUN" start="2025-09-12T15:57:57.727864" elapsed="0.000018"/>
</kw>
<status status="NOT RUN" start="2025-09-12T15:57:57.727720" elapsed="0.000201"/>
</branch>
<branch type="ELSE IF" condition="'${metodo}' == 'DELETE'">
<kw name="DELETE On Session" owner="RequestsLibrary">
<msg time="2025-09-12T15:57:57.743766" level="INFO">DELETE Request : url=http://localhost:3000/carrinhos/cancelar-compra 
 path_url=/carrinhos/cancelar-compra 
 headers={'User-Agent': 'python-requests/2.32.5', 'Accept-Encoding': 'gzip, deflate', 'Accept': '*/*', 'Connection': 'keep-alive', 'Authorization': 'Bearer eyJhbGciOiJIUzI1NiIsInR5cCI6IkpXVCJ9.eyJlbWFpbCI6ImNhcnJpbmhvMjAyNTA5MTIxNTU3NTdAZW1wcmVzYS5jb20iLCJwYXNzd29yZCI6IjEyMzQ1IiwiaWF0IjoxNzU3NzAzNDc3LCJleHAiOjE3NTc3MDQwNzd9.h1fSldEeq_Y12HgF0_886AWv5eW7RTjCouGcrG0cT38', 'Content-Length': '0'} 
 body=None 
 </msg>
<msg time="2025-09-12T15:57:57.743895" level="INFO">DELETE Response : url=http://localhost:3000/carrinhos/cancelar-compra 
 status=200, reason=OK 
 headers={'Access-Control-Allow-Origin': '*', 'x-dns-prefetch-control': 'off', 'x-frame-options': 'SAMEORIGIN', 'strict-transport-security': 'max-age=15552000; includeSubDomains', 'x-download-options': 'noopen', 'x-content-type-options': 'nosniff', 'x-xss-protection': '1; mode=block', 'Content-Type': 'application/json; charset=utf-8', 'Content-Length': '86', 'Date': 'Fri, 12 Sep 2025 18:57:57 GMT', 'Connection': 'keep-alive', 'Keep-Alive': 'timeout=5'} 
 body={
    "message": "Registro excluído com sucesso. Estoque dos produtos reabastecido"
} 
 </msg>
<msg time="2025-09-12T15:57:57.744105" level="INFO">${response} = &lt;Response [200]&gt;</msg>
<var>${response}</var>
<arg>serverest</arg>
<arg>${endpoint}</arg>
<arg>headers=${headers}</arg>
<arg>expected_status=any</arg>
<doc>Sends a DELETE request on a previously created HTTP Session.</doc>
<status status="PASS" start="2025-09-12T15:57:57.728078" elapsed="0.016066"/>
</kw>
<status status="PASS" start="2025-09-12T15:57:57.727941" elapsed="0.016288"/>
</branch>
<status status="PASS" start="2025-09-12T15:57:57.727149" elapsed="0.017158"/>
</if>
<return>
<value>${response}</value>
<status status="PASS" start="2025-09-12T15:57:57.744371" elapsed="0.000058"/>
</return>
<msg time="2025-09-12T15:57:57.744603" level="INFO">${response} = &lt;Response [200]&gt;</msg>
<var>${response}</var>
<arg>DELETE</arg>
<arg>/carrinhos/cancelar-compra</arg>
<arg>${EMPTY}</arg>
<arg>${headers}</arg>
<doc>Keyword reutilizável para fazer requisições HTTP na API</doc>
<status status="PASS" start="2025-09-12T15:57:57.725591" elapsed="0.019038"/>
</kw>
<kw name="Should Be Equal As Numbers" owner="BuiltIn">
<msg time="2025-09-12T15:57:57.745305" level="INFO">Argument types are:
&lt;class 'int'&gt;
&lt;class 'str'&gt;</msg>
<arg>${response.status_code}</arg>
<arg>200</arg>
<doc>Fails if objects are unequal after converting them to real numbers.</doc>
<status status="PASS" start="2025-09-12T15:57:57.744898" elapsed="0.000498"/>
</kw>
<kw name="Should Be Equal" owner="BuiltIn">
<arg>${response.json()}[message]</arg>
<arg>Registro excluído com sucesso. Estoque dos produtos reabastecido</arg>
<doc>Fails if the given objects are unequal.</doc>
<status status="PASS" start="2025-09-12T15:57:57.745862" elapsed="0.000500"/>
</kw>
<status status="PASS" start="2025-09-12T15:57:57.724525" elapsed="0.022716"/>
</test>
<test id="s1-s1-t10" name="Teste DELETE Cancelar Compra Sem Token" line="96">
<kw name="Fazer Requisicao API" owner="api">
<kw name="Create Session" owner="RequestsLibrary">
<msg time="2025-09-12T15:57:57.749404" level="INFO">Creating Session using : alias=serverest, url=http://localhost:3000, headers={},                     cookies={}, auth=None, timeout=None, proxies=None, verify=False,                     debug=0 </msg>
<arg>serverest</arg>
<arg>${BASE_URL}</arg>
<doc>Create Session: create a HTTP session to a server</doc>
<status status="PASS" start="2025-09-12T15:57:57.749253" elapsed="0.000286"/>
</kw>
<if>
<branch type="IF" condition="'${metodo}' == 'GET'">
<kw name="GET On Session" owner="RequestsLibrary">
<var>${response}</var>
<arg>serverest</arg>
<arg>${endpoint}</arg>
<arg>headers=${headers}</arg>
<arg>expected_status=any</arg>
<doc>Sends a GET request on a previously created HTTP Session.</doc>
<status status="NOT RUN" start="2025-09-12T15:57:57.749861" elapsed="0.000022"/>
</kw>
<status status="NOT RUN" start="2025-09-12T15:57:57.749627" elapsed="0.000298"/>
</branch>
<branch type="ELSE IF" condition="'${metodo}' == 'POST'">
<kw name="POST On Session" owner="RequestsLibrary">
<var>${response}</var>
<arg>serverest</arg>
<arg>${endpoint}</arg>
<arg>json=${dados}</arg>
<arg>headers=${headers}</arg>
<arg>expected_status=any</arg>
<doc>Sends a POST request on a previously created HTTP Session.</doc>
<status status="NOT RUN" start="2025-09-12T15:57:57.750118" elapsed="0.000018"/>
</kw>
<status status="NOT RUN" start="2025-09-12T15:57:57.749948" elapsed="0.000231"/>
</branch>
<branch type="ELSE IF" condition="'${metodo}' == 'PUT'">
<kw name="PUT On Session" owner="RequestsLibrary">
<var>${response}</var>
<arg>serverest</arg>
<arg>${endpoint}</arg>
<arg>json=${dados}</arg>
<arg>headers=${headers}</arg>
<arg>expected_status=any</arg>
<doc>Sends a PUT request on a previously created HTTP Session.</doc>
<status status="NOT RUN" start="2025-09-12T15:57:57.750346" elapsed="0.000030"/>
</kw>
<status status="NOT RUN" start="2025-09-12T15:57:57.750200" elapsed="0.000215"/>
</branch>
<branch type="ELSE IF" condition="'${metodo}' == 'DELETE'">
<kw name="DELETE On Session" owner="RequestsLibrary">
<msg time="2025-09-12T15:57:57.756028" level="INFO">DELETE Request : url=http://localhost:3000/carrinhos/cancelar-compra 
 path_url=/carrinhos/cancelar-compra 
 headers={'Content-Length': '0'} 
 body=None 
 </msg>
<msg time="2025-09-12T15:57:57.756189" level="INFO">DELETE Response : url=http://localhost:3000/carrinhos/cancelar-compra 
 status=401, reason=Unauthorized 
 headers={'Access-Control-Allow-Origin': '*', 'x-dns-prefetch-control': 'off', 'x-frame-options': 'SAMEORIGIN', 'strict-transport-security': 'max-age=15552000; includeSubDomains', 'x-download-options': 'noopen', 'x-content-type-options': 'nosniff', 'x-xss-protection': '1; mode=block', 'Content-Type': 'application/json; charset=utf-8', 'Content-Length': '103', 'Date': 'Fri, 12 Sep 2025 18:57:57 GMT', 'Connection': 'keep-alive', 'Keep-Alive': 'timeout=5'} 
 body={
    "message": "Token de acesso ausente, inválido, expirado ou usuário do token não existe mais"
} 
 </msg>
<msg time="2025-09-12T15:57:57.756320" level="INFO">${response} = &lt;Response [401]&gt;</msg>
<var>${response}</var>
<arg>serverest</arg>
<arg>${endpoint}</arg>
<arg>headers=${headers}</arg>
<arg>expected_status=any</arg>
<doc>Sends a DELETE request on a previously created HTTP Session.</doc>
<status status="PASS" start="2025-09-12T15:57:57.750579" elapsed="0.005769"/>
</kw>
<status status="PASS" start="2025-09-12T15:57:57.750435" elapsed="0.005968"/>
</branch>
<status status="PASS" start="2025-09-12T15:57:57.749606" elapsed="0.006829"/>
</if>
<return>
<value>${response}</value>
<status status="PASS" start="2025-09-12T15:57:57.756479" elapsed="0.000040"/>
</return>
<msg time="2025-09-12T15:57:57.756670" level="INFO">${response} = &lt;Response [401]&gt;</msg>
<var>${response}</var>
<arg>DELETE</arg>
<arg>/carrinhos/cancelar-compra</arg>
<doc>Keyword reutilizável para fazer requisições HTTP na API</doc>
<status status="PASS" start="2025-09-12T15:57:57.748407" elapsed="0.008287"/>
</kw>
<kw name="Should Be Equal As Numbers" owner="BuiltIn">
<msg time="2025-09-12T15:57:57.757315" level="INFO">Argument types are:
&lt;class 'int'&gt;
&lt;class 'str'&gt;</msg>
<arg>${response.status_code}</arg>
<arg>401</arg>
<doc>Fails if objects are unequal after converting them to real numbers.</doc>
<status status="PASS" start="2025-09-12T15:57:57.756939" elapsed="0.000435"/>
</kw>
<kw name="Should Be Equal" owner="BuiltIn">
<arg>${response.json()}[message]</arg>
<arg>Token de acesso ausente, inválido, expirado ou usuário do token não existe mais</arg>
<doc>Fails if the given objects are unequal.</doc>
<status status="PASS" start="2025-09-12T15:57:57.757562" elapsed="0.000411"/>
</kw>
<status status="PASS" start="2025-09-12T15:57:57.747878" elapsed="0.010287"/>
</test>
<test id="s1-s1-t11" name="Teste DELETE Cancelar Compra Sem Carrinho" line="102">
<kw name="Create Dictionary" owner="BuiltIn">
<msg time="2025-09-12T15:57:57.759156" level="INFO">${headers} = {'Authorization': 'Bearer eyJhbGciOiJIUzI1NiIsInR5cCI6IkpXVCJ9.eyJlbWFpbCI6ImNhcnJpbmhvMjAyNTA5MTIxNTU3NTdAZW1wcmVzYS5jb20iLCJwYXNzd29yZCI6IjEyMzQ1IiwiaWF0IjoxNzU3NzAzNDc3LCJleHAiOjE3NTc3MDQwNzd9.h1fS...</msg>
<var>${headers}</var>
<arg>Authorization=${TOKEN_AUTH}</arg>
<doc>Creates and returns a dictionary based on the given ``items``.</doc>
<status status="PASS" start="2025-09-12T15:57:57.758919" elapsed="0.000267"/>
</kw>
<kw name="Fazer Requisicao API" owner="api">
<kw name="Create Session" owner="RequestsLibrary">
<msg time="2025-09-12T15:57:57.760190" level="INFO">Creating Session using : alias=serverest, url=http://localhost:3000, headers={},                     cookies={}, auth=None, timeout=None, proxies=None, verify=False,                     debug=0 </msg>
<arg>serverest</arg>
<arg>${BASE_URL}</arg>
<doc>Create Session: create a HTTP session to a server</doc>
<status status="PASS" start="2025-09-12T15:57:57.760074" elapsed="0.000251"/>
</kw>
<if>
<branch type="IF" condition="'${metodo}' == 'GET'">
<kw name="GET On Session" owner="RequestsLibrary">
<var>${response}</var>
<arg>serverest</arg>
<arg>${endpoint}</arg>
<arg>headers=${headers}</arg>
<arg>expected_status=any</arg>
<doc>Sends a GET request on a previously created HTTP Session.</doc>
<status status="NOT RUN" start="2025-09-12T15:57:57.760565" elapsed="0.000029"/>
</kw>
<status status="NOT RUN" start="2025-09-12T15:57:57.760403" elapsed="0.000230"/>
</branch>
<branch type="ELSE IF" condition="'${metodo}' == 'POST'">
<kw name="POST On Session" owner="RequestsLibrary">
<var>${response}</var>
<arg>serverest</arg>
<arg>${endpoint}</arg>
<arg>json=${dados}</arg>
<arg>headers=${headers}</arg>
<arg>expected_status=any</arg>
<doc>Sends a POST request on a previously created HTTP Session.</doc>
<status status="NOT RUN" start="2025-09-12T15:57:57.760794" elapsed="0.000016"/>
</kw>
<status status="NOT RUN" start="2025-09-12T15:57:57.760655" elapsed="0.000194"/>
</branch>
<branch type="ELSE IF" condition="'${metodo}' == 'PUT'">
<kw name="PUT On Session" owner="RequestsLibrary">
<var>${response}</var>
<arg>serverest</arg>
<arg>${endpoint}</arg>
<arg>json=${dados}</arg>
<arg>headers=${headers}</arg>
<arg>expected_status=any</arg>
<doc>Sends a PUT request on a previously created HTTP Session.</doc>
<status status="NOT RUN" start="2025-09-12T15:57:57.761023" elapsed="0.000017"/>
</kw>
<status status="NOT RUN" start="2025-09-12T15:57:57.760869" elapsed="0.000208"/>
</branch>
<branch type="ELSE IF" condition="'${metodo}' == 'DELETE'">
<kw name="DELETE On Session" owner="RequestsLibrary">
<msg time="2025-09-12T15:57:57.767352" level="INFO">DELETE Request : url=http://localhost:3000/carrinhos/cancelar-compra 
 path_url=/carrinhos/cancelar-compra 
 headers={'User-Agent': 'python-requests/2.32.5', 'Accept-Encoding': 'gzip, deflate', 'Accept': '*/*', 'Connection': 'keep-alive', 'Authorization': 'Bearer eyJhbGciOiJIUzI1NiIsInR5cCI6IkpXVCJ9.eyJlbWFpbCI6ImNhcnJpbmhvMjAyNTA5MTIxNTU3NTdAZW1wcmVzYS5jb20iLCJwYXNzd29yZCI6IjEyMzQ1IiwiaWF0IjoxNzU3NzAzNDc3LCJleHAiOjE3NTc3MDQwNzd9.h1fSldEeq_Y12HgF0_886AWv5eW7RTjCouGcrG0cT38', 'Content-Length': '0'} 
 body=None 
 </msg>
<msg time="2025-09-12T15:57:57.767443" level="INFO">DELETE Response : url=http://localhost:3000/carrinhos/cancelar-compra 
 status=200, reason=OK 
 headers={'Access-Control-Allow-Origin': '*', 'x-dns-prefetch-control': 'off', 'x-frame-options': 'SAMEORIGIN', 'strict-transport-security': 'max-age=15552000; includeSubDomains', 'x-download-options': 'noopen', 'x-content-type-options': 'nosniff', 'x-xss-protection': '1; mode=block', 'Content-Type': 'application/json; charset=utf-8', 'Content-Length': '68', 'Date': 'Fri, 12 Sep 2025 18:57:57 GMT', 'Connection': 'keep-alive', 'Keep-Alive': 'timeout=5'} 
 body={
    "message": "Não foi encontrado carrinho para esse usuário"
} 
 </msg>
<msg time="2025-09-12T15:57:57.767562" level="INFO">${response} = &lt;Response [200]&gt;</msg>
<var>${response}</var>
<arg>serverest</arg>
<arg>${endpoint}</arg>
<arg>headers=${headers}</arg>
<arg>expected_status=any</arg>
<doc>Sends a DELETE request on a previously created HTTP Session.</doc>
<status status="PASS" start="2025-09-12T15:57:57.761242" elapsed="0.006345"/>
</kw>
<status status="PASS" start="2025-09-12T15:57:57.761097" elapsed="0.006546"/>
</branch>
<status status="PASS" start="2025-09-12T15:57:57.760384" elapsed="0.007289"/>
</if>
<return>
<value>${response}</value>
<status status="PASS" start="2025-09-12T15:57:57.767716" elapsed="0.000038"/>
</return>
<msg time="2025-09-12T15:57:57.767984" level="INFO">${response} = &lt;Response [200]&gt;</msg>
<var>${response}</var>
<arg>DELETE</arg>
<arg>/carrinhos/cancelar-compra</arg>
<arg>${EMPTY}</arg>
<arg>${headers}</arg>
<doc>Keyword reutilizável para fazer requisições HTTP na API</doc>
<status status="PASS" start="2025-09-12T15:57:57.759498" elapsed="0.008517"/>
</kw>
<kw name="Should Be Equal As Numbers" owner="BuiltIn">
<msg time="2025-09-12T15:57:57.768776" level="INFO">Argument types are:
&lt;class 'int'&gt;
&lt;class 'str'&gt;</msg>
<arg>${response.status_code}</arg>
<arg>200</arg>
<doc>Fails if objects are unequal after converting them to real numbers.</doc>
<status status="PASS" start="2025-09-12T15:57:57.768294" elapsed="0.000546"/>
</kw>
<kw name="Should Be Equal" owner="BuiltIn">
<arg>${response.json()}[message]</arg>
<arg>Não foi encontrado carrinho para esse usuário</arg>
<doc>Fails if the given objects are unequal.</doc>
<status status="PASS" start="2025-09-12T15:57:57.769128" elapsed="0.000508"/>
</kw>
<status status="PASS" start="2025-09-12T15:57:57.758557" elapsed="0.011348"/>
</test>
<test id="s1-s1-t12" name="Criar Novo Carrinho Para Concluir" line="109">
<kw name="Create Dictionary" owner="BuiltIn">
<msg time="2025-09-12T15:57:57.770906" level="INFO">${headers} = {'Authorization': 'Bearer eyJhbGciOiJIUzI1NiIsInR5cCI6IkpXVCJ9.eyJlbWFpbCI6ImNhcnJpbmhvMjAyNTA5MTIxNTU3NTdAZW1wcmVzYS5jb20iLCJwYXNzd29yZCI6IjEyMzQ1IiwiaWF0IjoxNzU3NzAzNDc3LCJleHAiOjE3NTc3MDQwNzd9.h1fS...</msg>
<var>${headers}</var>
<arg>Authorization=${TOKEN_AUTH}</arg>
<doc>Creates and returns a dictionary based on the given ``items``.</doc>
<status status="PASS" start="2025-09-12T15:57:57.770669" elapsed="0.000268"/>
</kw>
<kw name="Create Dictionary" owner="BuiltIn">
<msg time="2025-09-12T15:57:57.771337" level="INFO">${produto} = {'idProduto': 'C2BJLLWotHZTzFEj', 'quantidade': '1'}</msg>
<var>${produto}</var>
<arg>idProduto=${ID_PRODUTO}</arg>
<arg>quantidade=1</arg>
<doc>Creates and returns a dictionary based on the given ``items``.</doc>
<status status="PASS" start="2025-09-12T15:57:57.771127" elapsed="0.000236"/>
</kw>
<kw name="Create List" owner="BuiltIn">
<msg time="2025-09-12T15:57:57.771716" level="INFO">${produtos} = [{'idProduto': 'C2BJLLWotHZTzFEj', 'quantidade': '1'}]</msg>
<var>${produtos}</var>
<arg>${produto}</arg>
<doc>Returns a list containing given items.</doc>
<status status="PASS" start="2025-09-12T15:57:57.771563" elapsed="0.000177"/>
</kw>
<kw name="Create Dictionary" owner="BuiltIn">
<msg time="2025-09-12T15:57:57.772100" level="INFO">${dados} = {'produtos': [{'idProduto': 'C2BJLLWotHZTzFEj', 'quantidade': '1'}]}</msg>
<var>${dados}</var>
<arg>produtos=${produtos}</arg>
<doc>Creates and returns a dictionary based on the given ``items``.</doc>
<status status="PASS" start="2025-09-12T15:57:57.771915" elapsed="0.000209"/>
</kw>
<kw name="Fazer Requisicao API" owner="api">
<kw name="Create Session" owner="RequestsLibrary">
<msg time="2025-09-12T15:57:57.772832" level="INFO">Creating Session using : alias=serverest, url=http://localhost:3000, headers={},                     cookies={}, auth=None, timeout=None, proxies=None, verify=False,                     debug=0 </msg>
<arg>serverest</arg>
<arg>${BASE_URL}</arg>
<doc>Create Session: create a HTTP session to a server</doc>
<status status="PASS" start="2025-09-12T15:57:57.772723" elapsed="0.000231"/>
</kw>
<if>
<branch type="IF" condition="'${metodo}' == 'GET'">
<kw name="GET On Session" owner="RequestsLibrary">
<var>${response}</var>
<arg>serverest</arg>
<arg>${endpoint}</arg>
<arg>headers=${headers}</arg>
<arg>expected_status=any</arg>
<doc>Sends a GET request on a previously created HTTP Session.</doc>
<status status="NOT RUN" start="2025-09-12T15:57:57.773208" elapsed="0.000018"/>
</kw>
<status status="NOT RUN" start="2025-09-12T15:57:57.773042" elapsed="0.000221"/>
</branch>
<branch type="ELSE IF" condition="'${metodo}' == 'POST'">
<kw name="POST On Session" owner="RequestsLibrary">
<msg time="2025-09-12T15:57:57.781870" level="INFO">POST Request : url=http://localhost:3000/carrinhos 
 path_url=/carrinhos 
 headers={'User-Agent': 'python-requests/2.32.5', 'Accept-Encoding': 'gzip, deflate', 'Accept': '*/*', 'Connection': 'keep-alive', 'Authorization': 'Bearer eyJhbGciOiJIUzI1NiIsInR5cCI6IkpXVCJ9.eyJlbWFpbCI6ImNhcnJpbmhvMjAyNTA5MTIxNTU3NTdAZW1wcmVzYS5jb20iLCJwYXNzd29yZCI6IjEyMzQ1IiwiaWF0IjoxNzU3NzAzNDc3LCJleHAiOjE3NTc3MDQwNzd9.h1fSldEeq_Y12HgF0_886AWv5eW7RTjCouGcrG0cT38', 'Content-Length': '68', 'Content-Type': 'application/json'} 
 body=b'{"produtos": [{"idProduto": "C2BJLLWotHZTzFEj", "quantidade": "1"}]}' 
 </msg>
<msg time="2025-09-12T15:57:57.781985" level="INFO">POST Response : url=http://localhost:3000/carrinhos 
 status=201, reason=Created 
 headers={'Access-Control-Allow-Origin': '*', 'x-dns-prefetch-control': 'off', 'x-frame-options': 'SAMEORIGIN', 'strict-transport-security': 'max-age=15552000; includeSubDomains', 'x-download-options': 'noopen', 'x-content-type-options': 'nosniff', 'x-xss-protection': '1; mode=block', 'Content-Type': 'application/json; charset=utf-8', 'Content-Length': '82', 'Date': 'Fri, 12 Sep 2025 18:57:57 GMT', 'Connection': 'keep-alive', 'Keep-Alive': 'timeout=5'} 
 body={
    "message": "Cadastro realizado com sucesso",
    "_id": "f1BC0jg9SRQoAd2J"
} 
 </msg>
<msg time="2025-09-12T15:57:57.782131" level="INFO">${response} = &lt;Response [201]&gt;</msg>
<var>${response}</var>
<arg>serverest</arg>
<arg>${endpoint}</arg>
<arg>json=${dados}</arg>
<arg>headers=${headers}</arg>
<arg>expected_status=any</arg>
<doc>Sends a POST request on a previously created HTTP Session.</doc>
<status status="PASS" start="2025-09-12T15:57:57.773446" elapsed="0.008728"/>
</kw>
<status status="PASS" start="2025-09-12T15:57:57.773287" elapsed="0.008953"/>
</branch>
<branch type="ELSE IF" condition="'${metodo}' == 'PUT'">
<kw name="PUT On Session" owner="RequestsLibrary">
<var>${response}</var>
<arg>serverest</arg>
<arg>${endpoint}</arg>
<arg>json=${dados}</arg>
<arg>headers=${headers}</arg>
<arg>expected_status=any</arg>
<doc>Sends a PUT request on a previously created HTTP Session.</doc>
<status status="NOT RUN" start="2025-09-12T15:57:57.782417" elapsed="0.000024"/>
</kw>
<status status="NOT RUN" start="2025-09-12T15:57:57.782275" elapsed="0.000208"/>
</branch>
<branch type="ELSE IF" condition="'${metodo}' == 'DELETE'">
<kw name="DELETE On Session" owner="RequestsLibrary">
<var>${response}</var>
<arg>serverest</arg>
<arg>${endpoint}</arg>
<arg>headers=${headers}</arg>
<arg>expected_status=any</arg>
<doc>Sends a DELETE request on a previously created HTTP Session.</doc>
<status status="NOT RUN" start="2025-09-12T15:57:57.782601" elapsed="0.000017"/>
</kw>
<status status="NOT RUN" start="2025-09-12T15:57:57.782505" elapsed="0.000147"/>
</branch>
<status status="PASS" start="2025-09-12T15:57:57.773009" elapsed="0.009664"/>
</if>
<return>
<value>${response}</value>
<status status="PASS" start="2025-09-12T15:57:57.782709" elapsed="0.000032"/>
</return>
<msg time="2025-09-12T15:57:57.782876" level="INFO">${response} = &lt;Response [201]&gt;</msg>
<var>${response}</var>
<arg>POST</arg>
<arg>/carrinhos</arg>
<arg>${dados}</arg>
<arg>${headers}</arg>
<doc>Keyword reutilizável para fazer requisições HTTP na API</doc>
<status status="PASS" start="2025-09-12T15:57:57.772416" elapsed="0.010484"/>
</kw>
<kw name="Should Be Equal As Numbers" owner="BuiltIn">
<msg time="2025-09-12T15:57:57.783527" level="INFO">Argument types are:
&lt;class 'int'&gt;
&lt;class 'str'&gt;</msg>
<arg>${response.status_code}</arg>
<arg>201</arg>
<doc>Fails if objects are unequal after converting them to real numbers.</doc>
<status status="PASS" start="2025-09-12T15:57:57.783125" elapsed="0.000480"/>
</kw>
[...]
<kw name="Should Be Equal As Numbers" owner="BuiltIn">
<msg time="2025-09-12T15:57:58.279187" level="INFO">Argument types are:
&lt;class 'int'&gt;
&lt;class 'str'&gt;</msg>
<arg>${response3.status_code}</arg>
<arg>400</arg>
<doc>Fails if objects are unequal after converting them to real numbers.</doc>
<status status="PASS" start="2025-09-12T15:57:58.278734" elapsed="0.000512"/>
</kw>
<kw name="Should Be Equal" owner="BuiltIn">
<arg>${response3.json()}[message]</arg>
<arg>Este email já está sendo usado</arg>
<doc>Fails if the given objects are unequal.</doc>
<status status="PASS" start="2025-09-12T15:57:58.279438" elapsed="0.000409"/>
</kw>
<status status="PASS" start="2025-09-12T15:57:58.240479" elapsed="0.039718"/>
</test>
<test id="s1-s4-t8" name="Teste GET Listar Todos Usuarios" line="79">
<kw name="Fazer Requisicao API" owner="api">
<kw name="Create Session" owner="RequestsLibrary">
<msg time="2025-09-12T15:57:58.282001" level="INFO">Creating Session using : alias=serverest, url=http://localhost:3000, headers={},                     cookies={}, auth=None, timeout=None, proxies=None, verify=False,                     debug=0 </msg>
<arg>serverest</arg>
<arg>${BASE_URL}</arg>
<doc>Create Session: create a HTTP session to a server</doc>
<status status="PASS" start="2025-09-12T15:57:58.281870" elapsed="0.000265"/>
</kw>
<if>
<branch type="IF" condition="'${metodo}' == 'GET'">
<kw name="GET On Session" owner="RequestsLibrary">
<msg time="2025-09-12T15:57:58.288297" level="INFO">GET Request : url=http://localhost:3000/usuarios 
 path_url=/usuarios 
 headers={} 
 body=None 
 </msg>
<msg time="2025-09-12T15:57:58.288411" level="INFO">GET Response : url=http://localhost:3000/usuarios 
 status=200, reason=OK 
 headers={'Access-Control-Allow-Origin': '*', 'x-dns-prefetch-control': 'off', 'x-frame-options': 'SAMEORIGIN', 'strict-transport-security': 'max-age=15552000; includeSubDomains', 'x-download-options': 'noopen', 'x-content-type-options': 'nosniff', 'x-xss-protection': '1; mode=block', 'Content-Type': 'application/json; charset=utf-8', 'Content-Length': '3581', 'Date': 'Fri, 12 Sep 2025 18:57:58 GMT', 'Connection': 'keep-alive', 'Keep-Alive': 'timeout=5'} 
 body={
    "quantidade": 16,
    "usuarios": [
        {
            "nome": "Fulano da Silva",
            "email": "fulano@qa.com",
            "password": "teste",
            "administrador": "true",
            "_id": "0uxuPY0cbmQhpEz1"
        },
        {
            "nome": "Admin Produtos",
            "email": "admin20250912155702@empresa.com",
            "password": "12345",
            "administrador": "true",
            "_id": "1JVtWscHTiDpGoGC"
        },
        {
            "nome": "Usuario Atualizado",
            "email": "atualizado20250912155758@empresa.com",
            "password": "54321",
            "administrador": "false",
            "_id": "39EHlzcgqmzpGwti"
        },
        {
            "nome": "Usuario Login",
            "email": "login20250912155702@empresa.com",
            "password": "12345",
            "administrador": "true",
            "_id": "4oGXiMA389jIvpmi"
        },
        {
            "nome": "Admin Produtos",
            "email": "admin20250912155757@empresa.com",
            "password": "12345",
            "administrador": "true",
            "_id": "8HkMbsT1ghYN2Wcf"
        },
        {
            "nome": "Usuario 2",
            "email": "user220250912155758@empresa.com",
            "password": "12345",
            "administrador": "true",
            "_id": "8sO7XVL3JUWizwYO"
        },
        {
            "nome": "Admin Carrinho",
            "email": "carrinho20250912155757@empresa.com",
            "password": "12345",
            "administrador": "true",
            "_id": "CRziCavlPsBXacZW"
        },
        {
            "nome": "Usuario Login",
            "email": "login20250912155757@empresa.com",
            "password": "12345",
            "administrador": "true",
            "_id": "Mbrn6BujiHdIxviF"
        },
        {
            "nome": "Usuario 2",
            "email": "user220250912155703@empresa.com",
            "password": "12345",
            "administrador": "true",
            "_id": "OYbUb1dfUIG7n4Op"
        },
        {
            "nome": "Usuario Dup",
            "email": "dup20250912155703@empresa.com",
            "password": "12345",
            "administrador": "true",
            "_id": "QyCTLLIYUyNCKZQr"
        },
        {
            "nome": "Admin Carrinho",
            "email": "carrinho20250912155702@empresa.com",
            "password": "12345",
            "administrador": "true",
            "_id": "Sf9H2gUsXAcyS0JF"
        },
        {
            "nome": "Usuario 1",
            "email": "user120250912155758@empresa.com",
            "password": "12345",
            "administrador": "true",
            "_id": "Ug2DNcs8B5lM2l93"
        },
        {
            "nome": "Usuario 1",
            "email": "user120250912155703@empresa.com",
            "password": "12345",
            "administrador": "true",
            "_id": "YcfICFLYpsOg3Skr"
        },
        {
            "nome": "Usuario Dup",
            "email": "dup20250912155758@empresa.com",
            "password": "12345",
            "administrador": "true",
            "_id": "akkV8tK75lcm1bjw"
        },
        {
            "nome": "Usuario Teste",
            "email": "teste20250912155758@empresa.com",
            "password": "12345",
            "administrador": "true",
            "_id": "o1Y4QkYwh2zcyW7T"
        },
        {
            "nome": "Usuario Teste",
            "email": "teste20250912155703@empresa.com",
            "password": "12345",
            "administrador": "true",
            "_id": "tBLGMtWkqFJ7D0xs"
        }
    ]
} 
 </msg>
<msg time="2025-09-12T15:57:58.288650" level="INFO">${response} = &lt;Response [200]&gt;</msg>
<var>${response}</var>
<arg>serverest</arg>
<arg>${endpoint}</arg>
<arg>headers=${headers}</arg>
<arg>expected_status=any</arg>
<doc>Sends a GET request on a previously created HTTP Session.</doc>
<status status="PASS" start="2025-09-12T15:57:58.282382" elapsed="0.006298"/>
</kw>
<status status="PASS" start="2025-09-12T15:57:58.282210" elapsed="0.006607"/>
</branch>
<branch type="ELSE IF" condition="'${metodo}' == 'POST'">
<kw name="POST On Session" owner="RequestsLibrary">
<var>${response}</var>
<arg>serverest</arg>
<arg>${endpoint}</arg>
<arg>json=${dados}</arg>
<arg>headers=${headers}</arg>
<arg>expected_status=any</arg>
<doc>Sends a POST request on a previously created HTTP Session.</doc>
<status status="NOT RUN" start="2025-09-12T15:57:58.289017" elapsed="0.000022"/>
</kw>
<status status="NOT RUN" start="2025-09-12T15:57:58.288867" elapsed="0.000226"/>
</branch>
<branch type="ELSE IF" condition="'${metodo}' == 'PUT'">
<kw name="PUT On Session" owner="RequestsLibrary">
<var>${response}</var>
<arg>serverest</arg>
<arg>${endpoint}</arg>
<arg>json=${dados}</arg>
<arg>headers=${headers}</arg>
<arg>expected_status=any</arg>
<doc>Sends a PUT request on a previously created HTTP Session.</doc>
<status status="NOT RUN" start="2025-09-12T15:57:58.289208" elapsed="0.000017"/>
</kw>
<status status="NOT RUN" start="2025-09-12T15:57:58.289118" elapsed="0.000144"/>
</branch>
<branch type="ELSE IF" condition="'${metodo}' == 'DELETE'">
<kw name="DELETE On Session" owner="RequestsLibrary">
<var>${response}</var>
<arg>serverest</arg>
<arg>${endpoint}</arg>
<arg>headers=${headers}</arg>
<arg>expected_status=any</arg>
<doc>Sends a DELETE request on a previously created HTTP Session.</doc>
<status status="NOT RUN" start="2025-09-12T15:57:58.289397" elapsed="0.000033"/>
</kw>
<status status="NOT RUN" start="2025-09-12T15:57:58.289282" elapsed="0.000206"/>
</branch>
<status status="PASS" start="2025-09-12T15:57:58.282192" elapsed="0.007326"/>
</if>
<return>
<value>${response}</value>
<status status="PASS" start="2025-09-12T15:57:58.289565" elapsed="0.000036"/>
</return>
<msg time="2025-09-12T15:57:58.289766" level="INFO">${response} = &lt;Response [200]&gt;</msg>
<var>${response}</var>
<arg>GET</arg>
<arg>/usuarios</arg>
<doc>Keyword reutilizável para fazer requisições HTTP na API</doc>
<status status="PASS" start="2025-09-12T15:57:58.281107" elapsed="0.008685"/>
</kw>
<kw name="Should Be Equal As Numbers" owner="BuiltIn">
<msg time="2025-09-12T15:57:58.290467" level="INFO">Argument types are:
&lt;class 'int'&gt;
&lt;class 'str'&gt;</msg>
<arg>${response.status_code}</arg>
<arg>200</arg>
<doc>Fails if objects are unequal after converting them to real numbers.</doc>
<status status="PASS" start="2025-09-12T15:57:58.290052" elapsed="0.000475"/>
</kw>
<kw name="Should Contain" owner="BuiltIn">
<arg>${response.json()}</arg>
<arg>usuarios</arg>
<doc>Fails if ``container`` does not contain ``item`` one or more times.</doc>
<status status="PASS" start="2025-09-12T15:57:58.290755" elapsed="0.000428"/>
</kw>
<kw name="Should Contain" owner="BuiltIn">
<arg>${response.json()}</arg>
<arg>quantidade</arg>
<doc>Fails if ``container`` does not contain ``item`` one or more times.</doc>
<status status="PASS" start="2025-09-12T15:57:58.291400" elapsed="0.000380"/>
</kw>
<status status="PASS" start="2025-09-12T15:57:58.280656" elapsed="0.011374"/>
</test>
<test id="s1-s4-t9" name="Teste DELETE Usuario Sucesso" line="86">
<kw name="Fazer Requisicao API" owner="api">
<kw name="Create Session" owner="RequestsLibrary">
<msg time="2025-09-12T15:57:58.294312" level="INFO">Creating Session using : alias=serverest, url=http://localhost:3000, headers={},                     cookies={}, auth=None, timeout=None, proxies=None, verify=False,                     debug=0 </msg>
<arg>serverest</arg>
<arg>${BASE_URL}</arg>
<doc>Create Session: create a HTTP session to a server</doc>
<status status="PASS" start="2025-09-12T15:57:58.294179" elapsed="0.000278"/>
</kw>
<if>
<branch type="IF" condition="'${metodo}' == 'GET'">
<kw name="GET On Session" owner="RequestsLibrary">
<var>${response}</var>
<arg>serverest</arg>
<arg>${endpoint}</arg>
<arg>headers=${headers}</arg>
<arg>expected_status=any</arg>
<doc>Sends a GET request on a previously created HTTP Session.</doc>
<status status="NOT RUN" start="2025-09-12T15:57:58.294728" elapsed="0.000020"/>
</kw>
<status status="NOT RUN" start="2025-09-12T15:57:58.294541" elapsed="0.000261"/>
</branch>
<branch type="ELSE IF" condition="'${metodo}' == 'POST'">
<kw name="POST On Session" owner="RequestsLibrary">
<var>${response}</var>
<arg>serverest</arg>
<arg>${endpoint}</arg>
<arg>json=${dados}</arg>
<arg>headers=${headers}</arg>
<arg>expected_status=any</arg>
<doc>Sends a POST request on a previously created HTTP Session.</doc>
<status status="NOT RUN" start="2025-09-12T15:57:58.294978" elapsed="0.000018"/>
</kw>
<status status="NOT RUN" start="2025-09-12T15:57:58.294827" elapsed="0.000212"/>
</branch>
<branch type="ELSE IF" condition="'${metodo}' == 'PUT'">
<kw name="PUT On Session" owner="RequestsLibrary">
<var>${response}</var>
<arg>serverest</arg>
<arg>${endpoint}</arg>
<arg>json=${dados}</arg>
<arg>headers=${headers}</arg>
<arg>expected_status=any</arg>
<doc>Sends a PUT request on a previously created HTTP Session.</doc>
<status status="NOT RUN" start="2025-09-12T15:57:58.295228" elapsed="0.000018"/>
</kw>
<status status="NOT RUN" start="2025-09-12T15:57:58.295061" elapsed="0.000226"/>
</branch>
<branch type="ELSE IF" condition="'${metodo}' == 'DELETE'">
<kw name="DELETE On Session" owner="RequestsLibrary">
<msg time="2025-09-12T15:57:58.301126" level="INFO">DELETE Request : url=http://localhost:3000/usuarios/39EHlzcgqmzpGwti 
 path_url=/usuarios/39EHlzcgqmzpGwti 
 headers={'Content-Length': '0'} 
 body=None 
 </msg>
<msg time="2025-09-12T15:57:58.301207" level="INFO">DELETE Response : url=http://localhost:3000/usuarios/39EHlzcgqmzpGwti 
 status=200, reason=OK 
 headers={'Access-Control-Allow-Origin': '*', 'x-dns-prefetch-control': 'off', 'x-frame-options': 'SAMEORIGIN', 'strict-transport-security': 'max-age=15552000; includeSubDomains', 'x-download-options': 'noopen', 'x-content-type-options': 'nosniff', 'x-xss-protection': '1; mode=block', 'Content-Type': 'application/json; charset=utf-8', 'Content-Length': '51', 'Date': 'Fri, 12 Sep 2025 18:57:58 GMT', 'Connection': 'keep-alive', 'Keep-Alive': 'timeout=5'} 
 body={
    "message": "Registro excluído com sucesso"
} 
 </msg>
<msg time="2025-09-12T15:57:58.301399" level="INFO">${response} = &lt;Response [200]&gt;</msg>
<var>${response}</var>
<arg>serverest</arg>
<arg>${endpoint}</arg>
<arg>headers=${headers}</arg>
<arg>expected_status=any</arg>
<doc>Sends a DELETE request on a previously created HTTP Session.</doc>
<status status="PASS" start="2025-09-12T15:57:58.295466" elapsed="0.005972"/>
</kw>
<status status="PASS" start="2025-09-12T15:57:58.295309" elapsed="0.006199"/>
</branch>
<status status="PASS" start="2025-09-12T15:57:58.294522" elapsed="0.007021"/>
</if>
<return>
<value>${response}</value>
<status status="PASS" start="2025-09-12T15:57:58.301597" elapsed="0.000045"/>
</return>
<msg time="2025-09-12T15:57:58.301830" level="INFO">${response} = &lt;Response [200]&gt;</msg>
<var>${response}</var>
<arg>DELETE</arg>
<arg>/usuarios/${ID_USUARIO}</arg>
<doc>Keyword reutilizável para fazer requisições HTTP na API</doc>
<status status="PASS" start="2025-09-12T15:57:58.293192" elapsed="0.008667"/>
</kw>
<kw name="Should Be Equal As Numbers" owner="BuiltIn">
<msg time="2025-09-12T15:57:58.302829" level="INFO">Argument types are:
&lt;class 'int'&gt;
&lt;class 'str'&gt;</msg>
<arg>${response.status_code}</arg>
<arg>200</arg>
<doc>Fails if objects are unequal after converting them to real numbers.</doc>
<status status="PASS" start="2025-09-12T15:57:58.302212" elapsed="0.000808"/>
</kw>
<kw name="Should Be Equal" owner="BuiltIn">
<arg>${response.json()}[message]</arg>
<arg>Registro excluído com sucesso</arg>
<doc>Fails if the given objects are unequal.</doc>
<status status="PASS" start="2025-09-12T15:57:58.303477" elapsed="0.000618"/>
</kw>
<status status="PASS" start="2025-09-12T15:57:58.292658" elapsed="0.011688"/>
</test>
<test id="s1-s4-t10" name="Teste DELETE Usuario ID Inexistente" line="92">
<kw name="Fazer Requisicao API" owner="api">
<kw name="Create Session" owner="RequestsLibrary">
<msg time="2025-09-12T15:57:58.306301" level="INFO">Creating Session using : alias=serverest, url=http://localhost:3000, headers={},                     cookies={}, auth=None, timeout=None, proxies=None, verify=False,                     debug=0 </msg>
<arg>serverest</arg>
<arg>${BASE_URL}</arg>
<doc>Create Session: create a HTTP session to a server</doc>
<status status="PASS" start="2025-09-12T15:57:58.306148" elapsed="0.000304"/>
</kw>
<if>
<branch type="IF" condition="'${metodo}' == 'GET'">
<kw name="GET On Session" owner="RequestsLibrary">
<var>${response}</var>
<arg>serverest</arg>
<arg>${endpoint}</arg>
<arg>headers=${headers}</arg>
<arg>expected_status=any</arg>
<doc>Sends a GET request on a previously created HTTP Session.</doc>
<status status="NOT RUN" start="2025-09-12T15:57:58.306754" elapsed="0.000020"/>
</kw>
<status status="NOT RUN" start="2025-09-12T15:57:58.306540" elapsed="0.000275"/>
</branch>
<branch type="ELSE IF" condition="'${metodo}' == 'POST'">
<kw name="POST On Session" owner="RequestsLibrary">
<var>${response}</var>
<arg>serverest</arg>
<arg>${endpoint}</arg>
<arg>json=${dados}</arg>
<arg>headers=${headers}</arg>
<arg>expected_status=any</arg>
<doc>Sends a POST request on a previously created HTTP Session.</doc>
<status status="NOT RUN" start="2025-09-12T15:57:58.307000" elapsed="0.000018"/>
</kw>
<status status="NOT RUN" start="2025-09-12T15:57:58.306839" elapsed="0.000218"/>
</branch>
<branch type="ELSE IF" condition="'${metodo}' == 'PUT'">
<kw name="PUT On Session" owner="RequestsLibrary">
<var>${response}</var>
<arg>serverest</arg>
<arg>${endpoint}</arg>
<arg>json=${dados}</arg>
<arg>headers=${headers}</arg>
<arg>expected_status=any</arg>
<doc>Sends a PUT request on a previously created HTTP Session.</doc>
<status status="NOT RUN" start="2025-09-12T15:57:58.307219" elapsed="0.000017"/>
</kw>
<status status="NOT RUN" start="2025-09-12T15:57:58.307078" elapsed="0.000208"/>
</branch>
<branch type="ELSE IF" condition="'${metodo}' == 'DELETE'">
<kw name="DELETE On Session" owner="RequestsLibrary">
<msg time="2025-09-12T15:57:58.313218" level="INFO">DELETE Request : url=http://localhost:3000/usuarios/123456789012345678901234 
 path_url=/usuarios/123456789012345678901234 
 headers={'Content-Length': '0'} 
 body=None 
 </msg>
<msg time="2025-09-12T15:57:58.313313" level="INFO">DELETE Response : url=http://localhost:3000/usuarios/123456789012345678901234 
 status=200, reason=OK 
 headers={'Access-Control-Allow-Origin': '*', 'x-dns-prefetch-control': 'off', 'x-frame-options': 'SAMEORIGIN', 'strict-transport-security': 'max-age=15552000; includeSubDomains', 'x-download-options': 'noopen', 'x-content-type-options': 'nosniff', 'x-xss-protection': '1; mode=block', 'Content-Type': 'application/json; charset=utf-8', 'Content-Length': '46', 'Date': 'Fri, 12 Sep 2025 18:57:58 GMT', 'Connection': 'keep-alive', 'Keep-Alive': 'timeout=5'} 
 body={
    "message": "Nenhum registro excluído"
} 
 </msg>
<msg time="2025-09-12T15:57:58.313437" level="INFO">${response} = &lt;Response [200]&gt;</msg>
<var>${response}</var>
<arg>serverest</arg>
<arg>${endpoint}</arg>
<arg>headers=${headers}</arg>
<arg>expected_status=any</arg>
<doc>Sends a DELETE request on a previously created HTTP Session.</doc>
<status status="PASS" start="2025-09-12T15:57:58.307447" elapsed="0.006015"/>
</kw>
<status status="PASS" start="2025-09-12T15:57:58.307309" elapsed="0.006210"/>
</branch>
<status status="PASS" start="2025-09-12T15:57:58.306519" elapsed="0.007029"/>
</if>
<return>
<value>${response}</value>
<status status="PASS" start="2025-09-12T15:57:58.313589" elapsed="0.000056"/>
</return>
<msg time="2025-09-12T15:57:58.313860" level="INFO">${response} = &lt;Response [200]&gt;</msg>
<var>${response}</var>
<arg>DELETE</arg>
<arg>/usuarios/123456789012345678901234</arg>
<doc>Keyword reutilizável para fazer requisições HTTP na API</doc>
<status status="PASS" start="2025-09-12T15:57:58.305280" elapsed="0.008610"/>
</kw>
<kw name="Should Be Equal As Numbers" owner="BuiltIn">
<msg time="2025-09-12T15:57:58.314692" level="INFO">Argument types are:
&lt;class 'int'&gt;
&lt;class 'str'&gt;</msg>
<arg>${response.status_code}</arg>
<arg>200</arg>
<doc>Fails if objects are unequal after converting them to real numbers.</doc>
<status status="PASS" start="2025-09-12T15:57:58.314261" elapsed="0.000491"/>
</kw>
<kw name="Should Be Equal" owner="BuiltIn">
<arg>${response.json()}[message]</arg>
<arg>Nenhum registro excluído</arg>
<doc>Fails if the given objects are unequal.</doc>
<status status="PASS" start="2025-09-12T15:57:58.314979" elapsed="0.000452"/>
</kw>
<status status="PASS" start="2025-09-12T15:57:58.304745" elapsed="0.010884"/>
</test>
<status status="PASS" start="2025-09-12T15:57:58.140067" elapsed="0.176138"/>
</suite>
<status status="PASS" start="2025-09-12T15:57:57.446201" elapsed="0.871348"/>
</suite>
<statistics>
<total>
<stat pass="43" fail="0" skip="0">All Tests</stat>
</total>
<tag>
</tag>
<suite>
<stat name="Tests" id="s1" pass="43" fail="0" skip="0">Tests</stat>
<stat name="Carrinhos" id="s1-s1" pass="15" fail="0" skip="0">Tests.Carrinhos</stat>
<stat name="Login" id="s1-s2" pass="4" fail="0" skip="0">Tests.Login</stat>
<stat name="Produtos" id="s1-s3" pass="14" fail="0" skip="0">Tests.Produtos</stat>
<stat name="Usuarios" id="s1-s4" pass="10" fail="0" skip="0">Tests.Usuarios</stat>
</suite>
</statistics>
<errors>
<msg time="2025-09-12T15:57:58.143422" level="WARN">Error in file 'C:\Users\Bruno Calazans\Documents\Compass\Testes Robot\Sprint 6\Semana 12\Challenge 03\testes automatizados serverest com robot\keywords\usuario.robot' on line 13: The '[Return]' setting is deprecated. Use the 'RETURN' statement instead.</msg>
</errors>
</robot>
